2024-04-08 18:40:26,764 [INFO] Activator:176 - 


2024-04-08 18:40:26,771 [INFO] Activator:177 - !SESSION log4j initialized
2024-04-08 18:40:36,095 [INFO] LogOutputStream:77 - [STDOUT_REDIRECT] 
2024-04-08 18:40:42,508 [INFO] ApplicationProperties:184 - Using Application install path: C:\ST\STM32CubeIDE_1.14.0\STM32CubeIDE\plugins\com.st.stm32cube.common.mx_6.10.0.202311202037
2024-04-08 18:40:42,531 [INFO] DbMcusXml:78 - Set database path to: C:\ST\STM32CubeIDE_1.14.0\STM32CubeIDE\plugins\com.st.stm32cube.common.mx_6.10.0.202311202037\\db\/mcu/
2024-04-08 18:40:42,532 [INFO] ApiDb:274 - Set plugin database path to: C:\ST\STM32CubeIDE_1.14.0\STM32CubeIDE\plugins\com.st.stm32cube.common.mx_6.10.0.202311202037\\db\/plugins/boardmanager/
2024-04-08 18:40:42,532 [WARN] ApiDb:259 - Overriding images path with different value:  => C:\ST\STM32CubeIDE_1.14.0\STM32CubeIDE\plugins\com.st.stm32cube.common.mx_6.10.0.202311202037\\db\/plugins/mcufinder/images/
2024-04-08 18:40:42,543 [INFO] ApiDb:250 - Set database path to: C:\Users\User\.stmcufinder\plugins\mcufinder//mcu/
2024-04-08 18:40:42,544 [INFO] DbMcusAds:125 - Set database path to: C:\Users\User\.stmcufinder\plugins\mcufinder//mcu/
2024-04-08 18:40:42,547 [INFO] CrossReferenceDbSqlite:203 - Set database path to: C:\Users\User\.stmcufinder\plugins\mcufinder//mcu/cs/
2024-04-08 18:40:42,696 [INFO] RulesReader:64 - Compatibility file has been processed (297 Rules)
2024-04-08 18:40:42,796 [INFO] DbMcusXml:78 - Set database path to: C:\ST\STM32CubeIDE_1.14.0\STM32CubeIDE\plugins\com.st.stm32cube.common.mx_6.10.0.202311202037\\db\/mcu/
2024-04-08 18:40:42,796 [INFO] ApiDb:274 - Set plugin database path to: C:\ST\STM32CubeIDE_1.14.0\STM32CubeIDE\plugins\com.st.stm32cube.common.mx_6.10.0.202311202037\\db\/plugins/boardmanager/
2024-04-08 18:40:42,796 [INFO] ApiDb:261 - Set plugin images path to: C:\ST\STM32CubeIDE_1.14.0\STM32CubeIDE\plugins\com.st.stm32cube.common.mx_6.10.0.202311202037\\db\/plugins/mcufinder/images/
2024-04-08 18:40:42,797 [WARN] DbFile:41 - Overriding database path with different value: C:\Users\User\.stmcufinder\plugins\mcufinder/ => C:\Users\User\.stmcufinder\plugins\mcufinder
2024-04-08 18:40:42,797 [INFO] ApiDb:250 - Set database path to: C:\Users\User\.stmcufinder\plugins\mcufinder//mcu/
2024-04-08 18:40:42,797 [WARN] DbFile:41 - Overriding database path with different value: C:\Users\User\.stmcufinder\plugins\mcufinder/ => C:\Users\User\.stmcufinder\plugins\mcufinder
2024-04-08 18:40:42,797 [INFO] DbMcusAds:125 - Set database path to: C:\Users\User\.stmcufinder\plugins\mcufinder//mcu/
2024-04-08 18:40:42,797 [WARN] DbFile:41 - Overriding database path with different value: C:\Users\User\.stmcufinder\plugins\mcufinder/ => C:\Users\User\.stmcufinder\plugins\mcufinder
2024-04-08 18:40:42,797 [WARN] DbFile:41 - Overriding database path with different value: C:\Users\User\.stmcufinder\plugins\mcufinder/ => C:\Users\User\.stmcufinder\plugins\mcufinder
2024-04-08 18:40:42,797 [INFO] CrossReferenceDbSqlite:203 - Set database path to: C:\Users\User\.stmcufinder\plugins\mcufinder//mcu/cs/
2024-04-08 18:40:42,881 [INFO] MainPanel:264 - HeapMemory: 268435456
2024-04-08 18:40:42,984 [INFO] DbMcusXml:78 - Set database path to: C:\ST\STM32CubeIDE_1.14.0\STM32CubeIDE\plugins\com.st.stm32cube.common.mx_6.10.0.202311202037\\db\/mcu/
2024-04-08 18:40:42,984 [INFO] ApiDb:274 - Set plugin database path to: C:\ST\STM32CubeIDE_1.14.0\STM32CubeIDE\plugins\com.st.stm32cube.common.mx_6.10.0.202311202037\\db\/plugins/boardmanager/
2024-04-08 18:40:42,984 [INFO] ApiDb:261 - Set plugin images path to: C:\ST\STM32CubeIDE_1.14.0\STM32CubeIDE\plugins\com.st.stm32cube.common.mx_6.10.0.202311202037\\db\/plugins/mcufinder/images/
2024-04-08 18:40:42,984 [WARN] DbFile:41 - Overriding database path with different value: C:\Users\User\.stmcufinder\plugins\mcufinder/ => C:\Users\User\.stmcufinder\plugins\mcufinder
2024-04-08 18:40:42,984 [INFO] ApiDb:250 - Set database path to: C:\Users\User\.stmcufinder\plugins\mcufinder//mcu/
2024-04-08 18:40:42,985 [WARN] DbFile:41 - Overriding database path with different value: C:\Users\User\.stmcufinder\plugins\mcufinder/ => C:\Users\User\.stmcufinder\plugins\mcufinder
2024-04-08 18:40:42,985 [INFO] DbMcusAds:125 - Set database path to: C:\Users\User\.stmcufinder\plugins\mcufinder//mcu/
2024-04-08 18:40:42,985 [WARN] DbFile:41 - Overriding database path with different value: C:\Users\User\.stmcufinder\plugins\mcufinder/ => C:\Users\User\.stmcufinder\plugins\mcufinder
2024-04-08 18:40:42,985 [WARN] DbFile:41 - Overriding database path with different value: C:\Users\User\.stmcufinder\plugins\mcufinder/ => C:\Users\User\.stmcufinder\plugins\mcufinder
2024-04-08 18:40:42,985 [INFO] CrossReferenceDbSqlite:203 - Set database path to: C:\Users\User\.stmcufinder\plugins\mcufinder//mcu/cs/
2024-04-08 18:40:43,007 [INFO] ApplicationProperties:184 - Using Application install path: C:\ST\STM32CubeIDE_1.14.0\STM32CubeIDE\plugins\com.st.stm32cube.common.mx_6.10.0.202311202037
2024-04-08 18:40:43,009 [INFO] PluginManage:196 - Search for loadable plugins [exclusion list=, ]
2024-04-08 18:40:43,010 [INFO] PluginManage:310 - Check plugin analytics
2024-04-08 18:40:47,767 [INFO] AnalyticsPlugin:253 - Accepted Software Licenses: 
2024-04-08 18:40:47,767 [INFO] AnalyticsPlugin:255 - Accepted CMSIS Pack Licenses: 
2024-04-08 18:40:47,767 [INFO] AnalyticsPlugin:257 - Accepted Firmware Licenses: 
2024-04-08 18:40:47,772 [INFO] PluginManage:359 - Loaded plugin analytics (category:tool,tabindex:-1)
2024-04-08 18:40:47,772 [INFO] PluginManage:310 - Check plugin cadmodel
2024-04-08 18:40:47,787 [INFO] CADModel:105 - Init CAD model plugin
2024-04-08 18:40:47,787 [INFO] PluginManage:359 - Loaded plugin cadmodel (category:power,tabindex:5)
2024-04-08 18:40:47,787 [INFO] PluginManage:310 - Check plugin clock
2024-04-08 18:40:47,809 [INFO] PluginManage:359 - Loaded plugin clock (category:base,tabindex:2)
2024-04-08 18:40:47,809 [INFO] PluginManage:310 - Check plugin ddr
2024-04-08 18:40:47,811 [INFO] PluginManage:359 - Loaded plugin ddr (category:tool,tabindex:6)
2024-04-08 18:40:47,812 [INFO] PluginManage:310 - Check plugin filemanager
2024-04-08 18:40:47,988 [INFO] PluginManage:359 - Loaded plugin filemanager (category:base,tabindex:10)
2024-04-08 18:40:47,988 [INFO] PluginManage:310 - Check plugin ipmanager
2024-04-08 18:40:47,996 [INFO] PluginManage:359 - Loaded plugin ipmanager (category:base,tabindex:5)
2024-04-08 18:40:47,996 [INFO] PluginManage:310 - Check plugin lpbam
2024-04-08 18:40:48,016 [INFO] PluginManage:359 - Loaded plugin lpbam (category:base,tabindex:0)
2024-04-08 18:40:48,016 [INFO] PluginManage:310 - Check plugin memorymap
2024-04-08 18:40:48,044 [INFO] PluginManage:359 - Loaded plugin memorymap (category:base,tabindex:4)
2024-04-08 18:40:48,044 [INFO] PluginManage:310 - Check plugin pinoutandconfiguration
2024-04-08 18:40:48,066 [INFO] PluginManage:359 - Loaded plugin pinoutandconfiguration (category:base,tabindex:1)
2024-04-08 18:40:48,066 [INFO] PluginManage:310 - Check plugin pinoutconfig
2024-04-08 18:40:48,185 [WARN] SupportedApi:132 - Cannot load RTOS API schema: s4s-elt-must-match.1: The content of 'definitions' must match (annotation?, (simpleType | complexType)?, (unique | key | keyref)*)). A problem was found starting at: attribute.
2024-04-08 18:40:48,549 [INFO] PluginManage:359 - Loaded plugin pinoutconfig (category:base,tabindex:0)
2024-04-08 18:40:48,550 [INFO] PluginManage:310 - Check plugin power
2024-04-08 18:40:48,682 [INFO] PluginManage:359 - Loaded plugin power (category:power,tabindex:4)
2024-04-08 18:40:48,682 [INFO] PluginManage:310 - Check plugin projectmanager
2024-04-08 18:40:48,742 [INFO] PluginManage:359 - Loaded plugin projectmanager (category:projectmanager,tabindex:3)
2024-04-08 18:40:48,743 [INFO] PluginManage:310 - Check plugin thirdparty
2024-04-08 18:40:49,311 [INFO] PluginManage:359 - Loaded plugin thirdparty (category:base,tabindex:-1)
2024-04-08 18:40:49,311 [INFO] PluginManage:310 - Check plugin tools
2024-04-08 18:40:49,318 [WARN] IntegrityCheckThread:84 - waiting for thirdparty lock release [integrity check]
2024-04-08 18:40:49,320 [INFO] IntegrityCheckThread:86 - entering critical section [integrity check]
2024-04-08 18:40:49,321 [INFO] ThirdPartyUpdaterWithRetryManager:70 - Updater plugin not ready yet. [1/15]
2024-04-08 18:40:49,374 [INFO] PluginManage:359 - Loaded plugin tools (category:base,tabindex:7)
2024-04-08 18:40:49,375 [INFO] PluginManage:310 - Check plugin tutovideos
2024-04-08 18:40:49,958 [INFO] PluginManage:359 - Loaded plugin tutovideos (category:base,tabindex:-1)
2024-04-08 18:40:49,958 [INFO] PluginManage:310 - Check plugin updater
2024-04-08 18:40:49,974 [INFO] PluginManage:359 - Loaded plugin updater (category:base,tabindex:12)
2024-04-08 18:40:49,974 [INFO] PluginManage:310 - Check plugin userauth
2024-04-08 18:40:49,982 [INFO] UserAuth:114 - Init User Auth plugin
2024-04-08 18:40:49,982 [INFO] PluginManage:359 - Loaded plugin userauth (category:base,tabindex:14)
2024-04-08 18:40:49,982 [INFO] PluginManage:283 - PluginManage : Loaded plugins [17]
2024-04-08 18:40:50,292 [INFO] PinOutPanel:1499 - setPackage(No Configuration,No Configuration)
2024-04-08 18:40:50,389 [INFO] CADModel:165 - CPN selected for project level
2024-04-08 18:40:50,389 [INFO] CADModel:114 - Register for checkConnection events
2024-04-08 18:40:50,420 [INFO] IPUIPlugin:80 - create IPUIPlugin
2024-04-08 18:40:50,420 [INFO] PluginManager:220 - loadIPPluginJar : add adc
2024-04-08 18:40:50,461 [INFO] IPUIPlugin:80 - create IPUIPlugin
2024-04-08 18:40:50,461 [INFO] PluginManager:220 - loadIPPluginJar : add aes
2024-04-08 18:40:50,505 [INFO] IPUIPlugin:80 - create IPUIPlugin
2024-04-08 18:40:50,506 [INFO] PluginManager:220 - loadIPPluginJar : add can
2024-04-08 18:40:50,528 [INFO] IPUIPlugin:80 - create IPUIPlugin
2024-04-08 18:40:50,528 [INFO] PluginManager:220 - loadIPPluginJar : add comp
2024-04-08 18:40:50,562 [INFO] IPUIPlugin:80 - create IPUIPlugin
2024-04-08 18:40:50,562 [INFO] PluginManager:220 - loadIPPluginJar : add cryp
2024-04-08 18:40:50,594 [INFO] IPUIPlugin:80 - create IPUIPlugin
2024-04-08 18:40:50,595 [INFO] PluginManager:220 - loadIPPluginJar : add dfsdm
2024-04-08 18:40:50,609 [INFO] IPUIPlugin:80 - create IPUIPlugin
2024-04-08 18:40:50,609 [INFO] PluginManager:220 - loadIPPluginJar : add dma
2024-04-08 18:40:50,654 [INFO] IPUIPlugin:80 - create IPUIPlugin
2024-04-08 18:40:50,654 [INFO] PluginManager:220 - loadIPPluginJar : add dma3
2024-04-08 18:40:50,677 [INFO] IPUIPlugin:80 - create IPUIPlugin
2024-04-08 18:40:50,677 [INFO] PluginManager:220 - loadIPPluginJar : add fatfs
2024-04-08 18:40:50,726 [INFO] IPUIPlugin:80 - create IPUIPlugin
2024-04-08 18:40:50,726 [INFO] PluginManager:220 - loadIPPluginJar : add fmc
2024-04-08 18:40:50,741 [INFO] IPUIPlugin:80 - create IPUIPlugin
2024-04-08 18:40:50,741 [INFO] PluginManager:220 - loadIPPluginJar : add freertos
2024-04-08 18:40:50,763 [INFO] IPUIPlugin:80 - create IPUIPlugin
2024-04-08 18:40:50,763 [INFO] PluginManager:220 - loadIPPluginJar : add genericplugin
2024-04-08 18:40:50,863 [INFO] IPUIPlugin:80 - create IPUIPlugin
2024-04-08 18:40:50,863 [INFO] PluginManager:220 - loadIPPluginJar : add gfxmmu
2024-04-08 18:40:51,022 [INFO] IPUIPlugin:80 - create IPUIPlugin
2024-04-08 18:40:51,022 [INFO] PluginManager:220 - loadIPPluginJar : add gic
2024-04-08 18:40:51,039 [INFO] IPUIPlugin:80 - create IPUIPlugin
2024-04-08 18:40:51,039 [INFO] PluginManager:220 - loadIPPluginJar : add gpio
2024-04-08 18:40:51,146 [INFO] IPUIPlugin:80 - create IPUIPlugin
2024-04-08 18:40:51,146 [INFO] PluginManager:220 - loadIPPluginJar : add gtzc
2024-04-08 18:40:51,182 [INFO] IPUIPlugin:80 - create IPUIPlugin
2024-04-08 18:40:51,182 [INFO] PluginManager:220 - loadIPPluginJar : add hash
2024-04-08 18:40:51,237 [INFO] IPUIPlugin:80 - create IPUIPlugin
2024-04-08 18:40:51,237 [INFO] PluginManager:220 - loadIPPluginJar : add i2c
2024-04-08 18:40:51,278 [INFO] IPUIPlugin:80 - create IPUIPlugin
2024-04-08 18:40:51,278 [INFO] PluginManager:220 - loadIPPluginJar : add i2s
2024-04-08 18:40:51,320 [INFO] IPUIPlugin:80 - create IPUIPlugin
2024-04-08 18:40:51,320 [INFO] PluginManager:220 - loadIPPluginJar : add i3c
2024-04-08 18:40:51,431 [INFO] IPUIPlugin:80 - create IPUIPlugin
2024-04-08 18:40:51,431 [INFO] PluginManager:220 - loadIPPluginJar : add ipddr
2024-04-08 18:40:51,534 [INFO] IPUIPlugin:80 - create IPUIPlugin
2024-04-08 18:40:51,534 [INFO] PluginManager:220 - loadIPPluginJar : add linkedlist
2024-04-08 18:40:51,578 [INFO] IPUIPlugin:80 - create IPUIPlugin
2024-04-08 18:40:51,578 [INFO] PluginManager:220 - loadIPPluginJar : add lorawan
2024-04-08 18:40:51,623 [INFO] IPUIPlugin:80 - create IPUIPlugin
2024-04-08 18:40:51,623 [INFO] PluginManager:220 - loadIPPluginJar : add ltdc
2024-04-08 18:40:51,643 [INFO] IPUIPlugin:80 - create IPUIPlugin
2024-04-08 18:40:51,643 [INFO] PluginManager:220 - loadIPPluginJar : add mdma
2024-04-08 18:40:51,658 [INFO] IPUIPlugin:80 - create IPUIPlugin
2024-04-08 18:40:51,658 [INFO] PluginManager:220 - loadIPPluginJar : add nvic
2024-04-08 18:40:51,706 [INFO] IPUIPlugin:80 - create IPUIPlugin
2024-04-08 18:40:51,707 [INFO] PluginManager:220 - loadIPPluginJar : add opamp
2024-04-08 18:40:51,784 [INFO] IPUIPlugin:80 - create IPUIPlugin
2024-04-08 18:40:51,784 [INFO] PluginManager:220 - loadIPPluginJar : add openamp
2024-04-08 18:40:51,837 [INFO] IPUIPlugin:80 - create IPUIPlugin
2024-04-08 18:40:51,837 [INFO] PluginManager:220 - loadIPPluginJar : add pdm2pcm
2024-04-08 18:40:51,854 [INFO] IPUIPlugin:80 - create IPUIPlugin
2024-04-08 18:40:51,858 [INFO] PluginManager:220 - loadIPPluginJar : add plateformsettings
2024-04-08 18:40:51,882 [INFO] IPUIPlugin:80 - create IPUIPlugin
2024-04-08 18:40:51,882 [INFO] PluginManager:220 - loadIPPluginJar : add quadspi
2024-04-08 18:40:51,900 [INFO] IPUIPlugin:80 - create IPUIPlugin
2024-04-08 18:40:51,900 [INFO] PluginManager:220 - loadIPPluginJar : add resmgrutility
2024-04-08 18:40:51,956 [INFO] IPUIPlugin:80 - create IPUIPlugin
2024-04-08 18:40:51,956 [INFO] PluginManager:220 - loadIPPluginJar : add sai
2024-04-08 18:40:52,000 [INFO] IPUIPlugin:80 - create IPUIPlugin
2024-04-08 18:40:52,000 [INFO] PluginManager:220 - loadIPPluginJar : add spi
2024-04-08 18:40:52,082 [INFO] IPUIPlugin:80 - create IPUIPlugin
2024-04-08 18:40:52,082 [INFO] PluginManager:220 - loadIPPluginJar : add stm32_wpan
2024-04-08 18:40:52,111 [INFO] IPUIPlugin:80 - create IPUIPlugin
2024-04-08 18:40:52,111 [INFO] PluginManager:220 - loadIPPluginJar : add tim
2024-04-08 18:40:52,179 [INFO] IPUIPlugin:80 - create IPUIPlugin
2024-04-08 18:40:52,179 [INFO] PluginManager:220 - loadIPPluginJar : add touchsensing
2024-04-08 18:40:52,205 [INFO] IPUIPlugin:80 - create IPUIPlugin
2024-04-08 18:40:52,205 [INFO] PluginManager:220 - loadIPPluginJar : add tracer_emb
2024-04-08 18:40:52,233 [INFO] IPUIPlugin:80 - create IPUIPlugin
2024-04-08 18:40:52,233 [INFO] PluginManager:220 - loadIPPluginJar : add ts
2024-04-08 18:40:52,262 [INFO] IPUIPlugin:80 - create IPUIPlugin
2024-04-08 18:40:52,262 [INFO] PluginManager:220 - loadIPPluginJar : add tsc
2024-04-08 18:40:52,294 [INFO] IPUIPlugin:80 - create IPUIPlugin
2024-04-08 18:40:52,294 [INFO] PluginManager:220 - loadIPPluginJar : add ucpd
2024-04-08 18:40:52,331 [INFO] ThirdPartyUpdaterWithRetryManager:70 - Updater plugin not ready yet. [2/15]
2024-04-08 18:40:52,348 [INFO] IPUIPlugin:80 - create IPUIPlugin
2024-04-08 18:40:52,348 [INFO] PluginManager:220 - loadIPPluginJar : add usart
2024-04-08 18:40:52,396 [INFO] IPUIPlugin:80 - create IPUIPlugin
2024-04-08 18:40:52,396 [INFO] PluginManager:220 - loadIPPluginJar : add usbx
2024-04-08 18:40:52,556 [INFO] CADModel:165 - CPN selected for project level
2024-04-08 18:40:52,556 [INFO] CADModel:114 - Register for checkConnection events
2024-04-08 18:40:52,557 [FATAL] Updater:308 - Updater called before beeing initialized
2024-04-08 18:40:52,557 [ERROR] CADModel:125 - Updater not yet initialized, retry later 
2024-04-08 18:40:52,727 [INFO] CADModel:165 - CPN selected for project level
2024-04-08 18:40:52,727 [INFO] CADModel:114 - Register for checkConnection events
2024-04-08 18:40:52,727 [FATAL] Updater:308 - Updater called before beeing initialized
2024-04-08 18:40:52,727 [ERROR] CADModel:125 - Updater not yet initialized, retry later 
2024-04-08 18:40:52,730 [FATAL] Updater:308 - Updater called before beeing initialized
2024-04-08 18:40:52,866 [FATAL] Updater:308 - Updater called before beeing initialized
2024-04-08 18:40:52,876 [INFO] DbMcusAds:53 - JSON generation date=Wed Nov 29 11:52:27 CET 2023 (1701255147349)
2024-04-08 18:40:52,876 [FATAL] Updater:308 - Updater called before beeing initialized
2024-04-08 18:40:52,965 [WARN] DetailPanel:346 - Failed to get advertising image, set to default
2024-04-08 18:40:53,077 [FATAL] Updater:308 - Updater called before beeing initialized
2024-04-08 18:40:53,080 [FATAL] Updater:308 - Updater called before beeing initialized
2024-04-08 18:40:53,080 [FATAL] Updater:308 - Updater called before beeing initialized
2024-04-08 18:40:53,080 [WARN] DetailPanel:346 - Failed to get advertising image, set to default
2024-04-08 18:40:53,081 [FATAL] Updater:308 - Updater called before beeing initialized
2024-04-08 18:40:53,233 [ERROR] Updater:1120 - MainUpdater not yet initialized. External WinMGr cannot be set.
2024-04-08 18:40:53,247 [INFO] Updater:1056 - Updater Version found : 6.10.0
2024-04-08 18:40:53,273 [INFO] ApplicationProperties:184 - Using Application install path: C:\ST\STM32CubeIDE_1.14.0\STM32CubeIDE\plugins\com.st.stm32cube.common.mx_6.10.0.202311202037
2024-04-08 18:40:54,868 [ERROR] LogOutputStream:75 - [STDERR_REDIRECT] Apr 08, 2024 6:40:54 PM java.util.prefs.WindowsPreferences <init>
2024-04-08 18:40:54,871 [ERROR] LogOutputStream:75 - [STDERR_REDIRECT] WARNING: Could not open/create prefs root node Software\JavaSoft\Prefs at root 0xffffffff80000002. Windows RegCreateKeyEx(...) returned error code 5.
2024-04-08 18:40:54,872 [ERROR] LogOutputStream:75 - [STDERR_REDIRECT] 
2024-04-08 18:40:55,332 [INFO] ThirdPartyUpdaterWithRetryManager:70 - Updater plugin not ready yet. [3/15]
2024-04-08 18:40:55,517 [INFO] MainUpdater:2873 - connection check result : 10
2024-04-08 18:40:55,518 [INFO] MainUpdater:3567 - Updater definition file requires update
2024-04-08 18:40:55,520 [INFO] MainUpdater:290 - Updater Check For Update Now.
2024-04-08 18:40:55,520 [INFO] MicroXplorer:498 - Change Database Version : DB.6.0.100
2024-04-08 18:40:55,543 [INFO] McuFinderGlobals:63 - Set McuFinder mode to 2 (CubeIDE integrated)
2024-04-08 18:40:55,558 [INFO] UserAuth:404 - Internet connection configuration mode: 1
2024-04-08 18:40:55,585 [INFO] JxBrowserEngine:152 - Initiate JxBrowser Engine with user profile folder
2024-04-08 18:40:55,716 [INFO] ServerAccessManage:473 - Download File updaters.zip
2024-04-08 18:40:55,842 [INFO] FileExtend:240 - Unzip File : updaters.zip
2024-04-08 18:40:55,842 [INFO] FileExtend:255 - Standard Zip Deflate
2024-04-08 18:40:56,280 [INFO] ServerAccessManage:473 - Download File PacksControlFlags.xml
2024-04-08 18:40:56,388 [INFO] ServerAccessManage:473 - Download File cubemx.pidx
2024-04-08 18:40:57,625 [INFO] ServerAccessManage:473 - Download File STMicroelectronics.X-CUBE-TCPP.pdsc
2024-04-08 18:40:57,843 [INFO] ServerAccessManage:473 - Download File STMicroelectronics.X-CUBE-TOUCHGFX.pdsc
2024-04-08 18:40:58,333 [WARN] MainUpdater:1194 - Updater busy. Cannot search thirdparties
2024-04-08 18:40:58,333 [INFO] ThirdPartyUpdaterWithRetryManager:96 - Updater plugin is busy. [1/15]
2024-04-08 18:41:00,167 [INFO] WebApp:161 - Instantiating new browser for Auth
2024-04-08 18:41:00,668 [WARN] PackLoader:240 - Cannot read IP mode file for STMicroelectronics.X-CUBE-TCPP.4.1.0
2024-04-08 18:41:00,681 [WARN] PackLoader:240 - Cannot read IP mode file for STMicroelectronics.X-CUBE-TOUCHGFX.4.23.2
2024-04-08 18:41:00,682 [INFO] PopulateThirdPartyThread:66 - Ending populate Thread
2024-04-08 18:41:00,686 [INFO] ThirdParty:1030 - CMSIS Pack Vendor :STMicroelectronics X-CUBE-TOUCHGFX 4.23.2
2024-04-08 18:41:00,687 [INFO] ThirdParty:1030 - CMSIS Pack Vendor :STMicroelectronics X-CUBE-TCPP 4.1.0
2024-04-08 18:41:00,688 [INFO] LoadServerUpdatesThread:375 - End of LoadServerUpdate Thread
2024-04-08 18:41:00,897 [INFO] CheckServerUpdateThread:120 - End of CheckServer Thread
2024-04-08 18:41:01,233 [INFO] WebApp:780 - Register for checkConnection events
2024-04-08 18:41:01,234 [INFO] WebApp:414 - Apply proxy settings
2024-04-08 18:41:01,234 [INFO] WebApp:499 - Chromium requires no authentication
2024-04-08 18:41:01,242 [INFO] WebApp:442 - Direct internet connection detected
2024-04-08 18:41:01,529 [INFO] WebApp:192 - Starting web application
2024-04-08 18:41:01,529 [INFO] WebApp:544 - Web application path used C:\ST\STM32CubeIDE_1.14.0\STM32CubeIDE\plugins\com.st.stm32cube.common.mx_6.10.0.202311202037\db\plugins\mcufinder\reactClient1\index.html
2024-04-08 18:41:01,602 [WARN] PackLoader:240 - Cannot read IP mode file for STMicroelectronics.X-CUBE-SMBUS.2.1.0
2024-04-08 18:41:01,629 [WARN] PackLoader:240 - Cannot read IP mode file for STMicroelectronics.X-CUBE-TOUCHGFX.4.23.1
2024-04-08 18:41:01,643 [WARN] PackLoader:240 - Cannot read IP mode file for STMicroelectronics.X-CUBE-TOUCHGFX.4.23.0
2024-04-08 18:41:01,646 [WARN] PackLoader:240 - Cannot read IP mode file for STMicroelectronics.X-CUBE-TOUCHGFX.4.23.2
2024-04-08 18:41:01,742 [WARN] PackLoader:240 - Cannot read IP mode file for STMicroelectronics.X-CUBE-AZRTOS-F7.1.1.0
2024-04-08 18:41:01,786 [WARN] PackLoader:240 - Cannot read IP mode file for STMicroelectronics.FP-SNS-MOTENV1.4.3.2
2024-04-08 18:41:01,813 [WARN] PackLoader:240 - Cannot read IP mode file for STMicroelectronics.FP-SNS-FLIGHT1.5.0.2
2024-04-08 18:41:01,843 [WARN] PackLoader:240 - Cannot read IP mode file for STMicroelectronics.X-CUBE-DISPLAY.3.0.0
2024-04-08 18:41:01,944 [WARN] PackLoader:240 - Cannot read IP mode file for STMicroelectronics.X-CUBE-BLE1.7.0.0
2024-04-08 18:41:01,961 [WARN] PackLoader:240 - Cannot read IP mode file for emotas.I-CUBE-CANOPEN.1.3.0
2024-04-08 18:41:02,009 [WARN] PackLoader:240 - Cannot read IP mode file for STMicroelectronics.X-CUBE-BLEMGR.3.1.0
2024-04-08 18:41:02,025 [WARN] PackLoader:240 - Cannot read IP mode file for STMicroelectronics.FP-SNS-SMARTAG2.1.2.0
2024-04-08 18:41:02,047 [INFO] LogOutputStream:77 - [STDOUT_REDIRECT] 1 : Invalid condition id : UX_CORESTACK_Condition cause : null
2024-04-08 18:41:02,048 [INFO] LogOutputStream:77 - [STDOUT_REDIRECT] 1 : Invalid condition id : UX_CORESTACK_Condition cause : null
2024-04-08 18:41:02,050 [INFO] LogOutputStream:77 - [STDOUT_REDIRECT] 1 : Invalid condition id : UX_CORESTACK_Condition cause : null
2024-04-08 18:41:02,051 [INFO] LogOutputStream:77 - [STDOUT_REDIRECT] 1 : Invalid condition id : UX_CORESTACK_Condition cause : null
2024-04-08 18:41:02,053 [INFO] LogOutputStream:77 - [STDOUT_REDIRECT] 1 : Invalid condition id : UX_CORESTACK_Condition cause : null
2024-04-08 18:41:02,058 [WARN] PackLoader:240 - Cannot read IP mode file for STMicroelectronics.X-CUBE-AZRTOS-WL.2.0.0
2024-04-08 18:41:02,079 [WARN] PackLoader:240 - Cannot read IP mode file for STMicroelectronics.FP-SNS-MOTENV1.5.0.0
2024-04-08 18:41:02,108 [WARN] PackLoader:240 - Cannot read IP mode file for WES.I-CUBE-Cesium.1.3.0
2024-04-08 18:41:02,125 [WARN] PackLoader:240 - Cannot read IP mode file for STMicroelectronics.X-CUBE-BLE2.3.3.0
2024-04-08 18:41:02,132 [WARN] PackLoader:240 - Cannot read IP mode file for STMicroelectronics.X-CUBE-TCPP.4.1.0
2024-04-08 18:41:02,160 [WARN] PackLoader:240 - Cannot read IP mode file for STMicroelectronics.X-CUBE-ALGOBUILD.1.3.0
2024-04-08 18:41:02,217 [WARN] PackLoader:240 - Cannot read IP mode file for STMicroelectronics.X-CUBE-AZRTOS-G0.1.1.0
2024-04-08 18:41:02,241 [WARN] PackLoader:240 - Cannot read IP mode file for STMicroelectronics.X-CUBE-SAFEA1.1.2.2
2024-04-08 18:41:02,290 [WARN] PackLoader:240 - Cannot read IP mode file for STMicroelectronics.X-CUBE-NFC4.3.0.0
2024-04-08 18:41:02,312 [WARN] PackLoader:240 - Cannot read IP mode file for STMicroelectronics.X-CUBE-BLEMGR.3.0.0
2024-04-08 18:41:02,343 [WARN] PackLoader:240 - Cannot read IP mode file for STMicroelectronics.FP-ATR-SIGFOX1.3.2.0
2024-04-08 18:41:02,362 [WARN] PackLoader:240 - Cannot read IP mode file for STMicroelectronics.X-CUBE-EEPRMA1.5.1.0
2024-04-08 18:41:02,466 [WARN] PackLoader:240 - Cannot read IP mode file for SEGGER.I-CUBE-embOS.1.3.1
2024-04-08 18:41:02,547 [WARN] PackLoader:240 - Cannot read IP mode file for STMicroelectronics.X-CUBE-GNSS1.6.0.0
2024-04-08 18:41:02,581 [WARN] PackLoader:240 - Cannot read IP mode file for STMicroelectronics.X-CUBE-AZRTOS-F4.1.1.0
2024-04-08 18:41:02,627 [WARN] PackLoader:240 - Cannot read IP mode file for wolfSSL.I-CUBE-wolfSSL.5.6.4
2024-04-08 18:41:02,675 [WARN] PackLoader:240 - Cannot read IP mode file for STMicroelectronics.X-CUBE-AZRTOS-L5.2.0.0
2024-04-08 18:41:02,693 [WARN] PackLoader:240 - Cannot read IP mode file for STMicroelectronics.X-CUBE-EEPRMA1.4.2.0
2024-04-08 18:41:02,711 [WARN] PackLoader:240 - Cannot read IP mode file for STMicroelectronics.X-CUBE-NFC6.3.1.0
2024-04-08 18:41:02,728 [WARN] PackLoader:240 - Cannot read IP mode file for ITTIA_DB.I-CUBE-ITTIADB.8.8.0
2024-04-08 18:41:02,743 [WARN] PackLoader:240 - Cannot read IP mode file for STMicroelectronics.X-CUBE-NFC7.1.0.1
2024-04-08 18:41:02,759 [WARN] PackLoader:240 - Cannot read IP mode file for STMicroelectronics.X-CUBE-NFC6.3.0.0
2024-04-08 18:41:02,775 [WARN] PackLoader:240 - Cannot read IP mode file for STMicroelectronics.X-CUBE-AI.8.1.0
2024-04-08 18:41:02,809 [WARN] ConditionMgr:438 - getConditionDescription Invalid condition id : LAN8742 Phy interface Condition cause : null
2024-04-08 18:41:02,810 [WARN] PackLoader:240 - Cannot read IP mode file for STMicroelectronics.X-CUBE-AZRTOS-L4.2.0.0
2024-04-08 18:41:02,811 [WARN] ConditionMgr:1039 - genDependencies : Invalid condition id : LAN8742 Phy interface Condition cause : null
2024-04-08 18:41:02,812 [WARN] ConditionMgr:1039 - genDependencies : Invalid condition id : LAN8742 Phy interface Condition cause : null
2024-04-08 18:41:02,812 [WARN] ConditionMgr:1039 - genDependencies : Invalid condition id : LAN8742 Phy interface Condition cause : null
2024-04-08 18:41:02,831 [WARN] PackLoader:240 - Cannot read IP mode file for STMicroelectronics.X-CUBE-SFXS2LP1.4.0.0
2024-04-08 18:41:02,860 [WARN] ConditionMgr:438 - getConditionDescription Invalid condition id : UX DEVICE CLASS RTOS Condition cause : null
2024-04-08 18:41:02,861 [WARN] ConditionMgr:438 - getConditionDescription Invalid condition id : UX DEVICE CLASS RTOS Condition cause : null
2024-04-08 18:41:02,864 [WARN] PackLoader:240 - Cannot read IP mode file for STMicroelectronics.X-CUBE-AZRTOS-WB.2.0.0
2024-04-08 18:41:02,865 [WARN] ConditionMgr:1039 - genDependencies : Invalid condition id : UX DEVICE CLASS RTOS Condition cause : null
2024-04-08 18:41:02,865 [WARN] ConditionMgr:1039 - genDependencies : Invalid condition id : UX DEVICE CLASS RTOS Condition cause : null
2024-04-08 18:41:02,865 [WARN] ConditionMgr:1039 - genDependencies : Invalid condition id : UX DEVICE CLASS RTOS Condition cause : null
2024-04-08 18:41:02,865 [WARN] ConditionMgr:1039 - genDependencies : Invalid condition id : UX DEVICE CLASS RTOS Condition cause : null
2024-04-08 18:41:02,865 [WARN] ConditionMgr:1039 - genDependencies : Invalid condition id : UX DEVICE CLASS RTOS Condition cause : null
2024-04-08 18:41:02,892 [WARN] PackLoader:240 - Cannot read IP mode file for STMicroelectronics.X-CUBE-SUBG2.5.0.0
2024-04-08 18:41:02,928 [WARN] PackLoader:240 - Cannot read IP mode file for STMicroelectronics.X-CUBE-AZRTOS-G4.2.0.0
2024-04-08 18:41:02,960 [WARN] PackLoader:240 - Cannot read IP mode file for Infineon.AIROC-Wi-Fi-Bluetooth-STM32.1.5.1
2024-04-08 18:41:02,970 [WARN] PackLoader:240 - Cannot read IP mode file for STMicroelectronics.FP-SNS-MOTENVWB1.1.3.1
2024-04-08 18:41:02,986 [WARN] PackLoader:240 - Cannot read IP mode file for STMicroelectronics.X-CUBE-ISPU.2.0.0
2024-04-08 18:41:03,051 [WARN] PackLoader:240 - Cannot read IP mode file for STMicroelectronics.X-CUBE-MEMS1.10.0.0
2024-04-08 18:41:03,228 [WARN] PackLoader:240 - Cannot read IP mode file for STMicroelectronics.X-CUBE-FREERTOS.1.1.0
2024-04-08 18:41:03,260 [WARN] PackLoader:240 - Cannot read IP mode file for portGmbH.I-Cube-SoM-uGOAL.1.1.0
2024-04-08 18:41:03,282 [WARN] PackLoader:240 - Cannot read IP mode file for STMicroelectronics.X-CUBE-ALS.1.0.1
2024-04-08 18:41:03,291 [WARN] PackLoader:240 - Cannot read IP mode file for STMicroelectronics.FP-ATR-ASTRA1.2.0.0
2024-04-08 18:41:03,321 [WARN] PackLoader:240 - Cannot read IP mode file for STMicroelectronics.X-CUBE-TOF1.3.4.0
2024-04-08 18:41:03,359 [WARN] PackLoader:240 - Cannot read IP mode file for STMicroelectronics.X-CUBE-TOF1.3.4.1
2024-04-08 18:41:03,411 [WARN] PackLoader:240 - Cannot read IP mode file for STMicroelectronics.X-CUBE-AZRTOS-H7.3.2.0
2024-04-08 18:41:03,416 [INFO] ThirdParty:978 - Integrity check success = true
2024-04-08 18:41:03,416 [INFO] IntegrityCheckThread:100 - exiting critical section [integrity check]
2024-04-08 18:41:03,416 [INFO] IntegrityCheckThread:103 - End integrity checks thread
2024-04-08 18:41:22,820 [ERROR] LogOutputStream:75 - [STDERR_REDIRECT] SLF4J: Failed to load class "org.slf4j.impl.StaticLoggerBinder".
2024-04-08 18:41:22,823 [ERROR] LogOutputStream:75 - [STDERR_REDIRECT] SLF4J: Defaulting to no-operation (NOP) logger implementation
2024-04-08 18:41:22,825 [ERROR] LogOutputStream:75 - [STDERR_REDIRECT] SLF4J: See http://www.slf4j.org/codes.html#StaticLoggerBinder for further details.
