2024-03-17 00:00:07,481 [INFO] MainUpdater:2873 - connection check result : 10
2024-03-17 00:00:07,490 [INFO] MainUpdater:2873 - connection check result : 10
2024-03-17 00:00:07,504 [INFO] MicroXplorer:468 - Change Database Path : 
2024-03-17 00:00:07,505 [INFO] MicroXplorer:498 - Change Database Version : DB.6.0.100
2024-03-17 00:00:07,514 [ERROR] ProjectManagerView:394 - 
java.lang.NullPointerException: Cannot invoke "javax.swing.JTextField.getText()" because the return value of "java.util.List.get(int)" is null
	at com.st.microxplorer.plugins.projectmanager.gui.ProjectChoiceTab$10.caretUpdate(ProjectChoiceTab.java:2493) ~[filemanager.jar:?]
	at javax.swing.text.JTextComponent.fireCaretUpdate(JTextComponent.java:412) ~[?:?]
	at javax.swing.text.JTextComponent$MutableCaretEvent.fire(JTextComponent.java:4491) ~[?:?]
	at javax.swing.text.JTextComponent$MutableCaretEvent.stateChanged(JTextComponent.java:4513) ~[?:?]
	at javax.swing.text.DefaultCaret.fireStateChanged(DefaultCaret.java:842) ~[?:?]
	at javax.swing.text.DefaultCaret.changeCaretPosition(DefaultCaret.java:1313) ~[?:?]
	at javax.swing.text.DefaultCaret.handleSetDot(DefaultCaret.java:1212) ~[?:?]
	at javax.swing.text.DefaultCaret.setDot(DefaultCaret.java:1193) ~[?:?]
	at javax.swing.text.DefaultCaret$Handler.insertUpdate(DefaultCaret.java:1789) ~[?:?]
	at javax.swing.text.AbstractDocument.fireInsertUpdate(AbstractDocument.java:226) ~[?:?]
	at javax.swing.text.AbstractDocument.handleInsertString(AbstractDocument.java:780) ~[?:?]
	at javax.swing.text.AbstractDocument.insertString(AbstractDocument.java:739) ~[?:?]
	at javax.swing.text.PlainDocument.insertString(PlainDocument.java:131) ~[?:?]
	at javax.swing.text.AbstractDocument.replace(AbstractDocument.java:698) ~[?:?]
	at javax.swing.text.JTextComponent.setText(JTextComponent.java:1729) ~[?:?]
	at com.st.microxplorer.plugins.projectmanager.gui.ProjectChoiceTab.createHeapStackFields(ProjectChoiceTab.java:933) ~[filemanager.jar:?]
	at com.st.microxplorer.plugins.projectmanager.gui.ProjectChoiceTab.buildLinkSettingsPanel(ProjectChoiceTab.java:3426) ~[filemanager.jar:?]
	at com.st.microxplorer.plugins.projectmanager.gui.ProjectChoiceTab.defineWindowsFields(ProjectChoiceTab.java:1813) ~[filemanager.jar:?]
	at com.st.microxplorer.plugins.projectmanager.gui.ProjectChoiceTab.updateSettings(ProjectChoiceTab.java:533) ~[filemanager.jar:?]
	at com.st.microxplorer.plugins.projectmanager.gui.ProjectSettingsPanel.UpdateDialog(ProjectSettingsPanel.java:244) ~[filemanager.jar:?]
	at com.st.microxplorer.plugins.projectmanager.ProjectManagerView.propertyChange(ProjectManagerView.java:391) ~[filemanager.jar:?]
	at java.beans.PropertyChangeSupport.fire(PropertyChangeSupport.java:343) ~[?:?]
	at java.beans.PropertyChangeSupport.firePropertyChange(PropertyChangeSupport.java:335) ~[?:?]
	at java.beans.PropertyChangeSupport.firePropertyChange(PropertyChangeSupport.java:268) ~[?:?]
	at com.st.microxplorer.util.MXPropertyChangeSupport.firePropertyChange(MXPropertyChangeSupport.java:54) ~[STM32CubeMX.jar:?]
	at com.st.microxplorer.mxsystem.MxSystem.closeConfig(MxSystem.java:900) ~[STM32CubeMX.jar:?]
	at com.st.microxplorer.maingui.MainPanel.closeConfig(MainPanel.java:776) ~[STM32CubeMX.jar:?]
	at com.st.microxplorer.plugins.filemanager.engine.OpenFileManager.loadConfigurationFile(OpenFileManager.java:245) ~[filemanager.jar:?]
	at com.st.microxplorer.plugins.filemanager.engine.MainFileManager.userLoadConfig(MainFileManager.java:290) ~[filemanager.jar:?]
	at com.st.microxplorer.plugins.filemanager.FileManagerView.getSpecificTask(FileManagerView.java:247) ~[filemanager.jar:?]
	at com.st.stm32cube.common.mx.editor.CubeMxEditor.getMxTabbedPaneInstance(CubeMxEditor.java:1184) ~[com.st.stm32cube.common.mx_6.10.0.202311202037/:?]
	at com.st.stm32cube.common.mx.editor.CubeMxEditor$12$1.createSwingComponent(CubeMxEditor.java:1065) ~[com.st.stm32cube.common.mx_6.10.0.202311202037/:?]
	at com.st.stm32cube.common.mx.oss.core.awtswtbridge.EmbeddedSwingComposite.doComponentCreation(EmbeddedSwingComposite.java:492) ~[com.st.stm32cube.common.mx.oss_6.10.0.202311202037/:?]
	at com.st.stm32cube.common.mx.oss.core.awtswtbridge.EmbeddedSwingComposite$4.run(EmbeddedSwingComposite.java:291) ~[com.st.stm32cube.common.mx.oss_6.10.0.202311202037/:?]
	at com.st.stm32cube.common.mx.oss.core.awtswtbridge.AwtEnvironment$2.run(AwtEnvironment.java:166) ~[com.st.stm32cube.common.mx.oss_6.10.0.202311202037/:?]
	at java.awt.event.InvocationEvent.dispatch(InvocationEvent.java:318) ~[?:?]
	at java.awt.EventQueue.dispatchEventImpl(EventQueue.java:773) ~[?:?]
	at java.awt.EventQueue$4.run(EventQueue.java:720) ~[?:?]
	at java.awt.EventQueue$4.run(EventQueue.java:714) ~[?:?]
	at java.security.AccessController.doPrivileged(AccessController.java:399) ~[?:?]
	at java.security.ProtectionDomain$JavaSecurityAccessImpl.doIntersectionPrivilege(ProtectionDomain.java:86) ~[?:?]
	at java.awt.EventQueue.dispatchEvent(EventQueue.java:742) ~[?:?]
	at java.awt.EventDispatchThread.pumpOneEventForFilters(EventDispatchThread.java:203) ~[?:?]
	at java.awt.EventDispatchThread.pumpEventsForFilter(EventDispatchThread.java:124) ~[?:?]
	at java.awt.EventDispatchThread.pumpEventsForHierarchy(EventDispatchThread.java:113) ~[?:?]
	at java.awt.EventDispatchThread.pumpEvents(EventDispatchThread.java:109) ~[?:?]
	at java.awt.EventDispatchThread.pumpEvents(EventDispatchThread.java:101) ~[?:?]
	at java.awt.EventDispatchThread.run(EventDispatchThread.java:90) ~[?:?]
2024-03-17 00:00:07,516 [WARN] ThirdParty:871 - waiting for thirdparty lock release [close project]
2024-03-17 00:00:07,516 [INFO] ThirdParty:873 - entering critical section [close project]
2024-03-17 00:00:07,516 [INFO] ThirdParty:883 - exiting critical section [close project]
2024-03-17 00:00:07,518 [INFO] PinOutPanel:1499 - setPackage(No Configuration,No Configuration)
2024-03-17 00:00:07,521 [INFO] UtilMem:75 - Begin LoadConfig() Used Memory: 714583512 Bytes (1073741824)
2024-03-17 00:00:07,523 [INFO] MicroXplorer:468 - Change Database Path : 
2024-03-17 00:00:07,523 [INFO] MicroXplorer:498 - Change Database Version : DB.6.0.100
2024-03-17 00:00:07,523 [INFO] OpenFileManager:312 - Change cursor
2024-03-17 00:00:07,629 [INFO] RulesReader:64 - Compatibility file has been processed (297 Rules)
2024-03-17 00:00:07,633 [INFO] Mcu:2016 - Initializing MCU STM32L476R(C-E-G)Tx STM32L476RGTx STM32L476RGT3
2024-03-17 00:00:10,045 [INFO] Context:659 - Trying to add GPIOservice into a context  which must be forbidden
2024-03-17 00:00:10,496 [INFO] RtosManager:555 - Registered RTOS mode: class=CMSIS, group=RTOS, mode=CMSIS_V1, owner=FREERTOS
2024-03-17 00:00:10,496 [INFO] RtosManager:555 - Registered RTOS mode: class=CMSIS, group=RTOS2, mode=CMSIS_V2, owner=FREERTOS
2024-03-17 00:00:10,496 [INFO] RtosManager:555 - Registered RTOS mode: class=RTOS, group=Core, mode=CMSIS_V1, owner=FREERTOS
2024-03-17 00:00:10,496 [INFO] RtosManager:555 - Registered RTOS mode: class=RTOS, group=Core, mode=CMSIS_V2, owner=FREERTOS
2024-03-17 00:00:10,496 [WARN] ModelIntegratedComponent:184 - Missing modes for component STMicroelectronics:FreeRTOS:0.0.1:STMicroelectronics:RTOS:FreeRTOS:Core:::10.2.0:
2024-03-17 00:00:10,504 [WARN] ModelIntegratedComponent:63 - No mode defined for component null
2024-03-17 00:00:10,504 [WARN] ModelIntegratedComponent:63 - No mode defined for component null
2024-03-17 00:00:10,504 [WARN] ModelIntegratedComponent:63 - No mode defined for component null
2024-03-17 00:00:10,504 [WARN] ModelIntegratedComponent:63 - No mode defined for component null
2024-03-17 00:00:10,504 [WARN] ModelIntegratedComponent:63 - No mode defined for component null
2024-03-17 00:00:10,504 [WARN] ModelIntegratedComponent:63 - No mode defined for component null
2024-03-17 00:00:10,504 [WARN] ModelIntegratedComponent:63 - No mode defined for component null
2024-03-17 00:00:10,504 [WARN] ModelIntegratedComponent:63 - No mode defined for component null
2024-03-17 00:00:10,504 [WARN] ModelIntegratedComponent:63 - No mode defined for component null
2024-03-17 00:00:10,504 [WARN] ModelIntegratedComponent:63 - No mode defined for component null
2024-03-17 00:00:10,504 [WARN] ModelIntegratedComponent:63 - No mode defined for component null
2024-03-17 00:00:10,504 [WARN] ModelIntegratedComponent:63 - No mode defined for component null
2024-03-17 00:00:10,504 [WARN] ModelIntegratedComponent:63 - No mode defined for component null
2024-03-17 00:00:10,505 [WARN] ModelIntegratedComponent:63 - No mode defined for component null
2024-03-17 00:00:10,505 [WARN] ModelIntegratedComponent:63 - No mode defined for component null
2024-03-17 00:00:10,505 [WARN] ModelIntegratedComponent:63 - No mode defined for component null
2024-03-17 00:00:10,505 [WARN] ModelIntegratedComponent:63 - No mode defined for component null
2024-03-17 00:00:10,505 [WARN] ModelIntegratedComponent:63 - No mode defined for component null
2024-03-17 00:00:10,505 [WARN] ModelIntegratedComponent:63 - No mode defined for component null
2024-03-17 00:00:10,505 [WARN] ModelIntegratedComponent:63 - No mode defined for component null
2024-03-17 00:00:10,505 [WARN] ModelIntegratedComponent:63 - No mode defined for component null
2024-03-17 00:00:10,505 [WARN] ModelIntegratedComponent:63 - No mode defined for component null
2024-03-17 00:00:10,505 [WARN] ModelIntegratedComponent:63 - No mode defined for component null
2024-03-17 00:00:10,505 [WARN] ModelIntegratedComponent:63 - No mode defined for component null
2024-03-17 00:00:10,505 [WARN] ModelIntegratedComponent:63 - No mode defined for component null
2024-03-17 00:00:10,505 [WARN] ModelIntegratedComponent:63 - No mode defined for component null
2024-03-17 00:00:10,505 [WARN] ModelIntegratedComponent:63 - No mode defined for component null
2024-03-17 00:00:10,505 [WARN] ModelIntegratedComponent:63 - No mode defined for component null
2024-03-17 00:00:10,505 [WARN] ModelIntegratedComponent:63 - No mode defined for component null
2024-03-17 00:00:10,505 [WARN] ModelIntegratedComponent:63 - No mode defined for component null
2024-03-17 00:00:10,505 [WARN] ModelIntegratedComponent:63 - No mode defined for component null
2024-03-17 00:00:10,505 [WARN] ModelIntegratedComponent:63 - No mode defined for component null
2024-03-17 00:00:10,505 [WARN] ModelIntegratedComponent:63 - No mode defined for component null
2024-03-17 00:00:10,613 [INFO] ThirdPartyModel:298 - Start build external matchings
2024-03-17 00:00:11,227 [INFO] ThirdPartyModel:316 - End build external matchings
2024-03-17 00:00:11,250 [INFO] ImportTextPane:194 - (OptionalMessage_ERROR) IP (RCC) : Invalid parameter (FamilyName)
2024-03-17 00:00:11,252 [INFO] ImportTextPane:194 - (OptionalMessage_ERROR) IP (RCC) : Parameter (RNGFreq_Value) has invalid value (64000000)
2024-03-17 00:00:11,252 [INFO] ImportTextPane:194 - (OptionalMessage_ERROR) IP (RCC) : Parameter (SDMMCFreq_Value) has invalid value (64000000)
2024-03-17 00:00:11,252 [INFO] ImportTextPane:194 - (OptionalMessage_ERROR) IP (RCC) : Parameter (USBFreq_Value) has invalid value (64000000)
2024-03-17 00:00:12,466 [INFO] UtilMem:75 - End LoadConfig() Used Memory: 921957760 Bytes (1073741824)
2024-03-17 00:00:12,532 [INFO] MicroXplorer:468 - Change Database Path : 
2024-03-17 00:00:12,532 [INFO] MicroXplorer:498 - Change Database Version : DB.6.0.100
2024-03-17 00:00:12,533 [WARN] ThirdParty:833 - waiting for thirdparty lock release [change project]
2024-03-17 00:00:12,534 [INFO] ThirdParty:835 - entering critical section [change project]
2024-03-17 00:00:12,534 [INFO] ThirdParty:1030 - CMSIS Pack Vendor :STMicroelectronics USBPD 4.1
2024-03-17 00:00:12,534 [INFO] ThirdParty:1030 - CMSIS Pack Vendor :STMicroelectronics X-CUBE-GNSS1 6.0.0
2024-03-17 00:00:12,534 [INFO] ThirdParty:1030 - CMSIS Pack Vendor :STMicroelectronics USB_HOST 2.0.0
2024-03-17 00:00:12,534 [INFO] ThirdParty:1030 - CMSIS Pack Vendor :STMicroelectronics X-CUBE-AZRTOS-F4 1.1.0
2024-03-17 00:00:12,534 [INFO] ThirdParty:1030 - CMSIS Pack Vendor :STMicroelectronics LIBJPEG 8.0.0
2024-03-17 00:00:12,534 [INFO] ThirdParty:1030 - CMSIS Pack Vendor :wolfSSL I-CUBE-wolfSSL 5.6.4
2024-03-17 00:00:12,534 [INFO] ThirdParty:1030 - CMSIS Pack Vendor :STMicroelectronics X-CUBE-SMBUS 2.1.0
2024-03-17 00:00:12,534 [INFO] ThirdParty:1030 - CMSIS Pack Vendor :STMicroelectronics USB_DEVICE 3.0.0
2024-03-17 00:00:12,534 [INFO] ThirdParty:1030 - CMSIS Pack Vendor :STMicroelectronics X-CUBE-AZRTOS-WB 2.0.0
2024-03-17 00:00:12,534 [INFO] ThirdParty:1030 - CMSIS Pack Vendor :STMicroelectronics X-CUBE-TOUCHGFX 4.23.0
2024-03-17 00:00:12,534 [INFO] ThirdParty:1030 - CMSIS Pack Vendor :STMicroelectronics X-CUBE-AZRTOS-F7 1.1.0
2024-03-17 00:00:12,534 [INFO] ThirdParty:1030 - CMSIS Pack Vendor :STMicroelectronics X-CUBE-AZRTOS-L5 2.0.0
2024-03-17 00:00:12,534 [INFO] ThirdParty:1030 - CMSIS Pack Vendor :STMicroelectronics USB_DEVICE 2.0.0
2024-03-17 00:00:12,534 [INFO] ThirdParty:1030 - CMSIS Pack Vendor :STMicroelectronics X-CUBE-EEPRMA1 4.2.0
2024-03-17 00:00:12,534 [INFO] ThirdParty:1030 - CMSIS Pack Vendor :ITTIA_DB I-CUBE-ITTIADB 8.8.0
2024-03-17 00:00:12,534 [INFO] ThirdParty:1030 - CMSIS Pack Vendor :STMicroelectronics FP-SNS-MOTENV1 4.3.2
2024-03-17 00:00:12,534 [INFO] ThirdParty:1030 - CMSIS Pack Vendor :STMicroelectronics X-CUBE-ALGOBUILD 1.3.0
2024-03-17 00:00:12,534 [INFO] ThirdParty:1030 - CMSIS Pack Vendor :STMicroelectronics FreeRTOS 0.0.1
2024-03-17 00:00:12,534 [INFO] ThirdParty:1030 - CMSIS Pack Vendor :STMicroelectronics X-CUBE-AZRTOS-G0 1.1.0
2024-03-17 00:00:12,534 [INFO] ThirdParty:1030 - CMSIS Pack Vendor :STMicroelectronics X-CUBE-NFC4 3.0.0
2024-03-17 00:00:12,534 [INFO] ThirdParty:1030 - CMSIS Pack Vendor :STMicroelectronics X-CUBE-SUBG2 5.0.0
2024-03-17 00:00:12,534 [INFO] ThirdParty:1030 - CMSIS Pack Vendor :STMicroelectronics STM32_WPAN 1.0.0
2024-03-17 00:00:12,534 [INFO] ThirdParty:1030 - CMSIS Pack Vendor :STMicroelectronics lwIP 2.0.3
2024-03-17 00:00:12,534 [INFO] ThirdParty:1030 - CMSIS Pack Vendor :STMicroelectronics FP-SNS-FLIGHT1 5.0.2
2024-03-17 00:00:12,534 [INFO] ThirdParty:1030 - CMSIS Pack Vendor :STMicroelectronics USB_HOST 1.0.0
2024-03-17 00:00:12,534 [INFO] ThirdParty:1030 - CMSIS Pack Vendor :STMicroelectronics X-CUBE-AZRTOS-G4 2.0.0
2024-03-17 00:00:12,534 [INFO] ThirdParty:1030 - CMSIS Pack Vendor :STMicroelectronics PDM2PCM 3.1.0
2024-03-17 00:00:12,534 [INFO] ThirdParty:1030 - CMSIS Pack Vendor :Infineon AIROC-Wi-Fi-Bluetooth-STM32 1.5.1
2024-03-17 00:00:12,534 [INFO] ThirdParty:1030 - CMSIS Pack Vendor :STMicroelectronics X-CUBE-BLEMGR 3.0.0
2024-03-17 00:00:12,534 [INFO] ThirdParty:1030 - CMSIS Pack Vendor :STMicroelectronics PDM2PCM 3.3.0
2024-03-17 00:00:12,535 [INFO] ThirdParty:1030 - CMSIS Pack Vendor :STMicroelectronics X-CUBE-DISPLAY 3.0.0
2024-03-17 00:00:12,535 [INFO] ThirdParty:1030 - CMSIS Pack Vendor :STMicroelectronics FP-SNS-MOTENVWB1 1.3.1
2024-03-17 00:00:12,535 [INFO] ThirdParty:1030 - CMSIS Pack Vendor :STMicroelectronics X-CUBE-BLE1 7.0.0
2024-03-17 00:00:12,535 [INFO] ThirdParty:1030 - CMSIS Pack Vendor :STMicroelectronics FP-ATR-SIGFOX1 3.2.0
2024-03-17 00:00:12,535 [INFO] ThirdParty:1030 - CMSIS Pack Vendor :STMicroelectronics X-CUBE-ISPU 2.0.0
2024-03-17 00:00:12,535 [INFO] ThirdParty:1030 - CMSIS Pack Vendor :STMicroelectronics X-CUBE-EEPRMA1 5.1.0
2024-03-17 00:00:12,535 [INFO] ThirdParty:1030 - CMSIS Pack Vendor :STMicroelectronics HAL Drivers 0.0.0
2024-03-17 00:00:12,535 [INFO] ThirdParty:1030 - CMSIS Pack Vendor :STMicroelectronics MBEDTLS 2.16.2
2024-03-17 00:00:12,535 [INFO] ThirdParty:1030 - CMSIS Pack Vendor :emotas I-CUBE-CANOPEN 1.3.0
2024-03-17 00:00:12,535 [INFO] ThirdParty:1030 - CMSIS Pack Vendor :STMicroelectronics X-CUBE-MEMS1 10.0.0
2024-03-17 00:00:12,535 [INFO] ThirdParty:1030 - CMSIS Pack Vendor :STMicroelectronics X-CUBE-FREERTOS 1.1.0
2024-03-17 00:00:12,535 [INFO] ThirdParty:1030 - CMSIS Pack Vendor :STMicroelectronics X-CUBE-NFC7 1.0.1
2024-03-17 00:00:12,535 [INFO] ThirdParty:1030 - CMSIS Pack Vendor :STMicroelectronics MBEDTLS 2.14.1
2024-03-17 00:00:12,535 [INFO] ThirdParty:1030 - CMSIS Pack Vendor :STMicroelectronics X-CUBE-NFC6 3.0.0
2024-03-17 00:00:12,535 [INFO] ThirdParty:1030 - CMSIS Pack Vendor :portGmbH I-Cube-SoM-uGOAL 1.1.0
2024-03-17 00:00:12,535 [INFO] ThirdParty:1030 - CMSIS Pack Vendor :STMicroelectronics X-CUBE-ALS 1.0.1
2024-03-17 00:00:12,535 [INFO] ThirdParty:1030 - CMSIS Pack Vendor :STMicroelectronics X-CUBE-BLEMGR 3.1.0
2024-03-17 00:00:12,535 [INFO] ThirdParty:1030 - CMSIS Pack Vendor :STMicroelectronics ThreadX 1.0.0
2024-03-17 00:00:12,535 [INFO] ThirdParty:1030 - CMSIS Pack Vendor :STMicroelectronics FP-SNS-SMARTAG2 1.2.0
2024-03-17 00:00:12,535 [INFO] ThirdParty:1030 - CMSIS Pack Vendor :STMicroelectronics X-CUBE-AZRTOS-WL 2.0.0
2024-03-17 00:00:12,535 [INFO] ThirdParty:1030 - CMSIS Pack Vendor :SEGGER I-CUBE-embOS 1.3.1
2024-03-17 00:00:12,535 [INFO] ThirdParty:1030 - CMSIS Pack Vendor :STMicroelectronics USB_DEVICE 1.0.0
2024-03-17 00:00:12,535 [INFO] ThirdParty:1030 - CMSIS Pack Vendor :STMicroelectronics X-CUBE-AI 8.1.0
2024-03-17 00:00:12,535 [INFO] ThirdParty:1030 - CMSIS Pack Vendor :STMicroelectronics X-CUBE-AZRTOS-L4 2.0.0
2024-03-17 00:00:12,535 [INFO] ThirdParty:1030 - CMSIS Pack Vendor :STMicroelectronics ThreadX 0.0.2
2024-03-17 00:00:12,535 [INFO] ThirdParty:1030 - CMSIS Pack Vendor :WES I-CUBE-Cesium 1.3.0
2024-03-17 00:00:12,535 [INFO] ThirdParty:1030 - CMSIS Pack Vendor :STMicroelectronics FP-ATR-ASTRA1 2.0.0
2024-03-17 00:00:12,535 [INFO] ThirdParty:1030 - CMSIS Pack Vendor :STMicroelectronics lwIP 2.1.2
2024-03-17 00:00:12,535 [INFO] ThirdParty:1030 - CMSIS Pack Vendor :STMicroelectronics X-CUBE-SFXS2LP1 4.0.0
2024-03-17 00:00:12,535 [INFO] ThirdParty:1030 - CMSIS Pack Vendor :STMicroelectronics X-CUBE-BLE2 3.3.0
2024-03-17 00:00:12,535 [INFO] ThirdParty:1030 - CMSIS Pack Vendor :STMicroelectronics X-CUBE-TOF1 3.4.0
2024-03-17 00:00:12,535 [INFO] ThirdParty:1030 - CMSIS Pack Vendor :STMicroelectronics X-CUBE-TOF1 3.4.1
2024-03-17 00:00:12,535 [INFO] ThirdParty:1030 - CMSIS Pack Vendor :STMicroelectronics X-CUBE-AZRTOS-H7 3.2.0
2024-03-17 00:00:12,535 [INFO] ThirdParty:1030 - CMSIS Pack Vendor :STMicroelectronics PDM2PCM 3.2.0
2024-03-17 00:00:12,535 [INFO] ThirdParty:841 - exiting critical section [change project]
2024-03-17 00:00:12,891 [INFO] PinOutPanel:1499 - setPackage(No Configuration,No Configuration)
2024-03-17 00:00:12,892 [INFO] PinOutPanel:1499 - setPackage(STM32L476RGTx,LQFP64)
2024-03-17 00:00:13,620 [INFO] UtilMem:75 - Before build in PCC Used Memory: 779783208 Bytes (1073741824)
2024-03-17 00:00:13,928 [INFO] UtilMem:75 - After build in PCC Used Memory: 861045800 Bytes (1073741824)
2024-03-17 00:00:13,954 [INFO] IPUIPlugin:80 - create IPUIPlugin
2024-03-17 00:00:13,955 [INFO] IPUIPlugin:80 - create IPUIPlugin
2024-03-17 00:00:13,955 [INFO] IPUIPlugin:80 - create IPUIPlugin
2024-03-17 00:00:13,955 [INFO] IPUIPlugin:80 - create IPUIPlugin
2024-03-17 00:00:13,955 [INFO] IPUIPlugin:80 - create IPUIPlugin
2024-03-17 00:00:13,955 [INFO] IPUIPlugin:80 - create IPUIPlugin
2024-03-17 00:00:13,955 [INFO] IPUIPlugin:80 - create IPUIPlugin
2024-03-17 00:00:13,956 [INFO] IPUIPlugin:80 - create IPUIPlugin
2024-03-17 00:00:13,956 [INFO] IPUIPlugin:80 - create IPUIPlugin
2024-03-17 00:00:13,956 [INFO] IPUIPlugin:80 - create IPUIPlugin
2024-03-17 00:00:13,956 [INFO] IPUIPlugin:80 - create IPUIPlugin
2024-03-17 00:00:13,956 [INFO] IPUIPlugin:80 - create IPUIPlugin
2024-03-17 00:00:13,956 [INFO] IPUIPlugin:80 - create IPUIPlugin
2024-03-17 00:00:13,956 [INFO] IPUIPlugin:80 - create IPUIPlugin
2024-03-17 00:00:13,956 [INFO] IPUIPlugin:80 - create IPUIPlugin
2024-03-17 00:00:13,957 [INFO] IPUIPlugin:80 - create IPUIPlugin
2024-03-17 00:00:13,957 [INFO] IPUIPlugin:80 - create IPUIPlugin
2024-03-17 00:00:13,957 [INFO] IPUIPlugin:80 - create IPUIPlugin
2024-03-17 00:00:13,958 [INFO] IPUIPlugin:80 - create IPUIPlugin
2024-03-17 00:00:13,958 [INFO] IPUIPlugin:80 - create IPUIPlugin
2024-03-17 00:00:13,958 [INFO] IPUIPlugin:80 - create IPUIPlugin
2024-03-17 00:00:13,958 [INFO] IPUIPlugin:80 - create IPUIPlugin
2024-03-17 00:00:13,959 [INFO] IPUIPlugin:80 - create IPUIPlugin
2024-03-17 00:00:13,959 [INFO] IPUIPlugin:80 - create IPUIPlugin
2024-03-17 00:00:13,959 [INFO] IPUIPlugin:80 - create IPUIPlugin
2024-03-17 00:00:13,959 [INFO] IPUIPlugin:80 - create IPUIPlugin
2024-03-17 00:00:13,959 [INFO] IPUIPlugin:80 - create IPUIPlugin
2024-03-17 00:00:13,959 [INFO] IPUIPlugin:80 - create IPUIPlugin
2024-03-17 00:00:13,960 [INFO] IPUIPlugin:80 - create IPUIPlugin
2024-03-17 00:00:13,960 [INFO] IPUIPlugin:80 - create IPUIPlugin
2024-03-17 00:00:13,960 [INFO] IPUIPlugin:80 - create IPUIPlugin
2024-03-17 00:00:13,960 [INFO] IPUIPlugin:80 - create IPUIPlugin
2024-03-17 00:00:13,960 [INFO] IPUIPlugin:80 - create IPUIPlugin
2024-03-17 00:00:13,961 [INFO] IPUIPlugin:80 - create IPUIPlugin
2024-03-17 00:00:13,961 [INFO] IPUIPlugin:80 - create IPUIPlugin
2024-03-17 00:00:13,961 [INFO] IPUIPlugin:80 - create IPUIPlugin
2024-03-17 00:00:13,961 [INFO] IPUIPlugin:80 - create IPUIPlugin
2024-03-17 00:00:13,961 [INFO] IPUIPlugin:80 - create IPUIPlugin
2024-03-17 00:00:13,962 [INFO] IPUIPlugin:80 - create IPUIPlugin
2024-03-17 00:00:13,962 [INFO] IPUIPlugin:80 - create IPUIPlugin
2024-03-17 00:00:13,962 [INFO] IPUIPlugin:80 - create IPUIPlugin
2024-03-17 00:00:13,962 [INFO] IPUIPlugin:80 - create IPUIPlugin
2024-03-17 00:00:13,962 [INFO] IPUIPlugin:80 - create IPUIPlugin
2024-03-17 00:00:13,963 [INFO] IPUIPlugin:80 - create IPUIPlugin
2024-03-17 00:00:13,963 [INFO] IPUIPlugin:80 - create IPUIPlugin
2024-03-17 00:00:13,963 [INFO] IPUIPlugin:80 - create IPUIPlugin
2024-03-17 00:00:13,963 [INFO] IPUIPlugin:80 - create IPUIPlugin
2024-03-17 00:00:13,964 [INFO] IPUIPlugin:80 - create IPUIPlugin
2024-03-17 00:00:13,964 [INFO] IPUIPlugin:80 - create IPUIPlugin
2024-03-17 00:00:13,964 [INFO] IPUIPlugin:80 - create IPUIPlugin
2024-03-17 00:00:13,965 [INFO] IPUIPlugin:80 - create IPUIPlugin
2024-03-17 00:00:13,965 [INFO] IPUIPlugin:80 - create IPUIPlugin
2024-03-17 00:00:13,965 [INFO] IPUIPlugin:80 - create IPUIPlugin
2024-03-17 00:00:13,965 [INFO] IPUIPlugin:80 - create IPUIPlugin
2024-03-17 00:00:13,966 [INFO] IPUIPlugin:80 - create IPUIPlugin
2024-03-17 00:00:13,966 [INFO] IPUIPlugin:80 - create IPUIPlugin
2024-03-17 00:00:13,967 [INFO] IPUIPlugin:80 - create IPUIPlugin
2024-03-17 00:00:13,967 [INFO] IPUIPlugin:80 - create IPUIPlugin
2024-03-17 00:00:13,968 [INFO] IPUIPlugin:80 - create IPUIPlugin
2024-03-17 00:00:14,046 [INFO] CADModel:165 - CPN selected for project levelSTM32L476RGT3
2024-03-17 00:00:14,046 [INFO] CADModel:114 - Register for checkConnection events
2024-03-17 00:00:14,115 [INFO] OpenFileManager:343 - Restore cursor
2024-03-17 00:01:05,171 [INFO] MainUpdater:2873 - connection check result : 10
2024-03-17 00:01:05,171 [INFO] MainUpdater:2873 - connection check result : 10
2024-03-17 00:01:05,188 [INFO] MicroXplorer:468 - Change Database Path : 
2024-03-17 00:01:05,188 [INFO] MicroXplorer:498 - Change Database Version : DB.6.0.100
2024-03-17 00:01:05,194 [ERROR] ProjectManagerView:394 - 
java.lang.NullPointerException: Cannot invoke "javax.swing.JTextField.getText()" because the return value of "java.util.List.get(int)" is null
	at com.st.microxplorer.plugins.projectmanager.gui.ProjectChoiceTab$10.caretUpdate(ProjectChoiceTab.java:2493) ~[filemanager.jar:?]
	at javax.swing.text.JTextComponent.fireCaretUpdate(JTextComponent.java:412) ~[?:?]
	at javax.swing.text.JTextComponent$MutableCaretEvent.fire(JTextComponent.java:4491) ~[?:?]
	at javax.swing.text.JTextComponent$MutableCaretEvent.stateChanged(JTextComponent.java:4513) ~[?:?]
	at javax.swing.text.DefaultCaret.fireStateChanged(DefaultCaret.java:842) ~[?:?]
	at javax.swing.text.DefaultCaret.changeCaretPosition(DefaultCaret.java:1313) ~[?:?]
	at javax.swing.text.DefaultCaret.handleSetDot(DefaultCaret.java:1212) ~[?:?]
	at javax.swing.text.DefaultCaret.setDot(DefaultCaret.java:1193) ~[?:?]
	at javax.swing.text.DefaultCaret$Handler.insertUpdate(DefaultCaret.java:1789) ~[?:?]
	at javax.swing.text.AbstractDocument.fireInsertUpdate(AbstractDocument.java:226) ~[?:?]
	at javax.swing.text.AbstractDocument.handleInsertString(AbstractDocument.java:780) ~[?:?]
	at javax.swing.text.AbstractDocument.insertString(AbstractDocument.java:739) ~[?:?]
	at javax.swing.text.PlainDocument.insertString(PlainDocument.java:131) ~[?:?]
	at javax.swing.text.AbstractDocument.replace(AbstractDocument.java:698) ~[?:?]
	at javax.swing.text.JTextComponent.setText(JTextComponent.java:1729) ~[?:?]
	at com.st.microxplorer.plugins.projectmanager.gui.ProjectChoiceTab.createHeapStackFields(ProjectChoiceTab.java:933) ~[filemanager.jar:?]
	at com.st.microxplorer.plugins.projectmanager.gui.ProjectChoiceTab.buildLinkSettingsPanel(ProjectChoiceTab.java:3426) ~[filemanager.jar:?]
	at com.st.microxplorer.plugins.projectmanager.gui.ProjectChoiceTab.defineWindowsFields(ProjectChoiceTab.java:1813) ~[filemanager.jar:?]
	at com.st.microxplorer.plugins.projectmanager.gui.ProjectChoiceTab.updateSettings(ProjectChoiceTab.java:533) ~[filemanager.jar:?]
	at com.st.microxplorer.plugins.projectmanager.gui.ProjectSettingsPanel.UpdateDialog(ProjectSettingsPanel.java:244) ~[filemanager.jar:?]
	at com.st.microxplorer.plugins.projectmanager.ProjectManagerView.propertyChange(ProjectManagerView.java:391) ~[filemanager.jar:?]
	at java.beans.PropertyChangeSupport.fire(PropertyChangeSupport.java:343) ~[?:?]
	at java.beans.PropertyChangeSupport.firePropertyChange(PropertyChangeSupport.java:335) ~[?:?]
	at java.beans.PropertyChangeSupport.firePropertyChange(PropertyChangeSupport.java:268) ~[?:?]
	at com.st.microxplorer.util.MXPropertyChangeSupport.firePropertyChange(MXPropertyChangeSupport.java:54) ~[STM32CubeMX.jar:?]
	at com.st.microxplorer.mxsystem.MxSystem.closeConfig(MxSystem.java:900) ~[STM32CubeMX.jar:?]
	at com.st.microxplorer.maingui.MainPanel.closeConfig(MainPanel.java:776) ~[STM32CubeMX.jar:?]
	at com.st.microxplorer.plugins.filemanager.engine.OpenFileManager.loadConfigurationFile(OpenFileManager.java:245) ~[filemanager.jar:?]
	at com.st.microxplorer.plugins.filemanager.engine.MainFileManager.userLoadConfig(MainFileManager.java:290) ~[filemanager.jar:?]
	at com.st.microxplorer.plugins.filemanager.FileManagerView.getSpecificTask(FileManagerView.java:247) ~[filemanager.jar:?]
	at com.st.stm32cube.common.mx.editor.CubeMxEditor.getMxTabbedPaneInstance(CubeMxEditor.java:1184) ~[com.st.stm32cube.common.mx_6.10.0.202311202037/:?]
	at com.st.stm32cube.common.mx.editor.CubeMxEditor$12$1.createSwingComponent(CubeMxEditor.java:1065) ~[com.st.stm32cube.common.mx_6.10.0.202311202037/:?]
	at com.st.stm32cube.common.mx.oss.core.awtswtbridge.EmbeddedSwingComposite.doComponentCreation(EmbeddedSwingComposite.java:492) ~[com.st.stm32cube.common.mx.oss_6.10.0.202311202037/:?]
	at com.st.stm32cube.common.mx.oss.core.awtswtbridge.EmbeddedSwingComposite$4.run(EmbeddedSwingComposite.java:291) ~[com.st.stm32cube.common.mx.oss_6.10.0.202311202037/:?]
	at com.st.stm32cube.common.mx.oss.core.awtswtbridge.AwtEnvironment$2.run(AwtEnvironment.java:166) ~[com.st.stm32cube.common.mx.oss_6.10.0.202311202037/:?]
	at java.awt.event.InvocationEvent.dispatch(InvocationEvent.java:318) ~[?:?]
	at java.awt.EventQueue.dispatchEventImpl(EventQueue.java:773) ~[?:?]
	at java.awt.EventQueue$4.run(EventQueue.java:720) ~[?:?]
	at java.awt.EventQueue$4.run(EventQueue.java:714) ~[?:?]
	at java.security.AccessController.doPrivileged(AccessController.java:399) ~[?:?]
	at java.security.ProtectionDomain$JavaSecurityAccessImpl.doIntersectionPrivilege(ProtectionDomain.java:86) ~[?:?]
	at java.awt.EventQueue.dispatchEvent(EventQueue.java:742) ~[?:?]
	at java.awt.EventDispatchThread.pumpOneEventForFilters(EventDispatchThread.java:203) ~[?:?]
	at java.awt.EventDispatchThread.pumpEventsForFilter(EventDispatchThread.java:124) ~[?:?]
	at java.awt.EventDispatchThread.pumpEventsForHierarchy(EventDispatchThread.java:113) ~[?:?]
	at java.awt.EventDispatchThread.pumpEvents(EventDispatchThread.java:109) ~[?:?]
	at java.awt.EventDispatchThread.pumpEvents(EventDispatchThread.java:101) ~[?:?]
	at java.awt.EventDispatchThread.run(EventDispatchThread.java:90) ~[?:?]
2024-03-17 00:01:05,195 [WARN] ThirdParty:871 - waiting for thirdparty lock release [close project]
2024-03-17 00:01:05,195 [INFO] ThirdParty:873 - entering critical section [close project]
2024-03-17 00:01:05,195 [INFO] ThirdParty:883 - exiting critical section [close project]
2024-03-17 00:01:05,196 [INFO] PinOutPanel:1499 - setPackage(No Configuration,No Configuration)
2024-03-17 00:01:05,201 [INFO] UtilMem:75 - Begin LoadConfig() Used Memory: 709199480 Bytes (1073741824)
2024-03-17 00:01:05,202 [INFO] MicroXplorer:468 - Change Database Path : 
2024-03-17 00:01:05,202 [INFO] MicroXplorer:498 - Change Database Version : DB.6.0.100
2024-03-17 00:01:05,202 [INFO] OpenFileManager:312 - Change cursor
2024-03-17 00:01:05,230 [INFO] Mcu:2016 - Initializing MCU STM32L476R(C-E-G)Tx STM32L476RGTx STM32L476RGT3
2024-03-17 00:01:07,699 [INFO] Context:659 - Trying to add GPIOservice into a context  which must be forbidden
2024-03-17 00:01:08,081 [INFO] RtosManager:555 - Registered RTOS mode: class=CMSIS, group=RTOS, mode=CMSIS_V1, owner=FREERTOS
2024-03-17 00:01:08,081 [INFO] RtosManager:555 - Registered RTOS mode: class=CMSIS, group=RTOS2, mode=CMSIS_V2, owner=FREERTOS
2024-03-17 00:01:08,081 [INFO] RtosManager:555 - Registered RTOS mode: class=RTOS, group=Core, mode=CMSIS_V1, owner=FREERTOS
2024-03-17 00:01:08,081 [INFO] RtosManager:555 - Registered RTOS mode: class=RTOS, group=Core, mode=CMSIS_V2, owner=FREERTOS
2024-03-17 00:01:08,081 [WARN] ModelIntegratedComponent:184 - Missing modes for component STMicroelectronics:FreeRTOS:0.0.1:STMicroelectronics:RTOS:FreeRTOS:Core:::10.2.0:
2024-03-17 00:01:08,095 [WARN] ModelIntegratedComponent:63 - No mode defined for component null
2024-03-17 00:01:08,096 [WARN] ModelIntegratedComponent:63 - No mode defined for component null
2024-03-17 00:01:08,096 [WARN] ModelIntegratedComponent:63 - No mode defined for component null
2024-03-17 00:01:08,096 [WARN] ModelIntegratedComponent:63 - No mode defined for component null
2024-03-17 00:01:08,096 [WARN] ModelIntegratedComponent:63 - No mode defined for component null
2024-03-17 00:01:08,096 [WARN] ModelIntegratedComponent:63 - No mode defined for component null
2024-03-17 00:01:08,096 [WARN] ModelIntegratedComponent:63 - No mode defined for component null
2024-03-17 00:01:08,096 [WARN] ModelIntegratedComponent:63 - No mode defined for component null
2024-03-17 00:01:08,096 [WARN] ModelIntegratedComponent:63 - No mode defined for component null
2024-03-17 00:01:08,096 [WARN] ModelIntegratedComponent:63 - No mode defined for component null
2024-03-17 00:01:08,096 [WARN] ModelIntegratedComponent:63 - No mode defined for component null
2024-03-17 00:01:08,096 [WARN] ModelIntegratedComponent:63 - No mode defined for component null
2024-03-17 00:01:08,096 [WARN] ModelIntegratedComponent:63 - No mode defined for component null
2024-03-17 00:01:08,096 [WARN] ModelIntegratedComponent:63 - No mode defined for component null
2024-03-17 00:01:08,096 [WARN] ModelIntegratedComponent:63 - No mode defined for component null
2024-03-17 00:01:08,096 [WARN] ModelIntegratedComponent:63 - No mode defined for component null
2024-03-17 00:01:08,096 [WARN] ModelIntegratedComponent:63 - No mode defined for component null
2024-03-17 00:01:08,096 [WARN] ModelIntegratedComponent:63 - No mode defined for component null
2024-03-17 00:01:08,096 [WARN] ModelIntegratedComponent:63 - No mode defined for component null
2024-03-17 00:01:08,096 [WARN] ModelIntegratedComponent:63 - No mode defined for component null
2024-03-17 00:01:08,096 [WARN] ModelIntegratedComponent:63 - No mode defined for component null
2024-03-17 00:01:08,096 [WARN] ModelIntegratedComponent:63 - No mode defined for component null
2024-03-17 00:01:08,096 [WARN] ModelIntegratedComponent:63 - No mode defined for component null
2024-03-17 00:01:08,096 [WARN] ModelIntegratedComponent:63 - No mode defined for component null
2024-03-17 00:01:08,096 [WARN] ModelIntegratedComponent:63 - No mode defined for component null
2024-03-17 00:01:08,096 [WARN] ModelIntegratedComponent:63 - No mode defined for component null
2024-03-17 00:01:08,096 [WARN] ModelIntegratedComponent:63 - No mode defined for component null
2024-03-17 00:01:08,097 [WARN] ModelIntegratedComponent:63 - No mode defined for component null
2024-03-17 00:01:08,097 [WARN] ModelIntegratedComponent:63 - No mode defined for component null
2024-03-17 00:01:08,097 [WARN] ModelIntegratedComponent:63 - No mode defined for component null
2024-03-17 00:01:08,097 [WARN] ModelIntegratedComponent:63 - No mode defined for component null
2024-03-17 00:01:08,097 [WARN] ModelIntegratedComponent:63 - No mode defined for component null
2024-03-17 00:01:08,097 [WARN] ModelIntegratedComponent:63 - No mode defined for component null
2024-03-17 00:01:08,228 [INFO] ThirdPartyModel:298 - Start build external matchings
2024-03-17 00:01:08,795 [INFO] ThirdPartyModel:316 - End build external matchings
2024-03-17 00:01:08,804 [INFO] ImportTextPane:194 - (OptionalMessage_ERROR) IP (RCC) : Invalid parameter (FamilyName)
2024-03-17 00:01:08,806 [INFO] ImportTextPane:194 - (OptionalMessage_ERROR) IP (RCC) : Parameter (RNGFreq_Value) has invalid value (64000000)
2024-03-17 00:01:08,806 [INFO] ImportTextPane:194 - (OptionalMessage_ERROR) IP (RCC) : Parameter (SDMMCFreq_Value) has invalid value (64000000)
2024-03-17 00:01:08,806 [INFO] ImportTextPane:194 - (OptionalMessage_ERROR) IP (RCC) : Parameter (USBFreq_Value) has invalid value (64000000)
2024-03-17 00:01:09,262 [INFO] UtilMem:75 - End LoadConfig() Used Memory: 706926872 Bytes (1073741824)
2024-03-17 00:01:09,293 [INFO] MicroXplorer:468 - Change Database Path : 
2024-03-17 00:01:09,293 [INFO] MicroXplorer:498 - Change Database Version : DB.6.0.100
2024-03-17 00:01:09,294 [WARN] ThirdParty:833 - waiting for thirdparty lock release [change project]
2024-03-17 00:01:09,295 [INFO] ThirdParty:835 - entering critical section [change project]
2024-03-17 00:01:09,295 [INFO] ThirdParty:1030 - CMSIS Pack Vendor :STMicroelectronics USBPD 4.1
2024-03-17 00:01:09,295 [INFO] ThirdParty:1030 - CMSIS Pack Vendor :STMicroelectronics X-CUBE-GNSS1 6.0.0
2024-03-17 00:01:09,295 [INFO] ThirdParty:1030 - CMSIS Pack Vendor :STMicroelectronics USB_HOST 2.0.0
2024-03-17 00:01:09,295 [INFO] ThirdParty:1030 - CMSIS Pack Vendor :STMicroelectronics X-CUBE-AZRTOS-F4 1.1.0
2024-03-17 00:01:09,295 [INFO] ThirdParty:1030 - CMSIS Pack Vendor :STMicroelectronics LIBJPEG 8.0.0
2024-03-17 00:01:09,295 [INFO] ThirdParty:1030 - CMSIS Pack Vendor :wolfSSL I-CUBE-wolfSSL 5.6.4
2024-03-17 00:01:09,295 [INFO] ThirdParty:1030 - CMSIS Pack Vendor :STMicroelectronics X-CUBE-SMBUS 2.1.0
2024-03-17 00:01:09,295 [INFO] ThirdParty:1030 - CMSIS Pack Vendor :STMicroelectronics USB_DEVICE 3.0.0
2024-03-17 00:01:09,295 [INFO] ThirdParty:1030 - CMSIS Pack Vendor :STMicroelectronics X-CUBE-AZRTOS-WB 2.0.0
2024-03-17 00:01:09,295 [INFO] ThirdParty:1030 - CMSIS Pack Vendor :STMicroelectronics X-CUBE-TOUCHGFX 4.23.0
2024-03-17 00:01:09,295 [INFO] ThirdParty:1030 - CMSIS Pack Vendor :STMicroelectronics X-CUBE-AZRTOS-F7 1.1.0
2024-03-17 00:01:09,295 [INFO] ThirdParty:1030 - CMSIS Pack Vendor :STMicroelectronics X-CUBE-AZRTOS-L5 2.0.0
2024-03-17 00:01:09,295 [INFO] ThirdParty:1030 - CMSIS Pack Vendor :STMicroelectronics USB_DEVICE 2.0.0
2024-03-17 00:01:09,295 [INFO] ThirdParty:1030 - CMSIS Pack Vendor :STMicroelectronics X-CUBE-EEPRMA1 4.2.0
2024-03-17 00:01:09,295 [INFO] ThirdParty:1030 - CMSIS Pack Vendor :ITTIA_DB I-CUBE-ITTIADB 8.8.0
2024-03-17 00:01:09,295 [INFO] ThirdParty:1030 - CMSIS Pack Vendor :STMicroelectronics FP-SNS-MOTENV1 4.3.2
2024-03-17 00:01:09,295 [INFO] ThirdParty:1030 - CMSIS Pack Vendor :STMicroelectronics X-CUBE-ALGOBUILD 1.3.0
2024-03-17 00:01:09,295 [INFO] ThirdParty:1030 - CMSIS Pack Vendor :STMicroelectronics FreeRTOS 0.0.1
2024-03-17 00:01:09,295 [INFO] ThirdParty:1030 - CMSIS Pack Vendor :STMicroelectronics X-CUBE-AZRTOS-G0 1.1.0
2024-03-17 00:01:09,295 [INFO] ThirdParty:1030 - CMSIS Pack Vendor :STMicroelectronics X-CUBE-NFC4 3.0.0
2024-03-17 00:01:09,295 [INFO] ThirdParty:1030 - CMSIS Pack Vendor :STMicroelectronics X-CUBE-SUBG2 5.0.0
2024-03-17 00:01:09,295 [INFO] ThirdParty:1030 - CMSIS Pack Vendor :STMicroelectronics STM32_WPAN 1.0.0
2024-03-17 00:01:09,295 [INFO] ThirdParty:1030 - CMSIS Pack Vendor :STMicroelectronics lwIP 2.0.3
2024-03-17 00:01:09,295 [INFO] ThirdParty:1030 - CMSIS Pack Vendor :STMicroelectronics FP-SNS-FLIGHT1 5.0.2
2024-03-17 00:01:09,296 [INFO] ThirdParty:1030 - CMSIS Pack Vendor :STMicroelectronics USB_HOST 1.0.0
2024-03-17 00:01:09,296 [INFO] ThirdParty:1030 - CMSIS Pack Vendor :STMicroelectronics X-CUBE-AZRTOS-G4 2.0.0
2024-03-17 00:01:09,296 [INFO] ThirdParty:1030 - CMSIS Pack Vendor :STMicroelectronics PDM2PCM 3.1.0
2024-03-17 00:01:09,296 [INFO] ThirdParty:1030 - CMSIS Pack Vendor :Infineon AIROC-Wi-Fi-Bluetooth-STM32 1.5.1
2024-03-17 00:01:09,296 [INFO] ThirdParty:1030 - CMSIS Pack Vendor :STMicroelectronics X-CUBE-BLEMGR 3.0.0
2024-03-17 00:01:09,296 [INFO] ThirdParty:1030 - CMSIS Pack Vendor :STMicroelectronics PDM2PCM 3.3.0
2024-03-17 00:01:09,296 [INFO] ThirdParty:1030 - CMSIS Pack Vendor :STMicroelectronics X-CUBE-DISPLAY 3.0.0
2024-03-17 00:01:09,296 [INFO] ThirdParty:1030 - CMSIS Pack Vendor :STMicroelectronics FP-SNS-MOTENVWB1 1.3.1
2024-03-17 00:01:09,296 [INFO] ThirdParty:1030 - CMSIS Pack Vendor :STMicroelectronics X-CUBE-BLE1 7.0.0
2024-03-17 00:01:09,296 [INFO] ThirdParty:1030 - CMSIS Pack Vendor :STMicroelectronics FP-ATR-SIGFOX1 3.2.0
2024-03-17 00:01:09,296 [INFO] ThirdParty:1030 - CMSIS Pack Vendor :STMicroelectronics X-CUBE-ISPU 2.0.0
2024-03-17 00:01:09,296 [INFO] ThirdParty:1030 - CMSIS Pack Vendor :STMicroelectronics X-CUBE-EEPRMA1 5.1.0
2024-03-17 00:01:09,296 [INFO] ThirdParty:1030 - CMSIS Pack Vendor :STMicroelectronics HAL Drivers 0.0.0
2024-03-17 00:01:09,296 [INFO] ThirdParty:1030 - CMSIS Pack Vendor :STMicroelectronics MBEDTLS 2.16.2
2024-03-17 00:01:09,296 [INFO] ThirdParty:1030 - CMSIS Pack Vendor :emotas I-CUBE-CANOPEN 1.3.0
2024-03-17 00:01:09,296 [INFO] ThirdParty:1030 - CMSIS Pack Vendor :STMicroelectronics X-CUBE-MEMS1 10.0.0
2024-03-17 00:01:09,296 [INFO] ThirdParty:1030 - CMSIS Pack Vendor :STMicroelectronics X-CUBE-FREERTOS 1.1.0
2024-03-17 00:01:09,296 [INFO] ThirdParty:1030 - CMSIS Pack Vendor :STMicroelectronics X-CUBE-NFC7 1.0.1
2024-03-17 00:01:09,296 [INFO] ThirdParty:1030 - CMSIS Pack Vendor :STMicroelectronics MBEDTLS 2.14.1
2024-03-17 00:01:09,296 [INFO] ThirdParty:1030 - CMSIS Pack Vendor :STMicroelectronics X-CUBE-NFC6 3.0.0
2024-03-17 00:01:09,296 [INFO] ThirdParty:1030 - CMSIS Pack Vendor :portGmbH I-Cube-SoM-uGOAL 1.1.0
2024-03-17 00:01:09,296 [INFO] ThirdParty:1030 - CMSIS Pack Vendor :STMicroelectronics X-CUBE-ALS 1.0.1
2024-03-17 00:01:09,296 [INFO] ThirdParty:1030 - CMSIS Pack Vendor :STMicroelectronics X-CUBE-BLEMGR 3.1.0
2024-03-17 00:01:09,296 [INFO] ThirdParty:1030 - CMSIS Pack Vendor :STMicroelectronics ThreadX 1.0.0
2024-03-17 00:01:09,296 [INFO] ThirdParty:1030 - CMSIS Pack Vendor :STMicroelectronics FP-SNS-SMARTAG2 1.2.0
2024-03-17 00:01:09,296 [INFO] ThirdParty:1030 - CMSIS Pack Vendor :STMicroelectronics X-CUBE-AZRTOS-WL 2.0.0
2024-03-17 00:01:09,296 [INFO] ThirdParty:1030 - CMSIS Pack Vendor :SEGGER I-CUBE-embOS 1.3.1
2024-03-17 00:01:09,296 [INFO] ThirdParty:1030 - CMSIS Pack Vendor :STMicroelectronics USB_DEVICE 1.0.0
2024-03-17 00:01:09,296 [INFO] ThirdParty:1030 - CMSIS Pack Vendor :STMicroelectronics X-CUBE-AI 8.1.0
2024-03-17 00:01:09,296 [INFO] ThirdParty:1030 - CMSIS Pack Vendor :STMicroelectronics X-CUBE-AZRTOS-L4 2.0.0
2024-03-17 00:01:09,296 [INFO] ThirdParty:1030 - CMSIS Pack Vendor :STMicroelectronics ThreadX 0.0.2
2024-03-17 00:01:09,296 [INFO] ThirdParty:1030 - CMSIS Pack Vendor :WES I-CUBE-Cesium 1.3.0
2024-03-17 00:01:09,296 [INFO] ThirdParty:1030 - CMSIS Pack Vendor :STMicroelectronics FP-ATR-ASTRA1 2.0.0
2024-03-17 00:01:09,296 [INFO] ThirdParty:1030 - CMSIS Pack Vendor :STMicroelectronics lwIP 2.1.2
2024-03-17 00:01:09,296 [INFO] ThirdParty:1030 - CMSIS Pack Vendor :STMicroelectronics X-CUBE-SFXS2LP1 4.0.0
2024-03-17 00:01:09,296 [INFO] ThirdParty:1030 - CMSIS Pack Vendor :STMicroelectronics X-CUBE-BLE2 3.3.0
2024-03-17 00:01:09,296 [INFO] ThirdParty:1030 - CMSIS Pack Vendor :STMicroelectronics X-CUBE-TOF1 3.4.0
2024-03-17 00:01:09,296 [INFO] ThirdParty:1030 - CMSIS Pack Vendor :STMicroelectronics X-CUBE-TOF1 3.4.1
2024-03-17 00:01:09,296 [INFO] ThirdParty:1030 - CMSIS Pack Vendor :STMicroelectronics X-CUBE-AZRTOS-H7 3.2.0
2024-03-17 00:01:09,297 [INFO] ThirdParty:1030 - CMSIS Pack Vendor :STMicroelectronics PDM2PCM 3.2.0
2024-03-17 00:01:09,297 [INFO] ThirdParty:841 - exiting critical section [change project]
2024-03-17 00:01:09,522 [INFO] PinOutPanel:1499 - setPackage(No Configuration,No Configuration)
2024-03-17 00:01:09,523 [INFO] PinOutPanel:1499 - setPackage(STM32L476RGTx,LQFP64)
2024-03-17 00:01:09,980 [INFO] UtilMem:75 - Before build in PCC Used Memory: 777307336 Bytes (1073741824)
2024-03-17 00:01:10,224 [INFO] UtilMem:75 - After build in PCC Used Memory: 857599440 Bytes (1073741824)
2024-03-17 00:01:10,259 [INFO] IPUIPlugin:80 - create IPUIPlugin
2024-03-17 00:01:10,259 [INFO] IPUIPlugin:80 - create IPUIPlugin
2024-03-17 00:01:10,259 [INFO] IPUIPlugin:80 - create IPUIPlugin
2024-03-17 00:01:10,259 [INFO] IPUIPlugin:80 - create IPUIPlugin
2024-03-17 00:01:10,259 [INFO] IPUIPlugin:80 - create IPUIPlugin
2024-03-17 00:01:10,259 [INFO] IPUIPlugin:80 - create IPUIPlugin
2024-03-17 00:01:10,259 [INFO] IPUIPlugin:80 - create IPUIPlugin
2024-03-17 00:01:10,260 [INFO] IPUIPlugin:80 - create IPUIPlugin
2024-03-17 00:01:10,260 [INFO] IPUIPlugin:80 - create IPUIPlugin
2024-03-17 00:01:10,260 [INFO] IPUIPlugin:80 - create IPUIPlugin
2024-03-17 00:01:10,260 [INFO] IPUIPlugin:80 - create IPUIPlugin
2024-03-17 00:01:10,260 [INFO] IPUIPlugin:80 - create IPUIPlugin
2024-03-17 00:01:10,260 [INFO] IPUIPlugin:80 - create IPUIPlugin
2024-03-17 00:01:10,260 [INFO] IPUIPlugin:80 - create IPUIPlugin
2024-03-17 00:01:10,260 [INFO] IPUIPlugin:80 - create IPUIPlugin
2024-03-17 00:01:10,260 [INFO] IPUIPlugin:80 - create IPUIPlugin
2024-03-17 00:01:10,260 [INFO] IPUIPlugin:80 - create IPUIPlugin
2024-03-17 00:01:10,260 [INFO] IPUIPlugin:80 - create IPUIPlugin
2024-03-17 00:01:10,261 [INFO] IPUIPlugin:80 - create IPUIPlugin
2024-03-17 00:01:10,261 [INFO] IPUIPlugin:80 - create IPUIPlugin
2024-03-17 00:01:10,261 [INFO] IPUIPlugin:80 - create IPUIPlugin
2024-03-17 00:01:10,261 [INFO] IPUIPlugin:80 - create IPUIPlugin
2024-03-17 00:01:10,261 [INFO] IPUIPlugin:80 - create IPUIPlugin
2024-03-17 00:01:10,261 [INFO] IPUIPlugin:80 - create IPUIPlugin
2024-03-17 00:01:10,262 [INFO] IPUIPlugin:80 - create IPUIPlugin
2024-03-17 00:01:10,262 [INFO] IPUIPlugin:80 - create IPUIPlugin
2024-03-17 00:01:10,262 [INFO] IPUIPlugin:80 - create IPUIPlugin
2024-03-17 00:01:10,262 [INFO] IPUIPlugin:80 - create IPUIPlugin
2024-03-17 00:01:10,262 [INFO] IPUIPlugin:80 - create IPUIPlugin
2024-03-17 00:01:10,262 [INFO] IPUIPlugin:80 - create IPUIPlugin
2024-03-17 00:01:10,263 [INFO] IPUIPlugin:80 - create IPUIPlugin
2024-03-17 00:01:10,263 [INFO] IPUIPlugin:80 - create IPUIPlugin
2024-03-17 00:01:10,263 [INFO] IPUIPlugin:80 - create IPUIPlugin
2024-03-17 00:01:10,263 [INFO] IPUIPlugin:80 - create IPUIPlugin
2024-03-17 00:01:10,263 [INFO] IPUIPlugin:80 - create IPUIPlugin
2024-03-17 00:01:10,264 [INFO] IPUIPlugin:80 - create IPUIPlugin
2024-03-17 00:01:10,264 [INFO] IPUIPlugin:80 - create IPUIPlugin
2024-03-17 00:01:10,264 [INFO] IPUIPlugin:80 - create IPUIPlugin
2024-03-17 00:01:10,264 [INFO] IPUIPlugin:80 - create IPUIPlugin
2024-03-17 00:01:10,265 [INFO] IPUIPlugin:80 - create IPUIPlugin
2024-03-17 00:01:10,265 [INFO] IPUIPlugin:80 - create IPUIPlugin
2024-03-17 00:01:10,265 [INFO] IPUIPlugin:80 - create IPUIPlugin
2024-03-17 00:01:10,266 [INFO] IPUIPlugin:80 - create IPUIPlugin
2024-03-17 00:01:10,266 [INFO] IPUIPlugin:80 - create IPUIPlugin
2024-03-17 00:01:10,266 [INFO] IPUIPlugin:80 - create IPUIPlugin
2024-03-17 00:01:10,266 [INFO] IPUIPlugin:80 - create IPUIPlugin
2024-03-17 00:01:10,267 [INFO] IPUIPlugin:80 - create IPUIPlugin
2024-03-17 00:01:10,267 [INFO] IPUIPlugin:80 - create IPUIPlugin
2024-03-17 00:01:10,267 [INFO] IPUIPlugin:80 - create IPUIPlugin
2024-03-17 00:01:10,268 [INFO] IPUIPlugin:80 - create IPUIPlugin
2024-03-17 00:01:10,268 [INFO] IPUIPlugin:80 - create IPUIPlugin
2024-03-17 00:01:10,272 [INFO] IPUIPlugin:80 - create IPUIPlugin
2024-03-17 00:01:10,272 [INFO] IPUIPlugin:80 - create IPUIPlugin
2024-03-17 00:01:10,273 [INFO] IPUIPlugin:80 - create IPUIPlugin
2024-03-17 00:01:10,273 [INFO] IPUIPlugin:80 - create IPUIPlugin
2024-03-17 00:01:10,274 [INFO] IPUIPlugin:80 - create IPUIPlugin
2024-03-17 00:01:10,274 [INFO] IPUIPlugin:80 - create IPUIPlugin
2024-03-17 00:01:10,274 [INFO] IPUIPlugin:80 - create IPUIPlugin
2024-03-17 00:01:10,275 [INFO] IPUIPlugin:80 - create IPUIPlugin
2024-03-17 00:01:10,339 [INFO] CADModel:165 - CPN selected for project levelSTM32L476RGT3
2024-03-17 00:01:10,339 [INFO] CADModel:114 - Register for checkConnection events
2024-03-17 00:01:10,378 [INFO] OpenFileManager:343 - Restore cursor
2024-03-17 00:02:18,319 [INFO] Gpio:277 - dependency for GPIO [RCC, SYS, USART2]
2024-03-17 00:03:19,369 [INFO] UtilMem:75 - End SaveConfig() Used Memory: 673088464 Bytes (1073741824)
2024-03-17 00:03:20,772 [INFO] UtilMem:75 - End SaveConfig() Used Memory: 701400016 Bytes (1073741824)
2024-03-17 00:03:20,989 [INFO] UtilMem:75 - End SaveConfig() Used Memory: 730233808 Bytes (1073741824)
2024-03-17 00:03:21,221 [INFO] BlockDiagram:2759 - set Specific Code input for plugin: SYS
2024-03-17 00:03:21,221 [INFO] BlockDiagram:2759 - set Specific Code input for plugin: RCC
2024-03-17 00:03:21,221 [INFO] BlockDiagram:2759 - set Specific Code input for plugin: NVIC
2024-03-17 00:03:21,221 [INFO] BlockDiagram:2759 - set Specific Code input for plugin: USART
2024-03-17 00:03:21,221 [INFO] BlockDiagram:2759 - set Specific Code input for plugin: GPIO
2024-03-17 00:03:21,222 [INFO] CodeGenerator:807 - code generatio: config db path: C:\ST\STM32CubeIDE_1.14.0\STM32CubeIDE\plugins\com.st.stm32cube.common.mx_6.10.0.202311202037\\db\
2024-03-17 00:03:21,423 [INFO] CodeEngine:255 - oldGeneratedFile, C:\Users\User\Desktop\stm32\stm32\forbotCourse\project2\MXTmpFiles\license.tmp_save
2024-03-17 00:03:21,655 [INFO] CodeEngine:279 - Generated code: C:\Users\User\Desktop\stm32\stm32\forbotCourse\project2\MXTmpFiles\license.tmp
2024-03-17 00:03:21,697 [INFO] CodeEngine:255 - oldGeneratedFile, C:\Users\User\Desktop\stm32\stm32\forbotCourse\project2\MXTmpFiles\gpio.tmp_save
2024-03-17 00:03:21,822 [INFO] CodeEngine:279 - Generated code: C:\Users\User\Desktop\stm32\stm32\forbotCourse\project2\MXTmpFiles\gpio.tmp
2024-03-17 00:03:21,940 [INFO] CodeEngine:255 - oldGeneratedFile, C:\Users\User\Desktop\stm32\stm32\forbotCourse\project2\Core\Src\stm32l4xx_it.c_save
2024-03-17 00:03:22,373 [INFO] CodeEngine:279 - Generated code: C:\Users\User\Desktop\stm32\stm32\forbotCourse\project2\Core\Src\stm32l4xx_it.c
2024-03-17 00:03:22,383 [INFO] CodeEngine:255 - oldGeneratedFile, C:\Users\User\Desktop\stm32\stm32\forbotCourse\project2\Core\Inc\stm32l4xx_it.h_save
2024-03-17 00:03:22,841 [INFO] CodeEngine:279 - Generated code: C:\Users\User\Desktop\stm32\stm32\forbotCourse\project2\Core\Inc\stm32l4xx_it.h
2024-03-17 00:03:22,868 [INFO] CodeEngine:255 - oldGeneratedFile, C:\Users\User\Desktop\stm32\stm32\forbotCourse\project2\Core\Src\stm32l4xx_hal_msp.c_save
2024-03-17 00:03:23,022 [INFO] CodeEngine:279 - Generated code: C:\Users\User\Desktop\stm32\stm32\forbotCourse\project2\Core\Src\stm32l4xx_hal_msp.c
2024-03-17 00:03:23,026 [INFO] CodeEngine:255 - oldGeneratedFile, C:\Users\User\Desktop\stm32\stm32\forbotCourse\project2\MXTmpFiles\system.tmp_save
2024-03-17 00:03:23,093 [INFO] CodeEngine:279 - Generated code: C:\Users\User\Desktop\stm32\stm32\forbotCourse\project2\MXTmpFiles\system.tmp
2024-03-17 00:03:23,115 [INFO] CodeEngine:311 - oldGeneratedFile, C:\Users\User\Desktop\stm32\stm32\forbotCourse\project2\Core\Inc\stm32l4xx_hal_conf.h_save
2024-03-17 00:03:23,220 [INFO] CodeEngine:335 - Generated code: C:\Users\User\Desktop\stm32\stm32\forbotCourse\project2\Core\Inc\stm32l4xx_hal_conf.h
2024-03-17 00:03:23,269 [INFO] CodeEngine:255 - oldGeneratedFile, C:\Users\User\Desktop\stm32\stm32\forbotCourse\project2\Core\Inc\main.h_save
2024-03-17 00:03:23,392 [INFO] CodeEngine:279 - Generated code: C:\Users\User\Desktop\stm32\stm32\forbotCourse\project2\Core\Inc\main.h
2024-03-17 00:03:23,408 [INFO] CodeEngine:255 - oldGeneratedFile, C:\Users\User\Desktop\stm32\stm32\forbotCourse\project2\Core\Src\main.c_save
2024-03-17 00:03:23,527 [INFO] CodeEngine:279 - Generated code: C:\Users\User\Desktop\stm32\stm32\forbotCourse\project2\Core\Src\main.c
2024-03-17 00:03:24,333 [INFO] ProjectBuilder:3076 - Time for Copy HAL[1] : 289mS.
2024-03-17 00:03:24,337 [INFO] ProjectBuilder:4485 - Project Generator version: 4.2.0-B44
2024-03-17 00:03:24,727 [INFO] ConfigFileManager:1495 - The Die is : DIE415
2024-03-17 00:03:24,732 [INFO] ApiDbMcu:508 - Load IP Config File for FATFS
2024-03-17 00:03:24,737 [INFO] ApiDbMcu:508 - Load IP Config File for FREERTOS
2024-03-17 00:03:24,751 [INFO] ApiDbMcu:508 - Load IP Config File for TOUCHSENSING
2024-03-17 00:03:24,757 [INFO] ApiDbMcu:508 - Load IP Config File for USB_DEVICE
2024-03-17 00:03:24,761 [INFO] ApiDbMcu:508 - Load IP Config File for USB_HOST
2024-03-17 00:03:28,045 [INFO] ProjectBuilder:4747 - Time for Generating toolchain IDE Files: 3708mS.
2024-03-17 00:03:28,048 [INFO] ProjectBuilder:2947 - Time for Copy CMSIS : 2mS.
2024-03-17 00:03:28,054 [INFO] ProjectBuilder:2947 - Time for Copy CMSIS : 0mS.
2024-03-17 00:04:04,218 [INFO] Gpio:277 - dependency for GPIO [RCC, SYS, USART2]
2024-03-17 00:04:22,001 [INFO] UtilMem:75 - End SaveConfig() Used Memory: 921325152 Bytes (1073741824)
2024-03-17 00:04:27,846 [INFO] UtilMem:75 - End SaveConfig() Used Memory: 955928152 Bytes (1073741824)
2024-03-17 00:04:28,069 [INFO] UtilMem:75 - End SaveConfig() Used Memory: 642504488 Bytes (1073741824)
2024-03-17 00:04:28,314 [INFO] BlockDiagram:2759 - set Specific Code input for plugin: SYS
2024-03-17 00:04:28,314 [INFO] BlockDiagram:2759 - set Specific Code input for plugin: RCC
2024-03-17 00:04:28,314 [INFO] BlockDiagram:2759 - set Specific Code input for plugin: NVIC
2024-03-17 00:04:28,314 [INFO] BlockDiagram:2759 - set Specific Code input for plugin: USART
2024-03-17 00:04:28,314 [INFO] BlockDiagram:2759 - set Specific Code input for plugin: GPIO
2024-03-17 00:04:28,315 [INFO] CodeGenerator:807 - code generatio: config db path: C:\ST\STM32CubeIDE_1.14.0\STM32CubeIDE\plugins\com.st.stm32cube.common.mx_6.10.0.202311202037\\db\
2024-03-17 00:04:28,485 [INFO] CodeEngine:255 - oldGeneratedFile, C:\Users\User\Desktop\stm32\stm32\forbotCourse\project2\MXTmpFiles\license.tmp_save
2024-03-17 00:04:28,603 [INFO] CodeEngine:279 - Generated code: C:\Users\User\Desktop\stm32\stm32\forbotCourse\project2\MXTmpFiles\license.tmp
2024-03-17 00:04:28,635 [INFO] CodeEngine:255 - oldGeneratedFile, C:\Users\User\Desktop\stm32\stm32\forbotCourse\project2\MXTmpFiles\gpio.tmp_save
2024-03-17 00:04:28,759 [INFO] CodeEngine:279 - Generated code: C:\Users\User\Desktop\stm32\stm32\forbotCourse\project2\MXTmpFiles\gpio.tmp
2024-03-17 00:04:28,946 [INFO] CodeEngine:255 - oldGeneratedFile, C:\Users\User\Desktop\stm32\stm32\forbotCourse\project2\Core\Src\stm32l4xx_it.c_save
2024-03-17 00:04:29,307 [INFO] CodeEngine:279 - Generated code: C:\Users\User\Desktop\stm32\stm32\forbotCourse\project2\Core\Src\stm32l4xx_it.c
2024-03-17 00:04:29,644 [INFO] CodeEngine:255 - oldGeneratedFile, C:\Users\User\Desktop\stm32\stm32\forbotCourse\project2\Core\Inc\stm32l4xx_it.h_save
2024-03-17 00:04:29,729 [INFO] CodeEngine:279 - Generated code: C:\Users\User\Desktop\stm32\stm32\forbotCourse\project2\Core\Inc\stm32l4xx_it.h
2024-03-17 00:04:29,754 [INFO] CodeEngine:255 - oldGeneratedFile, C:\Users\User\Desktop\stm32\stm32\forbotCourse\project2\Core\Src\stm32l4xx_hal_msp.c_save
2024-03-17 00:04:29,929 [INFO] CodeEngine:279 - Generated code: C:\Users\User\Desktop\stm32\stm32\forbotCourse\project2\Core\Src\stm32l4xx_hal_msp.c
2024-03-17 00:04:29,936 [INFO] CodeEngine:255 - oldGeneratedFile, C:\Users\User\Desktop\stm32\stm32\forbotCourse\project2\MXTmpFiles\system.tmp_save
2024-03-17 00:04:29,996 [INFO] CodeEngine:279 - Generated code: C:\Users\User\Desktop\stm32\stm32\forbotCourse\project2\MXTmpFiles\system.tmp
2024-03-17 00:04:30,019 [INFO] CodeEngine:311 - oldGeneratedFile, C:\Users\User\Desktop\stm32\stm32\forbotCourse\project2\Core\Inc\stm32l4xx_hal_conf.h_save
2024-03-17 00:04:30,140 [INFO] CodeEngine:335 - Generated code: C:\Users\User\Desktop\stm32\stm32\forbotCourse\project2\Core\Inc\stm32l4xx_hal_conf.h
2024-03-17 00:04:30,196 [INFO] CodeEngine:255 - oldGeneratedFile, C:\Users\User\Desktop\stm32\stm32\forbotCourse\project2\Core\Inc\main.h_save
2024-03-17 00:04:30,321 [INFO] CodeEngine:279 - Generated code: C:\Users\User\Desktop\stm32\stm32\forbotCourse\project2\Core\Inc\main.h
2024-03-17 00:04:30,339 [INFO] CodeEngine:255 - oldGeneratedFile, C:\Users\User\Desktop\stm32\stm32\forbotCourse\project2\Core\Src\main.c_save
2024-03-17 00:04:30,465 [INFO] CodeEngine:279 - Generated code: C:\Users\User\Desktop\stm32\stm32\forbotCourse\project2\Core\Src\main.c
2024-03-17 00:04:31,169 [INFO] ProjectBuilder:3076 - Time for Copy HAL[1] : 239mS.
2024-03-17 00:04:31,173 [INFO] ProjectBuilder:4485 - Project Generator version: 4.2.0-B44
2024-03-17 00:04:31,593 [INFO] ConfigFileManager:1495 - The Die is : DIE415
2024-03-17 00:04:34,734 [INFO] ProjectBuilder:4747 - Time for Generating toolchain IDE Files: 3561mS.
2024-03-17 00:04:34,735 [INFO] ProjectBuilder:2947 - Time for Copy CMSIS : 0mS.
2024-03-17 00:04:34,739 [INFO] ProjectBuilder:2947 - Time for Copy CMSIS : 0mS.
2024-03-17 00:17:45,768 [INFO] Gpio:277 - dependency for GPIO [RCC, SYS, USART2]
2024-03-17 00:19:49,585 [INFO] UtilMem:75 - End SaveConfig() Used Memory: 934065056 Bytes (1073741824)
2024-03-17 00:19:50,751 [INFO] UtilMem:75 - End SaveConfig() Used Memory: 631530312 Bytes (1073741824)
2024-03-17 00:19:50,984 [INFO] UtilMem:75 - End SaveConfig() Used Memory: 659591928 Bytes (1073741824)
2024-03-17 00:19:51,215 [INFO] BlockDiagram:2759 - set Specific Code input for plugin: SYS
2024-03-17 00:19:51,215 [INFO] BlockDiagram:2759 - set Specific Code input for plugin: RCC
2024-03-17 00:19:51,215 [INFO] BlockDiagram:2759 - set Specific Code input for plugin: NVIC
2024-03-17 00:19:51,216 [INFO] BlockDiagram:2759 - set Specific Code input for plugin: USART
2024-03-17 00:19:51,216 [INFO] BlockDiagram:2759 - set Specific Code input for plugin: GPIO
2024-03-17 00:19:51,217 [INFO] CodeGenerator:807 - code generatio: config db path: C:\ST\STM32CubeIDE_1.14.0\STM32CubeIDE\plugins\com.st.stm32cube.common.mx_6.10.0.202311202037\\db\
2024-03-17 00:19:51,394 [INFO] CodeEngine:255 - oldGeneratedFile, C:\Users\User\Desktop\stm32\stm32\forbotCourse\project2\MXTmpFiles\license.tmp_save
2024-03-17 00:19:51,495 [INFO] CodeEngine:279 - Generated code: C:\Users\User\Desktop\stm32\stm32\forbotCourse\project2\MXTmpFiles\license.tmp
2024-03-17 00:19:51,534 [INFO] CodeEngine:255 - oldGeneratedFile, C:\Users\User\Desktop\stm32\stm32\forbotCourse\project2\MXTmpFiles\gpio.tmp_save
2024-03-17 00:19:51,650 [INFO] CodeEngine:279 - Generated code: C:\Users\User\Desktop\stm32\stm32\forbotCourse\project2\MXTmpFiles\gpio.tmp
2024-03-17 00:19:51,964 [INFO] CodeEngine:255 - oldGeneratedFile, C:\Users\User\Desktop\stm32\stm32\forbotCourse\project2\Core\Src\stm32l4xx_it.c_save
2024-03-17 00:19:52,946 [INFO] CodeEngine:279 - Generated code: C:\Users\User\Desktop\stm32\stm32\forbotCourse\project2\Core\Src\stm32l4xx_it.c
2024-03-17 00:19:52,953 [INFO] CodeEngine:255 - oldGeneratedFile, C:\Users\User\Desktop\stm32\stm32\forbotCourse\project2\Core\Inc\stm32l4xx_it.h_save
2024-03-17 00:19:53,050 [INFO] CodeEngine:279 - Generated code: C:\Users\User\Desktop\stm32\stm32\forbotCourse\project2\Core\Inc\stm32l4xx_it.h
2024-03-17 00:19:53,071 [INFO] CodeEngine:255 - oldGeneratedFile, C:\Users\User\Desktop\stm32\stm32\forbotCourse\project2\Core\Src\stm32l4xx_hal_msp.c_save
2024-03-17 00:19:53,172 [INFO] CodeEngine:279 - Generated code: C:\Users\User\Desktop\stm32\stm32\forbotCourse\project2\Core\Src\stm32l4xx_hal_msp.c
2024-03-17 00:19:53,178 [INFO] CodeEngine:255 - oldGeneratedFile, C:\Users\User\Desktop\stm32\stm32\forbotCourse\project2\MXTmpFiles\system.tmp_save
2024-03-17 00:19:53,239 [INFO] CodeEngine:279 - Generated code: C:\Users\User\Desktop\stm32\stm32\forbotCourse\project2\MXTmpFiles\system.tmp
2024-03-17 00:19:53,257 [INFO] CodeEngine:311 - oldGeneratedFile, C:\Users\User\Desktop\stm32\stm32\forbotCourse\project2\Core\Inc\stm32l4xx_hal_conf.h_save
2024-03-17 00:19:53,355 [INFO] CodeEngine:335 - Generated code: C:\Users\User\Desktop\stm32\stm32\forbotCourse\project2\Core\Inc\stm32l4xx_hal_conf.h
2024-03-17 00:19:53,400 [INFO] CodeEngine:255 - oldGeneratedFile, C:\Users\User\Desktop\stm32\stm32\forbotCourse\project2\Core\Inc\main.h_save
2024-03-17 00:19:53,518 [INFO] CodeEngine:279 - Generated code: C:\Users\User\Desktop\stm32\stm32\forbotCourse\project2\Core\Inc\main.h
2024-03-17 00:19:53,534 [INFO] CodeEngine:255 - oldGeneratedFile, C:\Users\User\Desktop\stm32\stm32\forbotCourse\project2\Core\Src\main.c_save
2024-03-17 00:19:53,650 [INFO] CodeEngine:279 - Generated code: C:\Users\User\Desktop\stm32\stm32\forbotCourse\project2\Core\Src\main.c
2024-03-17 00:19:54,315 [INFO] ProjectBuilder:3076 - Time for Copy HAL[1] : 221mS.
2024-03-17 00:19:54,318 [INFO] ProjectBuilder:4485 - Project Generator version: 4.2.0-B44
2024-03-17 00:19:54,675 [INFO] ConfigFileManager:1495 - The Die is : DIE415
2024-03-17 00:19:57,847 [INFO] ProjectBuilder:4747 - Time for Generating toolchain IDE Files: 3529mS.
2024-03-17 00:19:57,850 [INFO] ProjectBuilder:2947 - Time for Copy CMSIS : 1mS.
2024-03-17 00:19:57,853 [INFO] ProjectBuilder:2947 - Time for Copy CMSIS : 0mS.
