2024-04-15 00:35:14,018 [INFO] MainUpdater:2873 - connection check result : 10
2024-04-15 00:35:14,163 [INFO] McuFinderGlobals:76 - Set McuFinderConnectedMode to true
2024-04-15 00:35:14,165 [INFO] MultiScanPanel:200 - Auto-refresh data requested => check proxy status ongoing
2024-04-15 00:35:14,165 [INFO] FinderPluginLoader:95 - Searching for filters in installed packs
2024-04-15 00:35:15,033 [INFO] LoadUrlFilesThread:185 - End of LoadServerUrlFiles without Thread
2024-04-15 00:35:15,033 [INFO] DetailPanel:341 - Set advertising image to C:/Users/User/STM32Cube/Repository/\en.prom-stm32wl3-mcu-finder.jpg
2024-04-15 00:35:18,992 [INFO] MultiScanPanel:200 - Auto-refresh data requested => check proxy status ongoing
2024-04-15 00:35:19,093 [INFO] LoadUrlFilesThread:185 - End of LoadServerUrlFiles without Thread
2024-04-15 00:35:19,094 [INFO] DetailPanel:341 - Set advertising image to C:/Users/User/STM32Cube/Repository/\en.prom-stm32wl3-mcu-finder.jpg
2024-04-15 00:36:26,871 [INFO] MainUpdater:2873 - connection check result : 10
2024-04-15 00:36:26,871 [INFO] MainUpdater:2873 - connection check result : 10
2024-04-15 00:36:26,888 [INFO] MicroXplorer:468 - Change Database Path : 
2024-04-15 00:36:26,888 [INFO] MicroXplorer:498 - Change Database Version : DB.6.0.100
2024-04-15 00:36:26,897 [ERROR] ProjectManagerView:394 - 
java.lang.NullPointerException: Cannot invoke "javax.swing.JTextField.getText()" because the return value of "java.util.List.get(int)" is null
	at com.st.microxplorer.plugins.projectmanager.gui.ProjectChoiceTab$10.caretUpdate(ProjectChoiceTab.java:2493) ~[filemanager.jar:?]
	at javax.swing.text.JTextComponent.fireCaretUpdate(JTextComponent.java:412) ~[?:?]
	at javax.swing.text.JTextComponent$MutableCaretEvent.fire(JTextComponent.java:4491) ~[?:?]
	at javax.swing.text.JTextComponent$MutableCaretEvent.stateChanged(JTextComponent.java:4513) ~[?:?]
	at javax.swing.text.DefaultCaret.fireStateChanged(DefaultCaret.java:842) ~[?:?]
	at javax.swing.text.DefaultCaret.changeCaretPosition(DefaultCaret.java:1313) ~[?:?]
	at javax.swing.text.DefaultCaret.handleSetDot(DefaultCaret.java:1212) ~[?:?]
	at javax.swing.text.DefaultCaret.setDot(DefaultCaret.java:1193) ~[?:?]
	at javax.swing.text.DefaultCaret$Handler.insertUpdate(DefaultCaret.java:1789) ~[?:?]
	at javax.swing.text.AbstractDocument.fireInsertUpdate(AbstractDocument.java:226) ~[?:?]
	at javax.swing.text.AbstractDocument.handleInsertString(AbstractDocument.java:780) ~[?:?]
	at javax.swing.text.AbstractDocument.insertString(AbstractDocument.java:739) ~[?:?]
	at javax.swing.text.PlainDocument.insertString(PlainDocument.java:131) ~[?:?]
	at javax.swing.text.AbstractDocument.replace(AbstractDocument.java:698) ~[?:?]
	at javax.swing.text.JTextComponent.setText(JTextComponent.java:1729) ~[?:?]
	at com.st.microxplorer.plugins.projectmanager.gui.ProjectChoiceTab.createHeapStackFields(ProjectChoiceTab.java:933) ~[filemanager.jar:?]
	at com.st.microxplorer.plugins.projectmanager.gui.ProjectChoiceTab.buildLinkSettingsPanel(ProjectChoiceTab.java:3426) ~[filemanager.jar:?]
	at com.st.microxplorer.plugins.projectmanager.gui.ProjectChoiceTab.defineWindowsFields(ProjectChoiceTab.java:1813) ~[filemanager.jar:?]
	at com.st.microxplorer.plugins.projectmanager.gui.ProjectChoiceTab.updateSettings(ProjectChoiceTab.java:533) ~[filemanager.jar:?]
	at com.st.microxplorer.plugins.projectmanager.gui.ProjectSettingsPanel.UpdateDialog(ProjectSettingsPanel.java:244) ~[filemanager.jar:?]
	at com.st.microxplorer.plugins.projectmanager.ProjectManagerView.propertyChange(ProjectManagerView.java:391) ~[filemanager.jar:?]
	at java.beans.PropertyChangeSupport.fire(PropertyChangeSupport.java:343) ~[?:?]
	at java.beans.PropertyChangeSupport.firePropertyChange(PropertyChangeSupport.java:335) ~[?:?]
	at java.beans.PropertyChangeSupport.firePropertyChange(PropertyChangeSupport.java:268) ~[?:?]
	at com.st.microxplorer.util.MXPropertyChangeSupport.firePropertyChange(MXPropertyChangeSupport.java:54) ~[STM32CubeMX.jar:?]
	at com.st.microxplorer.mxsystem.MxSystem.closeConfig(MxSystem.java:900) ~[STM32CubeMX.jar:?]
	at com.st.microxplorer.maingui.MainPanel.closeConfig(MainPanel.java:776) ~[STM32CubeMX.jar:?]
	at com.st.microxplorer.plugins.filemanager.engine.OpenFileManager.loadConfigurationFile(OpenFileManager.java:245) ~[filemanager.jar:?]
	at com.st.microxplorer.plugins.filemanager.engine.MainFileManager.userLoadConfig(MainFileManager.java:290) ~[filemanager.jar:?]
	at com.st.microxplorer.plugins.filemanager.FileManagerView.getSpecificTask(FileManagerView.java:247) ~[filemanager.jar:?]
	at com.st.stm32cube.common.mx.editor.CubeMxEditor.getMxTabbedPaneInstance(CubeMxEditor.java:1184) ~[com.st.stm32cube.common.mx_6.10.0.202311202037/:?]
	at com.st.stm32cube.common.mx.editor.CubeMxEditor$12$1.createSwingComponent(CubeMxEditor.java:1065) ~[com.st.stm32cube.common.mx_6.10.0.202311202037/:?]
	at com.st.stm32cube.common.mx.oss.core.awtswtbridge.EmbeddedSwingComposite.doComponentCreation(EmbeddedSwingComposite.java:492) ~[com.st.stm32cube.common.mx.oss_6.10.0.202311202037/:?]
	at com.st.stm32cube.common.mx.oss.core.awtswtbridge.EmbeddedSwingComposite$4.run(EmbeddedSwingComposite.java:291) ~[com.st.stm32cube.common.mx.oss_6.10.0.202311202037/:?]
	at com.st.stm32cube.common.mx.oss.core.awtswtbridge.AwtEnvironment$2.run(AwtEnvironment.java:166) ~[com.st.stm32cube.common.mx.oss_6.10.0.202311202037/:?]
	at java.awt.event.InvocationEvent.dispatch(InvocationEvent.java:318) ~[?:?]
	at java.awt.EventQueue.dispatchEventImpl(EventQueue.java:773) ~[?:?]
	at java.awt.EventQueue$4.run(EventQueue.java:720) ~[?:?]
	at java.awt.EventQueue$4.run(EventQueue.java:714) ~[?:?]
	at java.security.AccessController.doPrivileged(AccessController.java:399) ~[?:?]
	at java.security.ProtectionDomain$JavaSecurityAccessImpl.doIntersectionPrivilege(ProtectionDomain.java:86) ~[?:?]
	at java.awt.EventQueue.dispatchEvent(EventQueue.java:742) ~[?:?]
	at java.awt.EventDispatchThread.pumpOneEventForFilters(EventDispatchThread.java:203) ~[?:?]
	at java.awt.EventDispatchThread.pumpEventsForFilter(EventDispatchThread.java:124) ~[?:?]
	at java.awt.EventDispatchThread.pumpEventsForHierarchy(EventDispatchThread.java:113) ~[?:?]
	at java.awt.EventDispatchThread.pumpEvents(EventDispatchThread.java:109) ~[?:?]
	at java.awt.EventDispatchThread.pumpEvents(EventDispatchThread.java:101) ~[?:?]
	at java.awt.EventDispatchThread.run(EventDispatchThread.java:90) ~[?:?]
2024-04-15 00:36:26,898 [WARN] ThirdParty:871 - waiting for thirdparty lock release [close project]
2024-04-15 00:36:26,898 [INFO] ThirdParty:873 - entering critical section [close project]
2024-04-15 00:36:26,898 [INFO] ThirdParty:883 - exiting critical section [close project]
2024-04-15 00:36:26,901 [INFO] PinOutPanel:1499 - setPackage(No Configuration,No Configuration)
2024-04-15 00:36:26,907 [INFO] UtilMem:75 - Begin LoadConfig() Used Memory: 743407208 Bytes (1073741824)
2024-04-15 00:36:26,908 [INFO] OpenFileManager:312 - Change cursor
2024-04-15 00:36:26,936 [INFO] RulesReader:64 - Compatibility file has been processed (297 Rules)
2024-04-15 00:36:26,939 [INFO] ProjectFactory:440 - No CPN specified for board NUCLEO-L476RG => set CPN to STM32L476RGT3
2024-04-15 00:36:26,939 [INFO] Mcu:2016 - Initializing MCU STM32L476R(C-E-G)Tx STM32L476RGTx STM32L476RGT3
2024-04-15 00:36:29,073 [INFO] Context:659 - Trying to add GPIOservice into a context  which must be forbidden
2024-04-15 00:36:29,573 [INFO] Rule:228 - rule 117617 - U5Cobra4M][GTZC] default value MPCBB3 and MPCBB5 - Not Secured memory - MPCBB1 is applicable
2024-04-15 00:36:29,573 [INFO] Rule:228 - rule 117617 - U5Cobra4M][GTZC] default value MPCBB3 and MPCBB5 - Not Secured memory - MPCBB1 is applicable
2024-04-15 00:36:29,573 [INFO] Rule:228 - rule 117617 - U5Cobra4M][GTZC] default value MPCBB3 and MPCBB5 - Not Secured memory - MPCBB2 is applicable
2024-04-15 00:36:29,573 [INFO] Rule:228 - rule 117617 - U5Cobra4M][GTZC] default value MPCBB3 and MPCBB5 - Not Secured memory - MPCBB2 is applicable
2024-04-15 00:36:29,573 [INFO] Rule:228 - rule 117617 - U5Cobra4M][GTZC] default value MPCBB3 and MPCBB5 - Not Secured memory - MPCBB3 is applicable
2024-04-15 00:36:29,573 [INFO] Rule:228 - rule 117617 - U5Cobra4M][GTZC] default value MPCBB3 and MPCBB5 - Not Secured memory - MPCBB3 is applicable
2024-04-15 00:36:29,573 [INFO] Rule:228 - rule 117617 - U5Cobra4M][GTZC] default value MPCBB3 and MPCBB5 - Not Secured memory - MPCBB4 is applicable
2024-04-15 00:36:29,573 [INFO] Rule:228 - rule 117617 - U5Cobra4M][GTZC] default value MPCBB3 and MPCBB5 - Not Secured memory - MPCBB4 is applicable
2024-04-15 00:36:29,573 [INFO] Rule:228 - rule 117617 - U5Cobra4M][GTZC] default value MPCBB3 and MPCBB5 - Secured memory - MPCBB1 is applicable
2024-04-15 00:36:29,573 [INFO] Rule:228 - rule 117617 - U5Cobra4M][GTZC] default value MPCBB3 and MPCBB5 - Secured memory - MPCBB2 is applicable
2024-04-15 00:36:29,573 [INFO] Rule:228 - rule 117617 - U5Cobra4M][GTZC] default value MPCBB3 and MPCBB5 - Secured memory - MPCBB3 is applicable
2024-04-15 00:36:29,573 [INFO] Rule:228 - rule 117617 - U5Cobra4M][GTZC] default value MPCBB3 and MPCBB5 - Secured memory - MPCBB4 is applicable
2024-04-15 00:36:29,573 [INFO] Rule:228 - rule 117617 - U5Cobra4M][GTZC] default value MPCBB3 and MPCBB5 - Privileged memory - MPCBB1 is applicable
2024-04-15 00:36:29,573 [INFO] Rule:228 - rule 117617 - U5Cobra4M][GTZC] default value MPCBB3 and MPCBB5 - Privileged memory - MPCBB2 is applicable
2024-04-15 00:36:29,573 [INFO] Rule:228 - rule 117617 - U5Cobra4M][GTZC] default value MPCBB3 and MPCBB5 - Privileged memory - MPCBB3 is applicable
2024-04-15 00:36:29,573 [INFO] Rule:228 - rule 117617 - U5Cobra4M][GTZC] default value MPCBB3 and MPCBB5 - Privileged memory - MPCBB4 is applicable
2024-04-15 00:36:29,573 [INFO] Rule:228 - rule 117617 - U5Cobra4M][GTZC] default value MPCBB3 and MPCBB5 - Not Privileged memory - MPCBB1 is applicable
2024-04-15 00:36:29,573 [INFO] Rule:228 - rule 117617 - U5Cobra4M][GTZC] default value MPCBB3 and MPCBB5 - Not Privileged memory - MPCBB2 is applicable
2024-04-15 00:36:29,574 [INFO] Rule:228 - rule 117617 - U5Cobra4M][GTZC] default value MPCBB3 and MPCBB5 - Not Privileged memory - MPCBB3 is applicable
2024-04-15 00:36:29,574 [INFO] Rule:228 - rule 117617 - U5Cobra4M][GTZC] default value MPCBB3 and MPCBB5 - Not Privileged memory - MPCBB4 is applicable
2024-04-15 00:36:29,574 [INFO] Rule:228 - rule 117617 - U5Cobra4M][GTZC] default value MPCBB3 and MPCBB5 - Privileged memory - MPCBB1 is applicable
2024-04-15 00:36:29,574 [INFO] Rule:228 - rule 117617 - U5Cobra4M][GTZC] default value MPCBB3 and MPCBB5 - Privileged memory - MPCBB2 is applicable
2024-04-15 00:36:29,574 [INFO] Rule:228 - rule 117617 - U5Cobra4M][GTZC] default value MPCBB3 and MPCBB5 - Privileged memory - MPCBB3 is applicable
2024-04-15 00:36:29,574 [INFO] Rule:228 - rule 117617 - U5Cobra4M][GTZC] default value MPCBB3 and MPCBB5 - Privileged memory - MPCBB4 is applicable
2024-04-15 00:36:29,574 [INFO] Rule:228 - rule 117617 - U5Cobra4M][GTZC] default value MPCBB3 and MPCBB5 - Privileged memory - MPCBB1 is applicable
2024-04-15 00:36:29,574 [INFO] Rule:228 - rule 117617 - U5Cobra4M][GTZC] default value MPCBB3 and MPCBB5 - Privileged memory - MPCBB2 is applicable
2024-04-15 00:36:29,574 [INFO] Rule:228 - rule 117617 - U5Cobra4M][GTZC] default value MPCBB3 and MPCBB5 - Privileged memory - MPCBB3 is applicable
2024-04-15 00:36:29,574 [INFO] Rule:228 - rule 117617 - U5Cobra4M][GTZC] default value MPCBB3 and MPCBB5 - Privileged memory - MPCBB4 is applicable
2024-04-15 00:36:29,574 [INFO] Rule:228 - rule 117617 - U5Cobra4M][GTZC] default value MPCBB3 and MPCBB5 - Not Privileged memory - MPCBB1 is applicable
2024-04-15 00:36:29,574 [INFO] Rule:228 - rule 117617 - U5Cobra4M][GTZC] default value MPCBB3 and MPCBB5 - Not Privileged memory - MPCBB2 is applicable
2024-04-15 00:36:29,574 [INFO] Rule:228 - rule 117617 - U5Cobra4M][GTZC] default value MPCBB3 and MPCBB5 - Not Privileged memory - MPCBB3 is applicable
2024-04-15 00:36:29,574 [INFO] Rule:228 - rule 117617 - U5Cobra4M][GTZC] default value MPCBB3 and MPCBB5 - Not Privileged memory - MPCBB4 is applicable
2024-04-15 00:36:29,574 [INFO] Rule:228 - rule 117617 - U5Cobra4M][GTZC] default value MPCBB3 and MPCBB5 - Privileged memory - MPCBB1 is applicable
2024-04-15 00:36:29,574 [INFO] Rule:228 - rule 117617 - U5Cobra4M][GTZC] default value MPCBB3 and MPCBB5 - Privileged memory - MPCBB2 is applicable
2024-04-15 00:36:29,574 [INFO] Rule:228 - rule 117617 - U5Cobra4M][GTZC] default value MPCBB3 and MPCBB5 - Privileged memory - MPCBB3 is applicable
2024-04-15 00:36:29,574 [INFO] Rule:228 - rule 117617 - U5Cobra4M][GTZC] default value MPCBB3 and MPCBB5 - Privileged memory - MPCBB4 is applicable
2024-04-15 00:36:29,574 [INFO] Rule:228 - rule Rename SubGHz_Phy SUBGHZ_APPLICATION SUBGHZ_PINGPONG to SUBGHZ_ADV_APPLICATION is applicable
2024-04-15 00:36:29,574 [INFO] Rule:228 - rule Rename Enabled to IBEACON is applicable
2024-04-15 00:36:29,574 [INFO] Rule:228 - rule GTZC_S instance for project manager is applicable
2024-04-15 00:36:29,574 [INFO] Rule:228 - rule GTZC_S instance for context M33S is applicable
2024-04-15 00:36:29,574 [INFO] Rule:228 - rule GTZC_S instance value for IP GTZC is applicable
2024-04-15 00:36:29,574 [INFO] Rule:228 - rule GTZC_S instance for mcu.IP is applicable
2024-04-15 00:36:29,574 [INFO] Rule:228 - rule GTZC_S instance for VP is applicable
2024-04-15 00:36:29,574 [INFO] Rule:228 - rule GTZC_S instance for signal is applicable
2024-04-15 00:36:29,574 [INFO] Rule:228 - rule GTZC_S instance for mcu.Pin is applicable
2024-04-15 00:36:29,574 [INFO] Rule:228 - rule GTZC_S instance for VP is applicable
2024-04-15 00:36:29,574 [INFO] Rule:228 - rule GTZC_S instance for signal is applicable
2024-04-15 00:36:29,574 [INFO] Rule:228 - rule GTZC_S instance for mcu is applicable
2024-04-15 00:36:29,574 [INFO] Rule:228 - rule GTZC_S instance for mcu.Pin is applicable
2024-04-15 00:36:29,574 [INFO] Rule:228 - rule GTZC_S instance value for IP GTZC is applicable
2024-04-15 00:36:29,574 [INFO] Rule:228 - rule GTZC_S instance for project manager is applicable
2024-04-15 00:36:29,574 [INFO] Rule:228 - rule GTZC_S instance for context M33S is applicable
2024-04-15 00:36:29,574 [INFO] Rule:228 - rule GTZC_S instance for VP is applicable
2024-04-15 00:36:29,574 [INFO] Rule:228 - rule GTZC_S instance for signal is applicable
2024-04-15 00:36:29,574 [INFO] Rule:228 - rule SPDIFRX instance for mcu is applicable
2024-04-15 00:36:29,574 [INFO] Rule:228 - rule Rename Tracer Mode is applicable
2024-04-15 00:36:29,575 [INFO] Rule:228 - rule SPDIFRX instance value for IP SPDIFRX is applicable
2024-04-15 00:36:29,575 [INFO] Rule:228 - rule SPDIFRX instance for signal is applicable
2024-04-15 00:36:29,575 [INFO] Rule:228 - rule SPDIFRX instance for project manager is applicable
2024-04-15 00:36:29,575 [INFO] Rule:228 - rule SPDIFRX instance for project manager is applicable
2024-04-15 00:36:29,575 [INFO] Rule:228 - rule ADC Scan  fix with FW F7 is applicable
2024-04-15 00:36:29,575 [INFO] Rule:228 - rule ADC Scan  fix with FW F7 is applicable
2024-04-15 00:36:29,575 [INFO] Rule:228 - rule WakeUp0 Mode is applicable
2024-04-15 00:36:29,575 [INFO] Rule:228 - rule WakeUp0 SIGNAL is applicable
2024-04-15 00:36:29,575 [INFO] Rule:228 - rule WakeUp1 Mode is applicable
2024-04-15 00:36:29,575 [INFO] Rule:228 - rule WakeUp1 SIGNAL is applicable
2024-04-15 00:36:29,575 [INFO] Rule:228 - rule WakeUp2 Mode is applicable
2024-04-15 00:36:29,575 [INFO] Rule:228 - rule WakeUp2 SIGNAL is applicable
2024-04-15 00:36:29,575 [INFO] Rule:228 - rule WakeUp4 Mode is applicable
2024-04-15 00:36:29,575 [INFO] Rule:228 - rule WakeUp4 SIGNAL is applicable
2024-04-15 00:36:29,575 [INFO] Rule:228 - rule WakeUp5 Mode is applicable
2024-04-15 00:36:29,575 [INFO] Rule:228 - rule WakeUp5 SIGNAL is applicable
2024-04-15 00:36:29,575 [INFO] Rule:228 - rule Add RTC Activate Clock Source is applicable
2024-04-15 00:36:29,575 [INFO] Rule:228 - rule Add RTC Activate Calendar 1 is applicable
2024-04-15 00:36:29,575 [INFO] Rule:228 - rule Add RTC Activate Calendar 2 is applicable
2024-04-15 00:36:29,575 [INFO] Rule:228 - rule Add RTC Activate Calendar 3 is applicable
2024-04-15 00:36:29,575 [INFO] Rule:228 - rule UART/USART TX Mode is applicable
2024-04-15 00:36:29,575 [INFO] Rule:228 - rule UART/USART RX Mode is applicable
2024-04-15 00:36:29,575 [INFO] Rule:228 - rule UART/USART RX TX Mode is applicable
2024-04-15 00:36:29,575 [INFO] Rule:228 - rule UART/USART PARITY NONE is applicable
2024-04-15 00:36:29,575 [INFO] Rule:228 - rule UART/USART PARITY EVEN is applicable
2024-04-15 00:36:29,575 [INFO] Rule:228 - rule UART/USART PARITY ODD is applicable
2024-04-15 00:36:29,575 [INFO] Rule:228 - rule USART StopBits 1 is applicable
2024-04-15 00:36:29,575 [INFO] Rule:228 - rule USART StopBits 2 is applicable
2024-04-15 00:36:29,575 [INFO] Rule:228 - rule USART StopBits 1.5 is applicable
2024-04-15 00:36:29,575 [INFO] Rule:228 - rule USART StopBits 0.5 is applicable
2024-04-15 00:36:29,575 [INFO] Rule:228 - rule UART/USART WORD LENGTH 7 is applicable
2024-04-15 00:36:29,575 [INFO] Rule:228 - rule UART/USART WORD LENGTH 8 is applicable
2024-04-15 00:36:29,575 [INFO] Rule:228 - rule UART/USART WORD LENGTH 9 is applicable
2024-04-15 00:36:29,576 [INFO] Rule:228 - rule Rename FMC NAND NCE signal is applicable
2024-04-15 00:36:29,576 [INFO] Rule:228 - rule Rename FMC NAND INT signal is applicable
2024-04-15 00:36:29,576 [INFO] Rule:228 - rule Change Default Value for LSE Drive Capability for WB family is applicable
2024-04-15 00:36:29,576 [INFO] Rule:228 - rule Change Default Value for ADC Clock Prescaler G0 family is applicable
2024-04-15 00:36:29,576 [INFO] Rule:228 - rule Change Default Value for ADC ExternalTrigConv L4 family is applicable
2024-04-15 00:36:29,576 [INFO] Rule:228 - rule Change Default Value for ADC ExternalTrigInjecConv L4 family is applicable
2024-04-15 00:36:29,576 [INFO] Rule:228 - rule Change Default Value for ADC ExternalTrigConv F3 family is applicable
2024-04-15 00:36:29,576 [INFO] Rule:228 - rule Change Default Value for ADC ExternalTrigInjecConv F3 family is applicable
2024-04-15 00:36:29,576 [INFO] Rule:228 - rule Change Default Value for ADC ExternalTrigConv Goldfish serie is applicable
2024-04-15 00:36:29,576 [INFO] Rule:228 - rule Change Default Value for ADC ExternalTrigInjecConv Goldfish serie is applicable
2024-04-15 00:36:29,576 [INFO] Rule:228 - rule Change Default Value for ADC ExternalTrigConv L0 family is applicable
2024-04-15 00:36:29,576 [INFO] Rule:228 - rule Change Default Value for ADC ExternalTrigConv F0 family is applicable
2024-04-15 00:36:29,576 [INFO] Rule:228 - rule Change Default Value for ADC ExternalTrigConvn L1 family is applicable
2024-04-15 00:36:29,576 [INFO] Rule:228 - rule Change Default Value for ADC ExternalTrigInjecConv L1 family is applicable
2024-04-15 00:36:29,576 [INFO] Rule:228 - rule Change Default Value for ADC ExternalTrigConv F1 family is applicable
2024-04-15 00:36:29,576 [INFO] Rule:228 - rule Change Default Value for ADC ExternalTrigInjecConv F1 family is applicable
2024-04-15 00:36:29,576 [INFO] Rule:228 - rule Change Default Value for ADC ExternalTrigConv F7 family is applicable
2024-04-15 00:36:29,576 [INFO] Rule:228 - rule Change Default Value for ADC ExternalTrigInjecConv F7 family is applicable
2024-04-15 00:36:29,576 [INFO] Rule:228 - rule Change Default Value for ADC ExternalTrigConv F4 and F2 family is applicable
2024-04-15 00:36:29,576 [INFO] Rule:228 - rule Change Default Value for ADC ExternalTrigInjecConv F4 and F2 family is applicable
2024-04-15 00:36:29,576 [INFO] Rule:228 - rule ADC SamplingTime fix with FW L0  is applicable
2024-04-15 00:36:29,576 [INFO] Rule:228 - rule ADC SamplingTime fix with FW L0  is applicable
2024-04-15 00:36:29,576 [INFO] Rule:228 - rule ADC SamplingTime fix with FW L0 is applicable
2024-04-15 00:36:29,576 [INFO] Rule:228 - rule ADC SamplingTime fix with FW L0 is applicable
2024-04-15 00:36:29,576 [INFO] Rule:228 - rule ADC SamplingTime fix with FW L0  is applicable
2024-04-15 00:36:29,576 [INFO] Rule:228 - rule ADC SamplingTime fix with FW L0 is applicable
2024-04-15 00:36:29,576 [INFO] Rule:228 - rule Rename USB_OE Signal is applicable
2024-04-15 00:36:29,577 [INFO] Rule:228 - rule Rename Activate_OE Mode is applicable
2024-04-15 00:36:29,577 [INFO] Rule:228 - rule Rename DIE462/DIE415 pin PC14/OSC32_IN -> PC14-OSC32_IN (PC14) is applicable
2024-04-15 00:36:29,577 [INFO] Rule:228 - rule Rename DIE462/DIE415 pin PC15/OSC32_OUT -> PC15-OSC32_OUT (PC15) is applicable
2024-04-15 00:36:29,577 [INFO] Rule:228 - rule Rename DIE462/DIE415 pin PH0/OSC_IN -> PH0-OSC_IN (PH0) is applicable
2024-04-15 00:36:29,577 [INFO] Rule:228 - rule Rename DIE462/DIE415 pin PH1/OSC_OUT -> PH1-OSC_OUT (PH1) is applicable
2024-04-15 00:36:29,577 [INFO] Rule:228 - rule Rename DIE462 pin PA13 -> PA13 (JTMS/SWDIO) is applicable
2024-04-15 00:36:29,577 [INFO] Rule:228 - rule Rename DIE415 pin PA13 -> PA13 (JTMS/SWDIO) is applicable
2024-04-15 00:36:29,577 [INFO] Rule:228 - rule Rename DIE462 pin PA14 -> PA14 (JTCK/SWCLK) is applicable
2024-04-15 00:36:29,577 [INFO] Rule:228 - rule Rename DIE415 pin PA14 -> PA14 (JTCK/SWCLK) is applicable
2024-04-15 00:36:29,577 [INFO] Rule:228 - rule Rename DIE462/DIE415 pin PA15 -> PA15 (JTDI) is applicable
2024-04-15 00:36:29,577 [INFO] Rule:228 - rule Rename DIE462 pin PB3 -> PB3 (JTD0/TRACESWO) is applicable
2024-04-15 00:36:29,577 [INFO] Rule:228 - rule Rename DIE415 pin PB3 -> PB3 (JTD0-TRACESWO) is applicable
2024-04-15 00:36:29,577 [INFO] Rule:228 - rule Rename DIE462/DIE415 pin PB4 -> PB4 (NJTRST) is applicable
2024-04-15 00:36:29,577 [INFO] Rule:228 - rule Rename DIE462 pin PH3/BOOT0 -> PH3-BOOT0 (BOOT0) is applicable
2024-04-15 00:36:29,577 [INFO] Rule:228 - rule Rename CRYP DataEncryptionTypesList to Algorithm is applicable
2024-04-15 00:36:29,577 [INFO] Rule:228 - rule Rename AES DataEncryptionTypesList to Algorithm is applicable
2024-04-15 00:36:29,577 [INFO] Rule:228 - rule Rename TDESECB to CRYP_TDES_ECB is applicable
2024-04-15 00:36:29,577 [INFO] Rule:228 - rule Rename TDESCBC to CRYP_TDES_CBC is applicable
2024-04-15 00:36:29,577 [INFO] Rule:228 - rule Rename DESECB to CRYP_DES_ECB is applicable
2024-04-15 00:36:29,577 [INFO] Rule:228 - rule Rename DESCBC to CRYP_DES_CBC is applicable
2024-04-15 00:36:29,577 [INFO] Rule:228 - rule Rename AESECB to CRYP_AES_ECB is applicable
2024-04-15 00:36:29,577 [INFO] Rule:228 - rule Rename AESCBC to CRYP_AES_CBC is applicable
2024-04-15 00:36:29,577 [INFO] Rule:228 - rule Rename AESCTR to CRYP_AES_CTR is applicable
2024-04-15 00:36:29,577 [INFO] Rule:228 - rule Rename AESGCM to CRYP_AES_GCM is applicable
2024-04-15 00:36:29,577 [INFO] Rule:228 - rule Rename AESCCM to CRYP_AES_CCM is applicable
2024-04-15 00:36:29,577 [INFO] Rule:228 - rule Rename CAN TimeSeg1 to BS1 is applicable
2024-04-15 00:36:29,577 [INFO] Rule:228 - rule Rename CAN TimeSeg2 to BS2 is applicable
2024-04-15 00:36:29,577 [INFO] Rule:228 - rule Rename CAN SyncJumpWidth to SJW is applicable
2024-04-15 00:36:29,577 [INFO] Rule:228 - rule TimeTriggeredMode to TTCM is applicable
2024-04-15 00:36:29,577 [INFO] Rule:228 - rule Rename CAN AutoBusOff to ABOM is applicable
2024-04-15 00:36:29,577 [INFO] Rule:228 - rule Rename CAN AutoWakeUp to AWUM is applicable
2024-04-15 00:36:29,577 [INFO] Rule:228 - rule Rename CAN AutoRetransmission to NART is applicable
2024-04-15 00:36:29,577 [INFO] Rule:228 - rule Rename CAN ReceiveFifoLocked to RFLM is applicable
2024-04-15 00:36:29,577 [INFO] Rule:228 - rule Rename CAN TransmitFifoPriority to TXFP is applicable
2024-04-15 00:36:29,577 [INFO] Rule:228 - rule Rename HRTIMER HRTIM_OUTPUTFAULTLEVEL_HIGH in HRTIMER HRTIM_OUTPUTFAULTLEVEL_HIGHZ is applicable
2024-04-15 00:36:29,577 [INFO] Rule:228 - rule Rename TIMER TIM_CLEARINPUTSOURCE_OCREFCLR in  TIMER TIM_CLEARINPUTSOURCE_NONE for F7 family is applicable
2024-04-15 00:36:29,577 [INFO] Rule:228 - rule FDCAN_R1 - Rename FDCAN mode Master into Classic is applicable
2024-04-15 00:36:29,577 [INFO] Rule:228 - rule FDCAN_R2 - Rename FDCAN mode Slave into Classic is applicable
2024-04-15 00:36:29,577 [INFO] Rule:228 - rule FDCAN1_R3 - if PA10.Mode=FullDuplex, add Pin PA12 is applicable
2024-04-15 00:36:29,577 [INFO] Rule:228 - rule FDCAN1_R3 - if PA9.Mode=FullDuplex, add Pin PA11 is applicable
2024-04-15 00:36:29,577 [INFO] Rule:228 - rule FDCAN1_R3 - Alternatepin_1 - if PE1.Mode=FullDuplex, add Pin PB9 is applicable
2024-04-15 00:36:29,578 [INFO] Rule:228 - rule FDCAN1_R3 - Alternatepin_1 - if PE0.Mode=FullDuplex, add Pin PB8 is applicable
2024-04-15 00:36:29,578 [INFO] Rule:228 - rule FDCAN1_R3 - Alternatepin_2 - if PD5.Mode=FullDuplex, add Pin PD1 is applicable
2024-04-15 00:36:29,578 [INFO] Rule:228 - rule FDCAN1_R3 - Alternatepin_2 - if PD4.Mode=FullDuplex, add Pin PD0 is applicable
2024-04-15 00:36:29,578 [INFO] Rule:228 - rule FDCAN1_R4 - Rename Mode FullDuplex into Enable FDCAN_TXFD for pin PA10 is applicable
2024-04-15 00:36:29,578 [INFO] Rule:228 - rule FDCAN1_R4 - Rename Mode FullDuplex into Enable FDCAN_TXFD for pin PA9 is applicable
2024-04-15 00:36:29,578 [INFO] Rule:228 - rule FDCAN1_R4 - Alternatepin_1 - Rename Mode FullDuplex into Enable FDCAN_TXFD for pin PE1 is applicable
2024-04-15 00:36:29,578 [INFO] Rule:228 - rule FDCAN1_R4 - Alternatepin_1 - Rename Mode FullDuplex into Enable FDCAN_TXFD for pin PE0 is applicable
2024-04-15 00:36:29,578 [INFO] Rule:228 - rule FDCAN1_R4 - Alternatepin_2 - Rename Mode FullDuplex into Enable FDCAN_TXFD for pin PD5 is applicable
2024-04-15 00:36:29,578 [INFO] Rule:228 - rule FDCAN1_R4 - Alternatepin_2 - Rename Mode FullDuplex into Enable FDCAN_TXFD for pin PD4 is applicable
2024-04-15 00:36:29,578 [INFO] Rule:228 - rule FDCAN2_R3 - if PD10.Mode=FullDuplex, add Pin PB13 is applicable
2024-04-15 00:36:29,578 [INFO] Rule:228 - rule FDCAN2_R3 - if PD9.Mode=FullDuplex, add Pin PB12 is applicable
2024-04-15 00:36:29,578 [INFO] Rule:228 - rule FDCAN2_R3 - Alternatepin_1 - if PB7.Mode=FullDuplex, add Pin PB6 is applicable
2024-04-15 00:36:29,578 [INFO] Rule:228 - rule FDCAN2_R3 - Alternatepin_1 - if PD9.Mode=FullDuplex, add Pin PB12 is applicable
2024-04-15 00:36:29,578 [INFO] Rule:228 - rule FDCAN2_R4 - Rename Mode FullDuplex into Enable FDCAN_TXFD for pin PD10 is applicable
2024-04-15 00:36:29,578 [INFO] Rule:228 - rule FDCAN2_R4 - Rename Mode FullDuplex into Enable FDCAN_TXFD for pin PD9 is applicable
2024-04-15 00:36:29,578 [INFO] Rule:228 - rule FDCAN2_R4 - Alternatepin_1 - Rename Mode FullDuplex into Enable FDCAN_TXFD for pin PB7 is applicable
2024-04-15 00:36:29,578 [INFO] Rule:228 - rule FDCAN2_R4 - Alternatepin_1 - Rename Mode FullDuplex into Enable FDCAN_TXFD for pin PD6 is applicable
2024-04-15 00:36:29,578 [INFO] Rule:228 - rule USART TxPinLevelInvertParam Mode is applicable
2024-04-15 00:36:29,578 [INFO] Rule:228 - rule USART RxPinLevelInvertParam Mode is applicable
2024-04-15 00:36:29,578 [INFO] Rule:228 - rule USART DataInvertParam Mode is applicable
2024-04-15 00:36:29,578 [INFO] Rule:228 - rule USART SwapParam Mode is applicable
2024-04-15 00:36:29,578 [INFO] Rule:228 - rule USART OverrunDisableParam Mode is applicable
2024-04-15 00:36:29,578 [INFO] Rule:228 - rule USART DMADisableonRxErrorParam Mode is applicable
2024-04-15 00:36:29,578 [INFO] Rule:228 - rule USART MSBFirstParam Mode is applicable
2024-04-15 00:36:29,578 [INFO] Rule:228 - rule Update MwName for USB_DEVICE is applicable
2024-04-15 00:36:29,578 [INFO] Rule:228 - rule Change PWR_Regulator_Voltage_Scale Default Value for RCC  H7 family is applicable
2024-04-15 00:36:29,578 [INFO] Rule:228 - rule UART/USART IPParameter rename Prescaler parameter to ClockPrescaler is applicable
2024-04-15 00:36:29,578 [INFO] Rule:228 - rule UART/USART Prescaler rename Prescaler parameter to ClockPrescaler is applicable
2024-04-15 00:36:29,578 [INFO] Rule:228 - rule TIM1CLockSelection is applicable
2024-04-15 00:36:29,578 [INFO] Rule:228 - rule TIM15CLockSelection is applicable
2024-04-15 00:36:29,578 [INFO] Rule:228 - rule align RCC SDMMC3CLockSelection default value on MP1 is applicable
2024-04-15 00:36:29,578 [INFO] Rule:228 - rule align RCC SDMMC12CLockSelection default value on MP1 is applicable
2024-04-15 00:36:29,578 [INFO] Rule:228 - rule align RCC QSPICLockSelection default value on MP1 is applicable
2024-04-15 00:36:29,578 [INFO] Rule:228 - rule align RCC QSPICLockSelection default value on MP1 is applicable
2024-04-15 00:36:29,578 [INFO] Rule:228 - rule align RCC SPI6CLockSelection default value on MP1 is applicable
2024-04-15 00:36:29,578 [INFO] Rule:228 - rule align RCC LPTIM23CLockSelection default value on MP1 is applicable
2024-04-15 00:36:29,579 [INFO] Rule:228 - rule align RCC LPTIM1CLockSelection default value on MP1 is applicable
2024-04-15 00:36:29,579 [INFO] Rule:228 - rule align RCC USART1CLockSelection default value on MP1 is applicable
2024-04-15 00:36:29,579 [INFO] Rule:228 - rule align RCC USART24CLockSelection default value on MP1 is applicable
2024-04-15 00:36:29,579 [INFO] Rule:228 - rule align RCC USART6CLockSelection default value on MP1 is applicable
2024-04-15 00:36:29,579 [INFO] Rule:228 - rule align RCC UART78CLockSelection default value on MP1 is applicable
2024-04-15 00:36:29,579 [INFO] Rule:228 - rule align RCC USART35CLockSelection default value on MP1 is applicable
2024-04-15 00:36:29,579 [INFO] Rule:228 - rule align RCC SPI45CLockSelection default value on MP1 is applicable
2024-04-15 00:36:29,579 [INFO] Rule:228 - rule align RCC I2C46CLockSelection BCLK value on MP1 is applicable
2024-04-15 00:36:29,579 [INFO] Rule:228 - rule align RCC SPI45CLockSelection default value on MP1 is applicable
2024-04-15 00:36:29,579 [INFO] Rule:228 - rule align RCC I2C12CLockSelection default value on MP1 is applicable
2024-04-15 00:36:29,579 [INFO] Rule:228 - rule align RCC I2C35CLockSelection default value on MP1 is applicable
2024-04-15 00:36:29,579 [INFO] Rule:228 - rule align RCC LPTIM45CLockSelection default value on MP1 is applicable
2024-04-15 00:36:29,579 [INFO] Rule:228 - rule Rename DCMI PIXCK signal is applicable
2024-04-15 00:36:29,579 [INFO] Rule:228 - rule Change Default Value for I2C46CLockSelection MP1 family is applicable
2024-04-15 00:36:29,579 [INFO] Rule:228 - rule Change Default Value for UART for G4, G0 and WB families is applicable
2024-04-15 00:36:29,579 [INFO] Rule:228 - rule Change Default Value for USART for G4, G0 and WB families is applicable
2024-04-15 00:36:29,579 [INFO] Rule:228 - rule Change Default Value for USART for G4 family is applicable
2024-04-15 00:36:29,579 [INFO] Rule:228 - rule Change USART1CLockSelection refparam name for MP1 is applicable
2024-04-15 00:36:29,579 [INFO] Rule:228 - rule Change USART2CLockSelection refparam name for MP1 is applicable
2024-04-15 00:36:29,579 [INFO] Rule:228 - rule Change USART3CLockSelection refparam name for MP1 is applicable
2024-04-15 00:36:29,579 [INFO] Rule:228 - rule Change UART4CLockSelection refparam name for MP1 is applicable
2024-04-15 00:36:29,579 [INFO] Rule:228 - rule Change UART5CLockSelection refparam name for MP1 is applicable
2024-04-15 00:36:29,579 [INFO] Rule:228 - rule Change LPUART1CLockSelection refparam name for MP1 is applicable
2024-04-15 00:36:29,579 [INFO] Rule:228 - rule Change LPTIM1CLockSelection refparam name for MP1 is applicable
2024-04-15 00:36:29,579 [INFO] Rule:228 - rule Change LPTIM2CLockSelection refparam name for MP1 is applicable
2024-04-15 00:36:29,579 [INFO] Rule:228 - rule Change RCC_MCO1Source refparam name for MP1 is applicable
2024-04-15 00:36:29,579 [INFO] Rule:228 - rule Change LSCOSource1 refparam name for MP1 is applicable
2024-04-15 00:36:29,579 [INFO] Rule:228 - rule Change SMPSCLockSelection refparam name for MP1 is applicable
2024-04-15 00:36:29,579 [INFO] Rule:228 - rule Change LPTIM3CLockSelection refparam name for MP1 is applicable
2024-04-15 00:36:29,579 [INFO] Rule:228 - rule Change MPCBB* Default Template Mode to Parameters is applicable
2024-04-15 00:36:29,579 [INFO] Rule:228 - rule Change MPCWM* or MPCBB* Secure Mode to Parameters is applicable
2024-04-15 00:36:29,579 [INFO] Rule:228 - rule Change MPCWM* or MPCBB* No Secure Mode to Parameters is applicable
2024-04-15 00:36:29,579 [INFO] Rule:228 - rule Change TZSC IP Secure Mode to Parameters is applicable
2024-04-15 00:36:29,579 [INFO] Rule:228 - rule Change TZSC IP No Secure Mode to Parameters is applicable
2024-04-15 00:36:29,579 [INFO] Rule:228 - rule Change TZSC IP Privilege Mode to Parameters is applicable
2024-04-15 00:36:29,580 [INFO] Rule:228 - rule Change TZSC IP No Privilege Mode to Parameters is applicable
2024-04-15 00:36:29,580 [INFO] Rule:228 - rule Change TZIC IT Secure Mode to Parameters is applicable
2024-04-15 00:36:29,580 [INFO] Rule:228 - rule Change TZIC IT No Secure Mode to Parameters is applicable
2024-04-15 00:36:29,580 [INFO] Rule:228 - rule Add MPCBB1_NonSecureArea_Start_Address value with referenced to MPCBB1_NonSecureArea_Start value is applicable
2024-04-15 00:36:29,580 [INFO] Rule:228 - rule Add MPCBB2_NonSecureArea_Start_Address value with referenced to MPCBB2_NonSecureArea_Start value is applicable
2024-04-15 00:36:29,580 [INFO] Rule:228 - rule Add MPCWM1_NonSecureArea*_Start_Address value with referenced to MPCWM1_NonSecureArea*_Start value is applicable
2024-04-15 00:36:29,580 [INFO] Rule:228 - rule Add MPCWM2_NonSecureArea*_Start_Address value with referenced to MPCWM2_NonSecureArea*_Start value is applicable
2024-04-15 00:36:29,580 [INFO] Rule:228 - rule Add MPCWM3_NonSecureArea_Start_Address value with referenced to MPCWM3_NonSecureArea_Start value is applicable
2024-04-15 00:36:29,580 [INFO] Rule:228 - rule Change Default Value for PLL1UserDefinedConfig is applicable
2024-04-15 00:36:29,580 [INFO] Rule:228 - rule Change GPIO_PuPd Default Value for USART in async mode is applicable
2024-04-15 00:36:29,580 [INFO] Rule:228 - rule Change SMPSDivider Default Value is applicable
2024-04-15 00:36:29,580 [INFO] Rule:228 - rule OPAMP is applicable
2024-04-15 00:36:29,580 [INFO] Rule:228 - rule LPUART IPParameter rename Prescaler parameter to ClockPrescaler for STM32H7 is applicable
2024-04-15 00:36:29,580 [INFO] Rule:228 - rule LPUART IPParameter rename Prescaler parameter to ClockPrescaler for STM32H7 is applicable
2024-04-15 00:36:29,580 [INFO] Rule:228 - rule LPUART IPParameter rename Prescaler parameter to ClockPrescaler for STM32WB is applicable
2024-04-15 00:36:29,580 [INFO] Rule:228 - rule LPUART IPParameter rename Prescaler parameter to ClockPrescaler for STM32WB is applicable
2024-04-15 00:36:29,580 [INFO] Rule:228 - rule LPUART IPParameter rename Prescaler parameter to ClockPrescaler for STM32G4 is applicable
2024-04-15 00:36:29,580 [INFO] Rule:228 - rule LPUART IPParameter rename Prescaler parameter to ClockPrescaler for STM32G4 is applicable
2024-04-15 00:36:29,580 [INFO] Rule:228 - rule LPUART IPParameter rename Prescaler parameter to ClockPrescaler for STM32L5 is applicable
2024-04-15 00:36:29,580 [INFO] Rule:228 - rule LPUART IPParameter rename Prescaler parameter to ClockPrescaler for STM32L5 is applicable
2024-04-15 00:36:29,580 [INFO] Rule:228 - rule LPUART IPParameter rename Prescaler parameter to ClockPrescaler for STM32G4 is applicable
2024-04-15 00:36:29,580 [INFO] Rule:228 - rule LPUART IPParameter rename Prescaler parameter to ClockPrescaler for STM32G4 is applicable
2024-04-15 00:36:29,580 [INFO] Rule:228 - rule USB device lib V2.5.3 for L0 rename USBD_SUPPORT_USER_STRING parameter to USBD_SUPPORT_USER_STRING_DESC4 is applicable
2024-04-15 00:36:29,580 [INFO] Rule:228 - rule I2SCLockSelection clock entry align is applicable
2024-04-15 00:36:29,580 [INFO] Rule:228 - rule Assign TIMx context if used as SYS timebase is applicable
2024-04-15 00:36:29,580 [INFO] Rule:228 - rule Change GPIO_Pu Default Value for I2C is applicable
2024-04-15 00:36:29,580 [INFO] Rule:228 - rule Change GPIO_Pu Default Value for SMBus is applicable
2024-04-15 00:36:29,580 [INFO] Rule:228 - rule change FDCAN default value is applicable
2024-04-15 00:36:29,580 [INFO] Rule:228 - rule Change mode sai is applicable
2024-04-15 00:36:29,580 [INFO] Rule:228 - rule **Change sai mode is applicable
2024-04-15 00:36:29,580 [INFO] Rule:228 - rule Rename STM32WPAN CFG_BLE_IRK to CFG_BLE_IR is applicable
2024-04-15 00:36:29,580 [INFO] Rule:228 - rule Rename STM32WPAN CFG_BLE_ERK to CFG_BLE_ER is applicable
2024-04-15 00:36:29,580 [INFO] Rule:228 - rule Rename STM32WPAN CFG_BLE_IRK_HEX to CFG_BLE_IR_HEX is applicable
2024-04-15 00:36:29,580 [INFO] Rule:228 - rule Rename STM32WPAN CFG_BLE_ERK_HEX to CFG_BLE_ER_HEX is applicable
2024-04-15 00:36:29,595 [INFO] DbConfProperties:307 - Apply Compatibility (49/262 Rules)
2024-04-15 00:36:29,607 [INFO] ImportTextPane:194 - (OptionalMessage_ERROR) Unable to find key (Mcu.ThirdPartyNb) in loaded IOC file
2024-04-15 00:36:29,660 [INFO] RtosManager:555 - Registered RTOS mode: class=CMSIS, group=RTOS, mode=CMSIS_V1, owner=FREERTOS
2024-04-15 00:36:29,660 [INFO] RtosManager:555 - Registered RTOS mode: class=CMSIS, group=RTOS2, mode=CMSIS_V2, owner=FREERTOS
2024-04-15 00:36:29,660 [INFO] RtosManager:555 - Registered RTOS mode: class=RTOS, group=Core, mode=CMSIS_V1, owner=FREERTOS
2024-04-15 00:36:29,660 [INFO] RtosManager:555 - Registered RTOS mode: class=RTOS, group=Core, mode=CMSIS_V2, owner=FREERTOS
2024-04-15 00:36:29,661 [WARN] ModelIntegratedComponent:184 - Missing modes for component STMicroelectronics:FreeRTOS:0.0.1:STMicroelectronics:RTOS:FreeRTOS:Core:::10.2.0:
2024-04-15 00:36:29,674 [WARN] ModelIntegratedComponent:63 - No mode defined for component null
2024-04-15 00:36:29,674 [WARN] ModelIntegratedComponent:63 - No mode defined for component null
2024-04-15 00:36:29,674 [WARN] ModelIntegratedComponent:63 - No mode defined for component null
2024-04-15 00:36:29,674 [WARN] ModelIntegratedComponent:63 - No mode defined for component null
2024-04-15 00:36:29,674 [WARN] ModelIntegratedComponent:63 - No mode defined for component null
2024-04-15 00:36:29,674 [WARN] ModelIntegratedComponent:63 - No mode defined for component null
2024-04-15 00:36:29,674 [WARN] ModelIntegratedComponent:63 - No mode defined for component null
2024-04-15 00:36:29,674 [WARN] ModelIntegratedComponent:63 - No mode defined for component null
2024-04-15 00:36:29,674 [WARN] ModelIntegratedComponent:63 - No mode defined for component null
2024-04-15 00:36:29,674 [WARN] ModelIntegratedComponent:63 - No mode defined for component null
2024-04-15 00:36:29,674 [WARN] ModelIntegratedComponent:63 - No mode defined for component null
2024-04-15 00:36:29,674 [WARN] ModelIntegratedComponent:63 - No mode defined for component null
2024-04-15 00:36:29,674 [WARN] ModelIntegratedComponent:63 - No mode defined for component null
2024-04-15 00:36:29,674 [WARN] ModelIntegratedComponent:63 - No mode defined for component null
2024-04-15 00:36:29,674 [WARN] ModelIntegratedComponent:63 - No mode defined for component null
2024-04-15 00:36:29,674 [WARN] ModelIntegratedComponent:63 - No mode defined for component null
2024-04-15 00:36:29,674 [WARN] ModelIntegratedComponent:63 - No mode defined for component null
2024-04-15 00:36:29,674 [WARN] ModelIntegratedComponent:63 - No mode defined for component null
2024-04-15 00:36:29,674 [WARN] ModelIntegratedComponent:63 - No mode defined for component null
2024-04-15 00:36:29,674 [WARN] ModelIntegratedComponent:63 - No mode defined for component null
2024-04-15 00:36:29,674 [WARN] ModelIntegratedComponent:63 - No mode defined for component null
2024-04-15 00:36:29,674 [WARN] ModelIntegratedComponent:63 - No mode defined for component null
2024-04-15 00:36:29,674 [WARN] ModelIntegratedComponent:63 - No mode defined for component null
2024-04-15 00:36:29,674 [WARN] ModelIntegratedComponent:63 - No mode defined for component null
2024-04-15 00:36:29,674 [WARN] ModelIntegratedComponent:63 - No mode defined for component null
2024-04-15 00:36:29,674 [WARN] ModelIntegratedComponent:63 - No mode defined for component null
2024-04-15 00:36:29,675 [WARN] ModelIntegratedComponent:63 - No mode defined for component null
2024-04-15 00:36:29,675 [WARN] ModelIntegratedComponent:63 - No mode defined for component null
2024-04-15 00:36:29,675 [WARN] ModelIntegratedComponent:63 - No mode defined for component null
2024-04-15 00:36:29,675 [WARN] ModelIntegratedComponent:63 - No mode defined for component null
2024-04-15 00:36:29,675 [WARN] ModelIntegratedComponent:63 - No mode defined for component null
2024-04-15 00:36:29,675 [WARN] ModelIntegratedComponent:63 - No mode defined for component null
2024-04-15 00:36:29,675 [WARN] ModelIntegratedComponent:63 - No mode defined for component null
2024-04-15 00:36:29,778 [INFO] ThirdPartyModel:298 - Start build external matchings
2024-04-15 00:36:30,373 [INFO] ThirdPartyModel:316 - End build external matchings
2024-04-15 00:36:30,385 [INFO] ImportTextPane:194 - (OptionalMessage_ERROR) IP (RCC) : Invalid parameter (FamilyName)
2024-04-15 00:36:30,387 [INFO] ImportTextPane:194 - (OptionalMessage_ERROR) IP (RCC) : Parameter (RNGFreq_Value) has invalid value (64000000)
2024-04-15 00:36:30,387 [INFO] ImportTextPane:194 - (OptionalMessage_ERROR) IP (RCC) : Parameter (SDMMCFreq_Value) has invalid value (64000000)
2024-04-15 00:36:30,387 [INFO] ImportTextPane:194 - (OptionalMessage_ERROR) IP (RCC) : Parameter (USBFreq_Value) has invalid value (64000000)
2024-04-15 00:36:30,761 [INFO] UtilMem:75 - End LoadConfig() Used Memory: 741314640 Bytes (1073741824)
2024-04-15 00:36:30,772 [INFO] MicroXplorer:468 - Change Database Path : 
2024-04-15 00:36:30,772 [INFO] MicroXplorer:498 - Change Database Version : DB.6.0.100
2024-04-15 00:36:30,773 [WARN] ThirdParty:833 - waiting for thirdparty lock release [change project]
2024-04-15 00:36:30,773 [INFO] ThirdParty:835 - entering critical section [change project]
2024-04-15 00:36:30,773 [INFO] ThirdParty:1030 - CMSIS Pack Vendor :STMicroelectronics USBPD 4.1
2024-04-15 00:36:30,773 [INFO] ThirdParty:1030 - CMSIS Pack Vendor :STMicroelectronics X-CUBE-GNSS1 6.0.0
2024-04-15 00:36:30,774 [INFO] ThirdParty:1030 - CMSIS Pack Vendor :STMicroelectronics USB_HOST 2.0.0
2024-04-15 00:36:30,774 [INFO] ThirdParty:1030 - CMSIS Pack Vendor :STMicroelectronics X-CUBE-AZRTOS-F4 1.1.0
2024-04-15 00:36:30,774 [INFO] ThirdParty:1030 - CMSIS Pack Vendor :STMicroelectronics LIBJPEG 8.0.0
2024-04-15 00:36:30,774 [INFO] ThirdParty:1030 - CMSIS Pack Vendor :wolfSSL I-CUBE-wolfSSL 5.6.4
2024-04-15 00:36:30,774 [INFO] ThirdParty:1030 - CMSIS Pack Vendor :STMicroelectronics X-CUBE-SMBUS 2.1.0
2024-04-15 00:36:30,774 [INFO] ThirdParty:1030 - CMSIS Pack Vendor :STMicroelectronics USB_DEVICE 3.0.0
2024-04-15 00:36:30,774 [INFO] ThirdParty:1030 - CMSIS Pack Vendor :STMicroelectronics X-CUBE-TCPP 4.1.0
2024-04-15 00:36:30,774 [INFO] ThirdParty:1030 - CMSIS Pack Vendor :STMicroelectronics X-CUBE-AZRTOS-WB 2.0.0
2024-04-15 00:36:30,774 [INFO] ThirdParty:1030 - CMSIS Pack Vendor :STMicroelectronics X-CUBE-TOUCHGFX 4.23.1
2024-04-15 00:36:30,774 [INFO] ThirdParty:1030 - CMSIS Pack Vendor :STMicroelectronics X-CUBE-TOUCHGFX 4.23.0
2024-04-15 00:36:30,774 [INFO] ThirdParty:1030 - CMSIS Pack Vendor :STMicroelectronics X-CUBE-TOUCHGFX 4.23.2
2024-04-15 00:36:30,774 [INFO] ThirdParty:1030 - CMSIS Pack Vendor :STMicroelectronics X-CUBE-AZRTOS-F7 1.1.0
2024-04-15 00:36:30,774 [INFO] ThirdParty:1030 - CMSIS Pack Vendor :STMicroelectronics X-CUBE-AZRTOS-L5 2.0.0
2024-04-15 00:36:30,774 [INFO] ThirdParty:1030 - CMSIS Pack Vendor :STMicroelectronics USB_DEVICE 2.0.0
2024-04-15 00:36:30,774 [INFO] ThirdParty:1030 - CMSIS Pack Vendor :STMicroelectronics X-CUBE-EEPRMA1 4.2.0
2024-04-15 00:36:30,774 [INFO] ThirdParty:1030 - CMSIS Pack Vendor :STMicroelectronics X-CUBE-NFC6 3.1.0
2024-04-15 00:36:30,774 [INFO] ThirdParty:1030 - CMSIS Pack Vendor :ITTIA_DB I-CUBE-ITTIADB 8.8.0
2024-04-15 00:36:30,774 [INFO] ThirdParty:1030 - CMSIS Pack Vendor :STMicroelectronics FP-SNS-MOTENV1 4.3.2
2024-04-15 00:36:30,774 [INFO] ThirdParty:1030 - CMSIS Pack Vendor :STMicroelectronics X-CUBE-ALGOBUILD 1.3.0
2024-04-15 00:36:30,774 [INFO] ThirdParty:1030 - CMSIS Pack Vendor :STMicroelectronics FreeRTOS 0.0.1
2024-04-15 00:36:30,774 [INFO] ThirdParty:1030 - CMSIS Pack Vendor :STMicroelectronics X-CUBE-AZRTOS-G0 1.1.0
2024-04-15 00:36:30,774 [INFO] ThirdParty:1030 - CMSIS Pack Vendor :STMicroelectronics X-CUBE-SAFEA1 1.2.2
2024-04-15 00:36:30,774 [INFO] ThirdParty:1030 - CMSIS Pack Vendor :STMicroelectronics X-CUBE-NFC4 3.0.0
2024-04-15 00:36:30,774 [INFO] ThirdParty:1030 - CMSIS Pack Vendor :STMicroelectronics X-CUBE-SUBG2 5.0.0
2024-04-15 00:36:30,774 [INFO] ThirdParty:1030 - CMSIS Pack Vendor :STMicroelectronics STM32_WPAN 1.0.0
2024-04-15 00:36:30,774 [INFO] ThirdParty:1030 - CMSIS Pack Vendor :STMicroelectronics lwIP 2.0.3
2024-04-15 00:36:30,774 [INFO] ThirdParty:1030 - CMSIS Pack Vendor :STMicroelectronics FP-SNS-FLIGHT1 5.0.2
2024-04-15 00:36:30,774 [INFO] ThirdParty:1030 - CMSIS Pack Vendor :STMicroelectronics USB_HOST 1.0.0
2024-04-15 00:36:30,774 [INFO] ThirdParty:1030 - CMSIS Pack Vendor :STMicroelectronics X-CUBE-AZRTOS-G4 2.0.0
2024-04-15 00:36:30,774 [INFO] ThirdParty:1030 - CMSIS Pack Vendor :STMicroelectronics PDM2PCM 3.1.0
2024-04-15 00:36:30,774 [INFO] ThirdParty:1030 - CMSIS Pack Vendor :Infineon AIROC-Wi-Fi-Bluetooth-STM32 1.5.1
2024-04-15 00:36:30,774 [INFO] ThirdParty:1030 - CMSIS Pack Vendor :STMicroelectronics X-CUBE-BLEMGR 3.0.0
2024-04-15 00:36:30,775 [INFO] ThirdParty:1030 - CMSIS Pack Vendor :STMicroelectronics PDM2PCM 3.3.0
2024-04-15 00:36:30,775 [INFO] ThirdParty:1030 - CMSIS Pack Vendor :STMicroelectronics X-CUBE-DISPLAY 3.0.0
2024-04-15 00:36:30,775 [INFO] ThirdParty:1030 - CMSIS Pack Vendor :STMicroelectronics FP-SNS-MOTENVWB1 1.3.1
2024-04-15 00:36:30,775 [INFO] ThirdParty:1030 - CMSIS Pack Vendor :STMicroelectronics X-CUBE-BLE1 7.0.0
2024-04-15 00:36:30,775 [INFO] ThirdParty:1030 - CMSIS Pack Vendor :STMicroelectronics FP-ATR-SIGFOX1 3.2.0
2024-04-15 00:36:30,775 [INFO] ThirdParty:1030 - CMSIS Pack Vendor :STMicroelectronics X-CUBE-ISPU 2.0.0
2024-04-15 00:36:30,775 [INFO] ThirdParty:1030 - CMSIS Pack Vendor :STMicroelectronics X-CUBE-EEPRMA1 5.1.0
2024-04-15 00:36:30,775 [INFO] ThirdParty:1030 - CMSIS Pack Vendor :STMicroelectronics HAL Drivers 0.0.0
2024-04-15 00:36:30,775 [INFO] ThirdParty:1030 - CMSIS Pack Vendor :STMicroelectronics MBEDTLS 2.16.2
2024-04-15 00:36:30,775 [INFO] ThirdParty:1030 - CMSIS Pack Vendor :emotas I-CUBE-CANOPEN 1.3.0
2024-04-15 00:36:30,775 [INFO] ThirdParty:1030 - CMSIS Pack Vendor :STMicroelectronics X-CUBE-MEMS1 10.0.0
2024-04-15 00:36:30,775 [INFO] ThirdParty:1030 - CMSIS Pack Vendor :STMicroelectronics X-CUBE-FREERTOS 1.1.0
2024-04-15 00:36:30,775 [INFO] ThirdParty:1030 - CMSIS Pack Vendor :STMicroelectronics X-CUBE-NFC7 1.0.1
2024-04-15 00:36:30,775 [INFO] ThirdParty:1030 - CMSIS Pack Vendor :STMicroelectronics MBEDTLS 2.14.1
2024-04-15 00:36:30,775 [INFO] ThirdParty:1030 - CMSIS Pack Vendor :STMicroelectronics X-CUBE-NFC6 3.0.0
2024-04-15 00:36:30,775 [INFO] ThirdParty:1030 - CMSIS Pack Vendor :portGmbH I-Cube-SoM-uGOAL 1.1.0
2024-04-15 00:36:30,775 [INFO] ThirdParty:1030 - CMSIS Pack Vendor :STMicroelectronics X-CUBE-ALS 1.0.1
2024-04-15 00:36:30,775 [INFO] ThirdParty:1030 - CMSIS Pack Vendor :STMicroelectronics X-CUBE-BLEMGR 3.1.0
2024-04-15 00:36:30,775 [INFO] ThirdParty:1030 - CMSIS Pack Vendor :STMicroelectronics ThreadX 1.0.0
2024-04-15 00:36:30,775 [INFO] ThirdParty:1030 - CMSIS Pack Vendor :STMicroelectronics FP-SNS-SMARTAG2 1.2.0
2024-04-15 00:36:30,776 [INFO] ThirdParty:1030 - CMSIS Pack Vendor :STMicroelectronics X-CUBE-AZRTOS-WL 2.0.0
2024-04-15 00:36:30,776 [INFO] ThirdParty:1030 - CMSIS Pack Vendor :SEGGER I-CUBE-embOS 1.3.1
2024-04-15 00:36:30,776 [INFO] ThirdParty:1030 - CMSIS Pack Vendor :STMicroelectronics FP-SNS-MOTENV1 5.0.0
2024-04-15 00:36:30,776 [INFO] ThirdParty:1030 - CMSIS Pack Vendor :STMicroelectronics USB_DEVICE 1.0.0
2024-04-15 00:36:30,776 [INFO] ThirdParty:1030 - CMSIS Pack Vendor :STMicroelectronics X-CUBE-AI 8.1.0
2024-04-15 00:36:30,776 [INFO] ThirdParty:1030 - CMSIS Pack Vendor :STMicroelectronics X-CUBE-AZRTOS-L4 2.0.0
2024-04-15 00:36:30,776 [INFO] ThirdParty:1030 - CMSIS Pack Vendor :STMicroelectronics ThreadX 0.0.2
2024-04-15 00:36:30,776 [INFO] ThirdParty:1030 - CMSIS Pack Vendor :WES I-CUBE-Cesium 1.3.0
2024-04-15 00:36:30,776 [INFO] ThirdParty:1030 - CMSIS Pack Vendor :STMicroelectronics FP-ATR-ASTRA1 2.0.0
2024-04-15 00:36:30,776 [INFO] ThirdParty:1030 - CMSIS Pack Vendor :STMicroelectronics lwIP 2.1.2
2024-04-15 00:36:30,776 [INFO] ThirdParty:1030 - CMSIS Pack Vendor :STMicroelectronics X-CUBE-SFXS2LP1 4.0.0
2024-04-15 00:36:30,776 [INFO] ThirdParty:1030 - CMSIS Pack Vendor :STMicroelectronics X-CUBE-BLE2 3.3.0
2024-04-15 00:36:30,776 [INFO] ThirdParty:1030 - CMSIS Pack Vendor :STMicroelectronics X-CUBE-TOF1 3.4.0
2024-04-15 00:36:30,776 [INFO] ThirdParty:1030 - CMSIS Pack Vendor :STMicroelectronics X-CUBE-TOF1 3.4.1
2024-04-15 00:36:30,776 [INFO] ThirdParty:1030 - CMSIS Pack Vendor :STMicroelectronics X-CUBE-AZRTOS-H7 3.2.0
2024-04-15 00:36:30,776 [INFO] ThirdParty:1030 - CMSIS Pack Vendor :STMicroelectronics PDM2PCM 3.2.0
2024-04-15 00:36:30,776 [INFO] ThirdParty:841 - exiting critical section [change project]
2024-04-15 00:36:31,069 [INFO] PinOutPanel:1499 - setPackage(No Configuration,No Configuration)
2024-04-15 00:36:31,070 [INFO] PinOutPanel:1499 - setPackage(STM32L476RGTx,LQFP64)
2024-04-15 00:36:31,619 [INFO] UtilMem:75 - Before build in PCC Used Memory: 910453848 Bytes (1073741824)
2024-04-15 00:36:31,864 [INFO] UtilMem:75 - After build in PCC Used Memory: 787321704 Bytes (1073741824)
2024-04-15 00:36:31,890 [INFO] IPUIPlugin:80 - create IPUIPlugin
2024-04-15 00:36:31,890 [INFO] IPUIPlugin:80 - create IPUIPlugin
2024-04-15 00:36:31,890 [INFO] IPUIPlugin:80 - create IPUIPlugin
2024-04-15 00:36:31,890 [INFO] IPUIPlugin:80 - create IPUIPlugin
2024-04-15 00:36:31,890 [INFO] IPUIPlugin:80 - create IPUIPlugin
2024-04-15 00:36:31,890 [INFO] IPUIPlugin:80 - create IPUIPlugin
2024-04-15 00:36:31,890 [INFO] IPUIPlugin:80 - create IPUIPlugin
2024-04-15 00:36:31,890 [INFO] IPUIPlugin:80 - create IPUIPlugin
2024-04-15 00:36:31,890 [INFO] IPUIPlugin:80 - create IPUIPlugin
2024-04-15 00:36:31,890 [INFO] IPUIPlugin:80 - create IPUIPlugin
2024-04-15 00:36:31,890 [INFO] IPUIPlugin:80 - create IPUIPlugin
2024-04-15 00:36:31,890 [INFO] IPUIPlugin:80 - create IPUIPlugin
2024-04-15 00:36:31,891 [INFO] IPUIPlugin:80 - create IPUIPlugin
2024-04-15 00:36:31,891 [INFO] IPUIPlugin:80 - create IPUIPlugin
2024-04-15 00:36:31,891 [INFO] IPUIPlugin:80 - create IPUIPlugin
2024-04-15 00:36:31,891 [INFO] IPUIPlugin:80 - create IPUIPlugin
2024-04-15 00:36:31,891 [INFO] IPUIPlugin:80 - create IPUIPlugin
2024-04-15 00:36:31,891 [INFO] IPUIPlugin:80 - create IPUIPlugin
2024-04-15 00:36:31,891 [INFO] IPUIPlugin:80 - create IPUIPlugin
2024-04-15 00:36:31,891 [INFO] IPUIPlugin:80 - create IPUIPlugin
2024-04-15 00:36:31,891 [INFO] IPUIPlugin:80 - create IPUIPlugin
2024-04-15 00:36:31,892 [INFO] IPUIPlugin:80 - create IPUIPlugin
2024-04-15 00:36:31,892 [INFO] IPUIPlugin:80 - create IPUIPlugin
2024-04-15 00:36:31,892 [INFO] IPUIPlugin:80 - create IPUIPlugin
2024-04-15 00:36:31,892 [INFO] IPUIPlugin:80 - create IPUIPlugin
2024-04-15 00:36:31,892 [INFO] IPUIPlugin:80 - create IPUIPlugin
2024-04-15 00:36:31,892 [INFO] IPUIPlugin:80 - create IPUIPlugin
2024-04-15 00:36:31,893 [INFO] IPUIPlugin:80 - create IPUIPlugin
2024-04-15 00:36:31,893 [INFO] IPUIPlugin:80 - create IPUIPlugin
2024-04-15 00:36:31,893 [INFO] IPUIPlugin:80 - create IPUIPlugin
2024-04-15 00:36:31,893 [INFO] IPUIPlugin:80 - create IPUIPlugin
2024-04-15 00:36:31,893 [INFO] IPUIPlugin:80 - create IPUIPlugin
2024-04-15 00:36:31,894 [INFO] IPUIPlugin:80 - create IPUIPlugin
2024-04-15 00:36:31,894 [INFO] IPUIPlugin:80 - create IPUIPlugin
2024-04-15 00:36:31,894 [INFO] IPUIPlugin:80 - create IPUIPlugin
2024-04-15 00:36:31,894 [INFO] IPUIPlugin:80 - create IPUIPlugin
2024-04-15 00:36:31,895 [INFO] IPUIPlugin:80 - create IPUIPlugin
2024-04-15 00:36:31,895 [INFO] IPUIPlugin:80 - create IPUIPlugin
2024-04-15 00:36:31,895 [INFO] IPUIPlugin:80 - create IPUIPlugin
2024-04-15 00:36:31,895 [INFO] IPUIPlugin:80 - create IPUIPlugin
2024-04-15 00:36:31,895 [INFO] IPUIPlugin:80 - create IPUIPlugin
2024-04-15 00:36:31,896 [INFO] IPUIPlugin:80 - create IPUIPlugin
2024-04-15 00:36:31,896 [INFO] IPUIPlugin:80 - create IPUIPlugin
2024-04-15 00:36:31,896 [INFO] IPUIPlugin:80 - create IPUIPlugin
2024-04-15 00:36:31,896 [INFO] IPUIPlugin:80 - create IPUIPlugin
2024-04-15 00:36:31,896 [INFO] IPUIPlugin:80 - create IPUIPlugin
2024-04-15 00:36:31,897 [INFO] IPUIPlugin:80 - create IPUIPlugin
2024-04-15 00:36:31,897 [INFO] IPUIPlugin:80 - create IPUIPlugin
2024-04-15 00:36:31,897 [INFO] IPUIPlugin:80 - create IPUIPlugin
2024-04-15 00:36:31,897 [INFO] IPUIPlugin:80 - create IPUIPlugin
2024-04-15 00:36:31,898 [INFO] IPUIPlugin:80 - create IPUIPlugin
2024-04-15 00:36:31,898 [INFO] IPUIPlugin:80 - create IPUIPlugin
2024-04-15 00:36:31,898 [INFO] IPUIPlugin:80 - create IPUIPlugin
2024-04-15 00:36:31,899 [INFO] IPUIPlugin:80 - create IPUIPlugin
2024-04-15 00:36:31,899 [INFO] IPUIPlugin:80 - create IPUIPlugin
2024-04-15 00:36:31,899 [INFO] IPUIPlugin:80 - create IPUIPlugin
2024-04-15 00:36:31,901 [INFO] IPUIPlugin:80 - create IPUIPlugin
2024-04-15 00:36:31,902 [INFO] IPUIPlugin:80 - create IPUIPlugin
2024-04-15 00:36:31,903 [INFO] IPUIPlugin:80 - create IPUIPlugin
2024-04-15 00:36:31,960 [INFO] CADModel:165 - CPN selected for project levelSTM32L476RGT3
2024-04-15 00:36:31,960 [INFO] CADModel:114 - Register for checkConnection events
2024-04-15 00:36:31,998 [INFO] OpenFileManager:343 - Restore cursor
2024-04-15 00:36:32,355 [INFO] UtilMem:75 - End SaveConfig() Used Memory: 934248688 Bytes (1073741824)
2024-04-15 00:36:32,440 [INFO] UtilMem:75 - End SaveConfig() Used Memory: 759296440 Bytes (1073741824)
2024-04-15 00:36:32,692 [INFO] BlockDiagram:2759 - set Specific Code input for plugin: SYS
2024-04-15 00:36:32,692 [INFO] BlockDiagram:2759 - set Specific Code input for plugin: RCC
2024-04-15 00:36:32,692 [INFO] BlockDiagram:2759 - set Specific Code input for plugin: NVIC
2024-04-15 00:36:32,692 [INFO] BlockDiagram:2759 - set Specific Code input for plugin: USART
2024-04-15 00:36:32,692 [INFO] BlockDiagram:2759 - set Specific Code input for plugin: GPIO
2024-04-15 00:36:32,693 [INFO] CodeGenerator:807 - code generatio: config db path: C:\ST\STM32CubeIDE_1.14.0\STM32CubeIDE\plugins\com.st.stm32cube.common.mx_6.10.0.202311202037\\db\
2024-04-15 00:36:32,863 [INFO] CodeEngine:255 - oldGeneratedFile, C:\Users\User\Desktop\stm32\stm32\forbotCourse\project10spiExpander\MXTmpFiles\license.tmp_save
2024-04-15 00:36:33,028 [INFO] CodeEngine:279 - Generated code: C:\Users\User\Desktop\stm32\stm32\forbotCourse\project10spiExpander\MXTmpFiles\license.tmp
2024-04-15 00:36:33,067 [INFO] CodeEngine:255 - oldGeneratedFile, C:\Users\User\Desktop\stm32\stm32\forbotCourse\project10spiExpander\MXTmpFiles\gpio.tmp_save
2024-04-15 00:36:33,177 [INFO] CodeEngine:279 - Generated code: C:\Users\User\Desktop\stm32\stm32\forbotCourse\project10spiExpander\MXTmpFiles\gpio.tmp
2024-04-15 00:36:33,257 [INFO] CodeEngine:255 - oldGeneratedFile, C:\Users\User\Desktop\stm32\stm32\forbotCourse\project10spiExpander\Core\Src\stm32l4xx_it.c_save
2024-04-15 00:36:33,528 [INFO] CodeEngine:279 - Generated code: C:\Users\User\Desktop\stm32\stm32\forbotCourse\project10spiExpander\Core\Src\stm32l4xx_it.c
2024-04-15 00:36:33,544 [INFO] CodeEngine:255 - oldGeneratedFile, C:\Users\User\Desktop\stm32\stm32\forbotCourse\project10spiExpander\Core\Inc\stm32l4xx_it.h_save
2024-04-15 00:36:33,683 [INFO] CodeEngine:279 - Generated code: C:\Users\User\Desktop\stm32\stm32\forbotCourse\project10spiExpander\Core\Inc\stm32l4xx_it.h
2024-04-15 00:36:33,907 [INFO] CodeEngine:255 - oldGeneratedFile, C:\Users\User\Desktop\stm32\stm32\forbotCourse\project10spiExpander\Core\Src\stm32l4xx_hal_msp.c_save
2024-04-15 00:36:34,262 [INFO] CodeEngine:279 - Generated code: C:\Users\User\Desktop\stm32\stm32\forbotCourse\project10spiExpander\Core\Src\stm32l4xx_hal_msp.c
2024-04-15 00:36:34,267 [INFO] CodeEngine:255 - oldGeneratedFile, C:\Users\User\Desktop\stm32\stm32\forbotCourse\project10spiExpander\MXTmpFiles\system.tmp_save
2024-04-15 00:36:34,327 [INFO] CodeEngine:279 - Generated code: C:\Users\User\Desktop\stm32\stm32\forbotCourse\project10spiExpander\MXTmpFiles\system.tmp
2024-04-15 00:36:34,338 [INFO] CodeEngine:311 - oldGeneratedFile, C:\Users\User\Desktop\stm32\stm32\forbotCourse\project10spiExpander\Core\Inc\stm32l4xx_hal_conf.h_save
2024-04-15 00:36:34,489 [INFO] CodeEngine:335 - Generated code: C:\Users\User\Desktop\stm32\stm32\forbotCourse\project10spiExpander\Core\Inc\stm32l4xx_hal_conf.h
2024-04-15 00:36:34,528 [INFO] CodeEngine:255 - oldGeneratedFile, C:\Users\User\Desktop\stm32\stm32\forbotCourse\project10spiExpander\Core\Inc\main.h_save
2024-04-15 00:36:34,695 [INFO] CodeEngine:279 - Generated code: C:\Users\User\Desktop\stm32\stm32\forbotCourse\project10spiExpander\Core\Inc\main.h
2024-04-15 00:36:34,700 [INFO] CodeEngine:255 - oldGeneratedFile, C:\Users\User\Desktop\stm32\stm32\forbotCourse\project10spiExpander\Core\Src\main.c_save
2024-04-15 00:36:34,806 [INFO] CodeEngine:279 - Generated code: C:\Users\User\Desktop\stm32\stm32\forbotCourse\project10spiExpander\Core\Src\main.c
2024-04-15 00:36:35,541 [INFO] ProjectBuilder:3076 - Time for Copy HAL[1] : 190mS.
2024-04-15 00:36:35,546 [INFO] ProjectBuilder:4485 - Project Generator version: 4.2.0-B44
2024-04-15 00:36:35,926 [INFO] ConfigFileManager:1495 - The Die is : DIE415
2024-04-15 00:36:35,928 [INFO] ApiDbMcu:508 - Load IP Config File for FATFS
2024-04-15 00:36:35,932 [INFO] ApiDbMcu:508 - Load IP Config File for FREERTOS
2024-04-15 00:36:35,949 [INFO] ApiDbMcu:508 - Load IP Config File for TOUCHSENSING
2024-04-15 00:36:35,955 [INFO] ApiDbMcu:508 - Load IP Config File for USB_DEVICE
2024-04-15 00:36:35,959 [INFO] ApiDbMcu:508 - Load IP Config File for USB_HOST
2024-04-15 00:36:39,400 [INFO] ProjectBuilder:4747 - Time for Generating toolchain IDE Files: 3853mS.
2024-04-15 00:36:39,400 [INFO] ProjectBuilder:2947 - Time for Copy CMSIS : 0mS.
2024-04-15 00:36:39,403 [INFO] ProjectBuilder:2947 - Time for Copy CMSIS : 0mS.
2024-04-15 00:36:39,992 [INFO] McuFinderGlobals:76 - Set McuFinderConnectedMode to true
2024-04-15 00:36:39,994 [INFO] ApiDb:448 - Save user favorites file C:\Users\User/.stm32cubeide/favorites.mcus.txt: 0 item(s)
2024-04-15 00:36:39,994 [INFO] ApiDb:452 - User favorites MCUs=[]
2024-04-15 00:36:39,995 [INFO] ApiDb:448 - Save user favorites file C:\Users\User/.stm32cubeide/favorites.boards.txt: 0 item(s)
2024-04-15 00:36:39,995 [INFO] ApiDb:452 - User favorites Boards=[]
2024-04-15 00:39:14,648 [INFO] Gpio:277 - dependency for GPIO [RCC, SYS, USART2]
2024-04-15 00:39:34,988 [INFO] Gpio:277 - dependency for GPIO [RCC, SYS, USART2]
2024-04-15 00:40:02,561 [INFO] NvicIntPanel:101 - NVIC parent = com.st.microxplorer.plugins.ip.nvic.MultiNvicIntPanel[,0,0,0x0,invalid,layout=javax.swing.BoxLayout,alignmentX=0.0,alignmentY=0.0,border=,flags=9,maximumSize=,minimumSize=,preferredSize=]
2024-04-15 00:40:02,666 [INFO] NvicIntPanel:101 - NVIC parent = com.st.microxplorer.plugins.ip.nvic.MultiNvicIntPanel[,0,0,0x0,invalid,layout=javax.swing.BoxLayout,alignmentX=0.0,alignmentY=0.0,border=,flags=9,maximumSize=,minimumSize=,preferredSize=]
2024-04-15 00:40:09,090 [INFO] NvicIntPanel:101 - NVIC parent = com.st.microxplorer.plugins.ip.nvic.MultiNvicIntPanel[,0,0,0x0,invalid,layout=javax.swing.BoxLayout,alignmentX=0.0,alignmentY=0.0,border=,flags=9,maximumSize=,minimumSize=,preferredSize=]
2024-04-15 00:40:09,204 [INFO] NvicIntPanel:101 - NVIC parent = com.st.microxplorer.plugins.ip.nvic.MultiNvicIntPanel[,0,0,0x0,invalid,layout=javax.swing.BoxLayout,alignmentX=0.0,alignmentY=0.0,border=,flags=9,maximumSize=,minimumSize=,preferredSize=]
2024-04-15 00:40:42,172 [INFO] UtilMem:75 - End SaveConfig() Used Memory: 716268760 Bytes (1073741824)
2024-04-15 00:40:43,792 [INFO] UtilMem:75 - End SaveConfig() Used Memory: 746677464 Bytes (1073741824)
2024-04-15 00:40:44,347 [INFO] UtilMem:75 - End SaveConfig() Used Memory: 836855000 Bytes (1073741824)
2024-04-15 00:40:44,590 [INFO] BlockDiagram:2759 - set Specific Code input for plugin: SPI
2024-04-15 00:40:44,590 [INFO] BlockDiagram:2759 - set Specific Code input for plugin: SYS
2024-04-15 00:40:44,590 [INFO] BlockDiagram:2759 - set Specific Code input for plugin: RCC
2024-04-15 00:40:44,590 [INFO] BlockDiagram:2759 - set Specific Code input for plugin: NVIC
2024-04-15 00:40:44,590 [INFO] BlockDiagram:2759 - set Specific Code input for plugin: USART
2024-04-15 00:40:44,590 [INFO] BlockDiagram:2759 - set Specific Code input for plugin: GPIO
2024-04-15 00:40:44,591 [INFO] CodeGenerator:807 - code generatio: config db path: C:\ST\STM32CubeIDE_1.14.0\STM32CubeIDE\plugins\com.st.stm32cube.common.mx_6.10.0.202311202037\\db\
2024-04-15 00:40:44,849 [INFO] CodeEngine:255 - oldGeneratedFile, C:\Users\User\Desktop\stm32\stm32\forbotCourse\project10spiExpander\MXTmpFiles\license.tmp_save
2024-04-15 00:40:44,941 [INFO] CodeEngine:279 - Generated code: C:\Users\User\Desktop\stm32\stm32\forbotCourse\project10spiExpander\MXTmpFiles\license.tmp
2024-04-15 00:40:44,986 [INFO] CodeEngine:255 - oldGeneratedFile, C:\Users\User\Desktop\stm32\stm32\forbotCourse\project10spiExpander\MXTmpFiles\gpio.tmp_save
2024-04-15 00:40:45,098 [INFO] CodeEngine:279 - Generated code: C:\Users\User\Desktop\stm32\stm32\forbotCourse\project10spiExpander\MXTmpFiles\gpio.tmp
2024-04-15 00:40:45,300 [INFO] CodeEngine:255 - oldGeneratedFile, C:\Users\User\Desktop\stm32\stm32\forbotCourse\project10spiExpander\Core\Src\stm32l4xx_it.c_save
2024-04-15 00:40:45,497 [INFO] CodeEngine:279 - Generated code: C:\Users\User\Desktop\stm32\stm32\forbotCourse\project10spiExpander\Core\Src\stm32l4xx_it.c
2024-04-15 00:40:45,506 [INFO] CodeEngine:255 - oldGeneratedFile, C:\Users\User\Desktop\stm32\stm32\forbotCourse\project10spiExpander\Core\Inc\stm32l4xx_it.h_save
2024-04-15 00:40:45,604 [INFO] CodeEngine:279 - Generated code: C:\Users\User\Desktop\stm32\stm32\forbotCourse\project10spiExpander\Core\Inc\stm32l4xx_it.h
2024-04-15 00:40:45,636 [INFO] CodeEngine:255 - oldGeneratedFile, C:\Users\User\Desktop\stm32\stm32\forbotCourse\project10spiExpander\Core\Src\stm32l4xx_hal_msp.c_save
2024-04-15 00:40:45,869 [INFO] CodeEngine:279 - Generated code: C:\Users\User\Desktop\stm32\stm32\forbotCourse\project10spiExpander\Core\Src\stm32l4xx_hal_msp.c
2024-04-15 00:40:45,932 [INFO] CodeEngine:255 - oldGeneratedFile, C:\Users\User\Desktop\stm32\stm32\forbotCourse\project10spiExpander\MXTmpFiles\system.tmp_save
2024-04-15 00:40:45,993 [INFO] CodeEngine:279 - Generated code: C:\Users\User\Desktop\stm32\stm32\forbotCourse\project10spiExpander\MXTmpFiles\system.tmp
2024-04-15 00:40:46,037 [INFO] CodeEngine:311 - oldGeneratedFile, C:\Users\User\Desktop\stm32\stm32\forbotCourse\project10spiExpander\Core\Inc\stm32l4xx_hal_conf.h_save
2024-04-15 00:40:46,150 [INFO] CodeEngine:335 - Generated code: C:\Users\User\Desktop\stm32\stm32\forbotCourse\project10spiExpander\Core\Inc\stm32l4xx_hal_conf.h
2024-04-15 00:40:46,207 [INFO] CodeEngine:255 - oldGeneratedFile, C:\Users\User\Desktop\stm32\stm32\forbotCourse\project10spiExpander\Core\Inc\main.h_save
2024-04-15 00:40:46,338 [INFO] CodeEngine:279 - Generated code: C:\Users\User\Desktop\stm32\stm32\forbotCourse\project10spiExpander\Core\Inc\main.h
2024-04-15 00:40:46,355 [INFO] CodeEngine:255 - oldGeneratedFile, C:\Users\User\Desktop\stm32\stm32\forbotCourse\project10spiExpander\Core\Src\main.c_save
2024-04-15 00:40:46,495 [INFO] CodeEngine:279 - Generated code: C:\Users\User\Desktop\stm32\stm32\forbotCourse\project10spiExpander\Core\Src\main.c
2024-04-15 00:40:47,121 [INFO] ProjectBuilder:3076 - Time for Copy HAL[1] : 221mS.
2024-04-15 00:40:47,125 [INFO] ProjectBuilder:4485 - Project Generator version: 4.2.0-B44
2024-04-15 00:40:47,470 [INFO] ConfigFileManager:1495 - The Die is : DIE415
2024-04-15 00:40:50,202 [INFO] ProjectBuilder:4747 - Time for Generating toolchain IDE Files: 3078mS.
2024-04-15 00:40:50,202 [INFO] ProjectBuilder:2947 - Time for Copy CMSIS : 0mS.
2024-04-15 00:40:50,205 [INFO] ProjectBuilder:2947 - Time for Copy CMSIS : 0mS.
2024-04-15 00:49:06,086 [INFO] UtilMem:75 - End SaveConfig() Used Memory: 800304568 Bytes (1073741824)
2024-04-15 00:49:07,525 [INFO] UtilMem:75 - End SaveConfig() Used Memory: 824872136 Bytes (1073741824)
2024-04-15 00:49:08,070 [INFO] UtilMem:75 - End SaveConfig() Used Memory: 858201328 Bytes (1073741824)
2024-04-15 00:49:08,338 [INFO] BlockDiagram:2759 - set Specific Code input for plugin: SPI
2024-04-15 00:49:08,338 [INFO] BlockDiagram:2759 - set Specific Code input for plugin: SYS
2024-04-15 00:49:08,338 [INFO] BlockDiagram:2759 - set Specific Code input for plugin: RCC
2024-04-15 00:49:08,338 [INFO] BlockDiagram:2759 - set Specific Code input for plugin: NVIC
2024-04-15 00:49:08,338 [INFO] BlockDiagram:2759 - set Specific Code input for plugin: USART
2024-04-15 00:49:08,338 [INFO] BlockDiagram:2759 - set Specific Code input for plugin: GPIO
2024-04-15 00:49:08,340 [INFO] CodeGenerator:807 - code generatio: config db path: C:\ST\STM32CubeIDE_1.14.0\STM32CubeIDE\plugins\com.st.stm32cube.common.mx_6.10.0.202311202037\\db\
2024-04-15 00:49:08,583 [INFO] CodeEngine:255 - oldGeneratedFile, C:\Users\User\Desktop\stm32\stm32\forbotCourse\project10spiExpander\MXTmpFiles\license.tmp_save
2024-04-15 00:49:08,833 [INFO] CodeEngine:279 - Generated code: C:\Users\User\Desktop\stm32\stm32\forbotCourse\project10spiExpander\MXTmpFiles\license.tmp
2024-04-15 00:49:08,967 [INFO] CodeEngine:255 - oldGeneratedFile, C:\Users\User\Desktop\stm32\stm32\forbotCourse\project10spiExpander\Core\Src\gpio.c_save
2024-04-15 00:49:09,222 [INFO] CodeEngine:279 - Generated code: C:\Users\User\Desktop\stm32\stm32\forbotCourse\project10spiExpander\Core\Src\gpio.c
2024-04-15 00:49:09,239 [INFO] CodeEngine:255 - oldGeneratedFile, C:\Users\User\Desktop\stm32\stm32\forbotCourse\project10spiExpander\Core\Inc\gpio.h_save
2024-04-15 00:49:09,332 [INFO] CodeEngine:279 - Generated code: C:\Users\User\Desktop\stm32\stm32\forbotCourse\project10spiExpander\Core\Inc\gpio.h
2024-04-15 00:49:09,527 [INFO] CodeEngine:255 - oldGeneratedFile, C:\Users\User\Desktop\stm32\stm32\forbotCourse\project10spiExpander\Core\Src\spi.c_save
2024-04-15 00:49:09,671 [INFO] CodeEngine:279 - Generated code: C:\Users\User\Desktop\stm32\stm32\forbotCourse\project10spiExpander\Core\Src\spi.c
2024-04-15 00:49:09,687 [INFO] CodeEngine:255 - oldGeneratedFile, C:\Users\User\Desktop\stm32\stm32\forbotCourse\project10spiExpander\Core\Inc\spi.h_save
2024-04-15 00:49:09,811 [INFO] CodeEngine:279 - Generated code: C:\Users\User\Desktop\stm32\stm32\forbotCourse\project10spiExpander\Core\Inc\spi.h
2024-04-15 00:49:09,822 [INFO] CodeEngine:255 - oldGeneratedFile, C:\Users\User\Desktop\stm32\stm32\forbotCourse\project10spiExpander\Core\Src\usart.c_save
2024-04-15 00:49:09,951 [INFO] CodeEngine:279 - Generated code: C:\Users\User\Desktop\stm32\stm32\forbotCourse\project10spiExpander\Core\Src\usart.c
2024-04-15 00:49:09,956 [INFO] CodeEngine:255 - oldGeneratedFile, C:\Users\User\Desktop\stm32\stm32\forbotCourse\project10spiExpander\Core\Inc\usart.h_save
2024-04-15 00:49:10,044 [INFO] CodeEngine:279 - Generated code: C:\Users\User\Desktop\stm32\stm32\forbotCourse\project10spiExpander\Core\Inc\usart.h
2024-04-15 00:49:10,069 [INFO] CodeEngine:255 - oldGeneratedFile, C:\Users\User\Desktop\stm32\stm32\forbotCourse\project10spiExpander\Core\Src\stm32l4xx_it.c_save
2024-04-15 00:49:10,262 [INFO] CodeEngine:279 - Generated code: C:\Users\User\Desktop\stm32\stm32\forbotCourse\project10spiExpander\Core\Src\stm32l4xx_it.c
2024-04-15 00:49:10,269 [INFO] CodeEngine:255 - oldGeneratedFile, C:\Users\User\Desktop\stm32\stm32\forbotCourse\project10spiExpander\Core\Inc\stm32l4xx_it.h_save
2024-04-15 00:49:10,344 [INFO] CodeEngine:279 - Generated code: C:\Users\User\Desktop\stm32\stm32\forbotCourse\project10spiExpander\Core\Inc\stm32l4xx_it.h
2024-04-15 00:49:10,365 [INFO] CodeEngine:255 - oldGeneratedFile, C:\Users\User\Desktop\stm32\stm32\forbotCourse\project10spiExpander\Core\Src\stm32l4xx_hal_msp.c_save
2024-04-15 00:49:10,473 [INFO] CodeEngine:279 - Generated code: C:\Users\User\Desktop\stm32\stm32\forbotCourse\project10spiExpander\Core\Src\stm32l4xx_hal_msp.c
2024-04-15 00:49:10,480 [INFO] CodeEngine:255 - oldGeneratedFile, C:\Users\User\Desktop\stm32\stm32\forbotCourse\project10spiExpander\MXTmpFiles\system.tmp_save
2024-04-15 00:49:10,536 [INFO] CodeEngine:279 - Generated code: C:\Users\User\Desktop\stm32\stm32\forbotCourse\project10spiExpander\MXTmpFiles\system.tmp
2024-04-15 00:49:10,555 [INFO] CodeEngine:311 - oldGeneratedFile, C:\Users\User\Desktop\stm32\stm32\forbotCourse\project10spiExpander\Core\Inc\stm32l4xx_hal_conf.h_save
2024-04-15 00:49:10,654 [INFO] CodeEngine:335 - Generated code: C:\Users\User\Desktop\stm32\stm32\forbotCourse\project10spiExpander\Core\Inc\stm32l4xx_hal_conf.h
2024-04-15 00:49:10,715 [INFO] CodeEngine:255 - oldGeneratedFile, C:\Users\User\Desktop\stm32\stm32\forbotCourse\project10spiExpander\Core\Inc\main.h_save
2024-04-15 00:49:10,836 [INFO] CodeEngine:279 - Generated code: C:\Users\User\Desktop\stm32\stm32\forbotCourse\project10spiExpander\Core\Inc\main.h
2024-04-15 00:49:10,851 [INFO] CodeEngine:255 - oldGeneratedFile, C:\Users\User\Desktop\stm32\stm32\forbotCourse\project10spiExpander\Core\Src\main.c_save
2024-04-15 00:49:10,964 [INFO] CodeEngine:279 - Generated code: C:\Users\User\Desktop\stm32\stm32\forbotCourse\project10spiExpander\Core\Src\main.c
2024-04-15 00:49:11,680 [INFO] ProjectBuilder:3076 - Time for Copy HAL[1] : 230mS.
2024-04-15 00:49:11,684 [INFO] ProjectBuilder:4485 - Project Generator version: 4.2.0-B44
2024-04-15 00:49:12,099 [INFO] ConfigFileManager:1495 - The Die is : DIE415
2024-04-15 00:49:15,231 [INFO] ProjectBuilder:4747 - Time for Generating toolchain IDE Files: 3547mS.
2024-04-15 00:49:15,232 [INFO] ProjectBuilder:2947 - Time for Copy CMSIS : 0mS.
2024-04-15 00:49:15,235 [INFO] ProjectBuilder:2947 - Time for Copy CMSIS : 0mS.
