2024-01-19 18:25:40,277 [INFO] Activator:176 - 


2024-01-19 18:25:40,286 [INFO] Activator:177 - !SESSION log4j initialized
2024-01-19 18:25:46,585 [INFO] LogOutputStream:77 - [STDOUT_REDIRECT] 
2024-01-19 18:25:48,767 [INFO] ApplicationProperties:184 - Using Application install path: C:\ST\STM32CubeIDE_1.14.0\STM32CubeIDE\plugins\com.st.stm32cube.common.mx_6.10.0.202311202037
2024-01-19 18:25:48,791 [INFO] DbMcusXml:78 - Set database path to: C:\ST\STM32CubeIDE_1.14.0\STM32CubeIDE\plugins\com.st.stm32cube.common.mx_6.10.0.202311202037\\db\/mcu/
2024-01-19 18:25:48,791 [INFO] ApiDb:274 - Set plugin database path to: C:\ST\STM32CubeIDE_1.14.0\STM32CubeIDE\plugins\com.st.stm32cube.common.mx_6.10.0.202311202037\\db\/plugins/boardmanager/
2024-01-19 18:25:48,792 [WARN] ApiDb:259 - Overriding images path with different value:  => C:\ST\STM32CubeIDE_1.14.0\STM32CubeIDE\plugins\com.st.stm32cube.common.mx_6.10.0.202311202037\\db\/plugins/mcufinder/images/
2024-01-19 18:25:48,805 [INFO] ApiDb:250 - Set database path to: C:\Users\User\.stmcufinder\plugins\mcufinder//mcu/
2024-01-19 18:25:48,806 [INFO] DbMcusAds:125 - Set database path to: C:\Users\User\.stmcufinder\plugins\mcufinder//mcu/
2024-01-19 18:25:48,809 [INFO] CrossReferenceDbSqlite:203 - Set database path to: C:\Users\User\.stmcufinder\plugins\mcufinder//mcu/cs/
2024-01-19 18:25:48,955 [INFO] RulesReader:64 - Compatibility file has been processed (297 Rules)
2024-01-19 18:25:49,053 [INFO] DbMcusXml:78 - Set database path to: C:\ST\STM32CubeIDE_1.14.0\STM32CubeIDE\plugins\com.st.stm32cube.common.mx_6.10.0.202311202037\\db\/mcu/
2024-01-19 18:25:49,053 [INFO] ApiDb:274 - Set plugin database path to: C:\ST\STM32CubeIDE_1.14.0\STM32CubeIDE\plugins\com.st.stm32cube.common.mx_6.10.0.202311202037\\db\/plugins/boardmanager/
2024-01-19 18:25:49,053 [INFO] ApiDb:261 - Set plugin images path to: C:\ST\STM32CubeIDE_1.14.0\STM32CubeIDE\plugins\com.st.stm32cube.common.mx_6.10.0.202311202037\\db\/plugins/mcufinder/images/
2024-01-19 18:25:49,053 [WARN] DbFile:41 - Overriding database path with different value: C:\Users\User\.stmcufinder\plugins\mcufinder/ => C:\Users\User\.stmcufinder\plugins\mcufinder
2024-01-19 18:25:49,053 [INFO] ApiDb:250 - Set database path to: C:\Users\User\.stmcufinder\plugins\mcufinder//mcu/
2024-01-19 18:25:49,054 [WARN] DbFile:41 - Overriding database path with different value: C:\Users\User\.stmcufinder\plugins\mcufinder/ => C:\Users\User\.stmcufinder\plugins\mcufinder
2024-01-19 18:25:49,054 [INFO] DbMcusAds:125 - Set database path to: C:\Users\User\.stmcufinder\plugins\mcufinder//mcu/
2024-01-19 18:25:49,054 [WARN] DbFile:41 - Overriding database path with different value: C:\Users\User\.stmcufinder\plugins\mcufinder/ => C:\Users\User\.stmcufinder\plugins\mcufinder
2024-01-19 18:25:49,054 [WARN] DbFile:41 - Overriding database path with different value: C:\Users\User\.stmcufinder\plugins\mcufinder/ => C:\Users\User\.stmcufinder\plugins\mcufinder
2024-01-19 18:25:49,054 [INFO] CrossReferenceDbSqlite:203 - Set database path to: C:\Users\User\.stmcufinder\plugins\mcufinder//mcu/cs/
2024-01-19 18:25:49,143 [INFO] MainPanel:264 - HeapMemory: 268435456
2024-01-19 18:25:49,250 [INFO] DbMcusXml:78 - Set database path to: C:\ST\STM32CubeIDE_1.14.0\STM32CubeIDE\plugins\com.st.stm32cube.common.mx_6.10.0.202311202037\\db\/mcu/
2024-01-19 18:25:49,250 [INFO] ApiDb:274 - Set plugin database path to: C:\ST\STM32CubeIDE_1.14.0\STM32CubeIDE\plugins\com.st.stm32cube.common.mx_6.10.0.202311202037\\db\/plugins/boardmanager/
2024-01-19 18:25:49,250 [INFO] ApiDb:261 - Set plugin images path to: C:\ST\STM32CubeIDE_1.14.0\STM32CubeIDE\plugins\com.st.stm32cube.common.mx_6.10.0.202311202037\\db\/plugins/mcufinder/images/
2024-01-19 18:25:49,250 [WARN] DbFile:41 - Overriding database path with different value: C:\Users\User\.stmcufinder\plugins\mcufinder/ => C:\Users\User\.stmcufinder\plugins\mcufinder
2024-01-19 18:25:49,251 [INFO] ApiDb:250 - Set database path to: C:\Users\User\.stmcufinder\plugins\mcufinder//mcu/
2024-01-19 18:25:49,251 [WARN] DbFile:41 - Overriding database path with different value: C:\Users\User\.stmcufinder\plugins\mcufinder/ => C:\Users\User\.stmcufinder\plugins\mcufinder
2024-01-19 18:25:49,251 [INFO] DbMcusAds:125 - Set database path to: C:\Users\User\.stmcufinder\plugins\mcufinder//mcu/
2024-01-19 18:25:49,251 [WARN] DbFile:41 - Overriding database path with different value: C:\Users\User\.stmcufinder\plugins\mcufinder/ => C:\Users\User\.stmcufinder\plugins\mcufinder
2024-01-19 18:25:49,251 [WARN] DbFile:41 - Overriding database path with different value: C:\Users\User\.stmcufinder\plugins\mcufinder/ => C:\Users\User\.stmcufinder\plugins\mcufinder
2024-01-19 18:25:49,251 [INFO] CrossReferenceDbSqlite:203 - Set database path to: C:\Users\User\.stmcufinder\plugins\mcufinder//mcu/cs/
2024-01-19 18:25:49,273 [INFO] ApplicationProperties:184 - Using Application install path: C:\ST\STM32CubeIDE_1.14.0\STM32CubeIDE\plugins\com.st.stm32cube.common.mx_6.10.0.202311202037
2024-01-19 18:25:49,275 [INFO] PluginManage:196 - Search for loadable plugins [exclusion list=, ]
2024-01-19 18:25:49,277 [INFO] PluginManage:310 - Check plugin analytics
2024-01-19 18:25:49,483 [INFO] AnalyticsPlugin:253 - Accepted Software Licenses: 
2024-01-19 18:25:49,483 [INFO] AnalyticsPlugin:255 - Accepted CMSIS Pack Licenses: 
2024-01-19 18:25:49,483 [INFO] AnalyticsPlugin:257 - Accepted Firmware Licenses: 
2024-01-19 18:25:49,486 [INFO] PluginManage:359 - Loaded plugin analytics (category:tool,tabindex:-1)
2024-01-19 18:25:49,486 [INFO] PluginManage:310 - Check plugin cadmodel
2024-01-19 18:25:49,502 [INFO] CADModel:105 - Init CAD model plugin
2024-01-19 18:25:49,503 [INFO] PluginManage:359 - Loaded plugin cadmodel (category:power,tabindex:5)
2024-01-19 18:25:49,503 [INFO] PluginManage:310 - Check plugin clock
2024-01-19 18:25:49,524 [INFO] PluginManage:359 - Loaded plugin clock (category:base,tabindex:2)
2024-01-19 18:25:49,525 [INFO] PluginManage:310 - Check plugin ddr
2024-01-19 18:25:49,527 [INFO] PluginManage:359 - Loaded plugin ddr (category:tool,tabindex:6)
2024-01-19 18:25:49,527 [INFO] PluginManage:310 - Check plugin filemanager
2024-01-19 18:25:49,691 [INFO] PluginManage:359 - Loaded plugin filemanager (category:base,tabindex:10)
2024-01-19 18:25:49,691 [INFO] PluginManage:310 - Check plugin ipmanager
2024-01-19 18:25:49,700 [INFO] PluginManage:359 - Loaded plugin ipmanager (category:base,tabindex:5)
2024-01-19 18:25:49,700 [INFO] PluginManage:310 - Check plugin lpbam
2024-01-19 18:25:49,720 [INFO] PluginManage:359 - Loaded plugin lpbam (category:base,tabindex:0)
2024-01-19 18:25:49,720 [INFO] PluginManage:310 - Check plugin memorymap
2024-01-19 18:25:49,748 [INFO] PluginManage:359 - Loaded plugin memorymap (category:base,tabindex:4)
2024-01-19 18:25:49,748 [INFO] PluginManage:310 - Check plugin pinoutandconfiguration
2024-01-19 18:25:49,767 [INFO] PluginManage:359 - Loaded plugin pinoutandconfiguration (category:base,tabindex:1)
2024-01-19 18:25:49,767 [INFO] PluginManage:310 - Check plugin pinoutconfig
2024-01-19 18:25:49,890 [WARN] SupportedApi:132 - Cannot load RTOS API schema: s4s-elt-must-match.1: The content of 'definitions' must match (annotation?, (simpleType | complexType)?, (unique | key | keyref)*)). A problem was found starting at: attribute.
2024-01-19 18:25:50,034 [INFO] PluginManage:359 - Loaded plugin pinoutconfig (category:base,tabindex:0)
2024-01-19 18:25:50,034 [INFO] PluginManage:310 - Check plugin power
2024-01-19 18:25:50,056 [INFO] PluginManage:359 - Loaded plugin power (category:power,tabindex:4)
2024-01-19 18:25:50,057 [INFO] PluginManage:310 - Check plugin projectmanager
2024-01-19 18:25:50,076 [INFO] PluginManage:359 - Loaded plugin projectmanager (category:projectmanager,tabindex:3)
2024-01-19 18:25:50,077 [INFO] PluginManage:310 - Check plugin thirdparty
2024-01-19 18:25:50,351 [INFO] PluginManage:359 - Loaded plugin thirdparty (category:base,tabindex:-1)
2024-01-19 18:25:50,351 [INFO] PluginManage:310 - Check plugin tools
2024-01-19 18:25:50,351 [WARN] IntegrityCheckThread:84 - waiting for thirdparty lock release [integrity check]
2024-01-19 18:25:50,351 [INFO] IntegrityCheckThread:86 - entering critical section [integrity check]
2024-01-19 18:25:50,352 [INFO] ThirdPartyUpdaterWithRetryManager:70 - Updater plugin not ready yet. [1/15]
2024-01-19 18:25:50,383 [INFO] PluginManage:359 - Loaded plugin tools (category:base,tabindex:7)
2024-01-19 18:25:50,383 [INFO] PluginManage:310 - Check plugin tutovideos
2024-01-19 18:25:50,587 [INFO] PluginManage:359 - Loaded plugin tutovideos (category:base,tabindex:-1)
2024-01-19 18:25:50,587 [INFO] PluginManage:310 - Check plugin updater
2024-01-19 18:25:50,600 [INFO] PluginManage:359 - Loaded plugin updater (category:base,tabindex:12)
2024-01-19 18:25:50,600 [INFO] PluginManage:310 - Check plugin userauth
2024-01-19 18:25:50,606 [INFO] UserAuth:114 - Init User Auth plugin
2024-01-19 18:25:50,606 [INFO] PluginManage:359 - Loaded plugin userauth (category:base,tabindex:14)
2024-01-19 18:25:50,607 [INFO] PluginManage:283 - PluginManage : Loaded plugins [17]
2024-01-19 18:25:50,853 [INFO] PinOutPanel:1499 - setPackage(No Configuration,No Configuration)
2024-01-19 18:25:50,937 [INFO] CADModel:165 - CPN selected for project level
2024-01-19 18:25:50,937 [INFO] CADModel:114 - Register for checkConnection events
2024-01-19 18:25:50,962 [INFO] IPUIPlugin:80 - create IPUIPlugin
2024-01-19 18:25:50,962 [INFO] PluginManager:220 - loadIPPluginJar : add adc
2024-01-19 18:25:50,996 [INFO] IPUIPlugin:80 - create IPUIPlugin
2024-01-19 18:25:50,996 [INFO] PluginManager:220 - loadIPPluginJar : add aes
2024-01-19 18:25:51,033 [INFO] IPUIPlugin:80 - create IPUIPlugin
2024-01-19 18:25:51,033 [INFO] PluginManager:220 - loadIPPluginJar : add can
2024-01-19 18:25:51,053 [INFO] IPUIPlugin:80 - create IPUIPlugin
2024-01-19 18:25:51,053 [INFO] PluginManager:220 - loadIPPluginJar : add comp
2024-01-19 18:25:51,084 [INFO] IPUIPlugin:80 - create IPUIPlugin
2024-01-19 18:25:51,084 [INFO] PluginManager:220 - loadIPPluginJar : add cryp
2024-01-19 18:25:51,111 [INFO] IPUIPlugin:80 - create IPUIPlugin
2024-01-19 18:25:51,111 [INFO] PluginManager:220 - loadIPPluginJar : add dfsdm
2024-01-19 18:25:51,124 [INFO] IPUIPlugin:80 - create IPUIPlugin
2024-01-19 18:25:51,125 [INFO] PluginManager:220 - loadIPPluginJar : add dma
2024-01-19 18:25:51,162 [INFO] IPUIPlugin:80 - create IPUIPlugin
2024-01-19 18:25:51,162 [INFO] PluginManager:220 - loadIPPluginJar : add dma3
2024-01-19 18:25:51,179 [INFO] IPUIPlugin:80 - create IPUIPlugin
2024-01-19 18:25:51,179 [INFO] PluginManager:220 - loadIPPluginJar : add fatfs
2024-01-19 18:25:51,222 [INFO] IPUIPlugin:80 - create IPUIPlugin
2024-01-19 18:25:51,223 [INFO] PluginManager:220 - loadIPPluginJar : add fmc
2024-01-19 18:25:51,238 [INFO] IPUIPlugin:80 - create IPUIPlugin
2024-01-19 18:25:51,238 [INFO] PluginManager:220 - loadIPPluginJar : add freertos
2024-01-19 18:25:51,256 [INFO] IPUIPlugin:80 - create IPUIPlugin
2024-01-19 18:25:51,256 [INFO] PluginManager:220 - loadIPPluginJar : add genericplugin
2024-01-19 18:25:51,343 [INFO] IPUIPlugin:80 - create IPUIPlugin
2024-01-19 18:25:51,343 [INFO] PluginManager:220 - loadIPPluginJar : add gfxmmu
2024-01-19 18:25:51,459 [INFO] IPUIPlugin:80 - create IPUIPlugin
2024-01-19 18:25:51,459 [INFO] PluginManager:220 - loadIPPluginJar : add gic
2024-01-19 18:25:51,474 [INFO] IPUIPlugin:80 - create IPUIPlugin
2024-01-19 18:25:51,474 [INFO] PluginManager:220 - loadIPPluginJar : add gpio
2024-01-19 18:25:51,561 [INFO] IPUIPlugin:80 - create IPUIPlugin
2024-01-19 18:25:51,561 [INFO] PluginManager:220 - loadIPPluginJar : add gtzc
2024-01-19 18:25:51,593 [INFO] IPUIPlugin:80 - create IPUIPlugin
2024-01-19 18:25:51,593 [INFO] PluginManager:220 - loadIPPluginJar : add hash
2024-01-19 18:25:51,640 [INFO] IPUIPlugin:80 - create IPUIPlugin
2024-01-19 18:25:51,640 [INFO] PluginManager:220 - loadIPPluginJar : add i2c
2024-01-19 18:25:51,676 [INFO] IPUIPlugin:80 - create IPUIPlugin
2024-01-19 18:25:51,676 [INFO] PluginManager:220 - loadIPPluginJar : add i2s
2024-01-19 18:25:51,711 [INFO] IPUIPlugin:80 - create IPUIPlugin
2024-01-19 18:25:51,712 [INFO] PluginManager:220 - loadIPPluginJar : add i3c
2024-01-19 18:25:51,808 [INFO] IPUIPlugin:80 - create IPUIPlugin
2024-01-19 18:25:51,808 [INFO] PluginManager:220 - loadIPPluginJar : add ipddr
2024-01-19 18:25:51,891 [INFO] IPUIPlugin:80 - create IPUIPlugin
2024-01-19 18:25:51,891 [INFO] PluginManager:220 - loadIPPluginJar : add linkedlist
2024-01-19 18:25:51,921 [INFO] IPUIPlugin:80 - create IPUIPlugin
2024-01-19 18:25:51,921 [INFO] PluginManager:220 - loadIPPluginJar : add lorawan
2024-01-19 18:25:51,954 [INFO] IPUIPlugin:80 - create IPUIPlugin
2024-01-19 18:25:51,954 [INFO] PluginManager:220 - loadIPPluginJar : add ltdc
2024-01-19 18:25:51,968 [INFO] IPUIPlugin:80 - create IPUIPlugin
2024-01-19 18:25:51,968 [INFO] PluginManager:220 - loadIPPluginJar : add mdma
2024-01-19 18:25:51,981 [INFO] IPUIPlugin:80 - create IPUIPlugin
2024-01-19 18:25:51,981 [INFO] PluginManager:220 - loadIPPluginJar : add nvic
2024-01-19 18:25:52,013 [INFO] IPUIPlugin:80 - create IPUIPlugin
2024-01-19 18:25:52,013 [INFO] PluginManager:220 - loadIPPluginJar : add opamp
2024-01-19 18:25:52,071 [INFO] IPUIPlugin:80 - create IPUIPlugin
2024-01-19 18:25:52,071 [INFO] PluginManager:220 - loadIPPluginJar : add openamp
2024-01-19 18:25:52,108 [INFO] IPUIPlugin:80 - create IPUIPlugin
2024-01-19 18:25:52,108 [INFO] PluginManager:220 - loadIPPluginJar : add pdm2pcm
2024-01-19 18:25:52,121 [INFO] IPUIPlugin:80 - create IPUIPlugin
2024-01-19 18:25:52,124 [INFO] PluginManager:220 - loadIPPluginJar : add plateformsettings
2024-01-19 18:25:52,144 [INFO] IPUIPlugin:80 - create IPUIPlugin
2024-01-19 18:25:52,144 [INFO] PluginManager:220 - loadIPPluginJar : add quadspi
2024-01-19 18:25:52,156 [INFO] IPUIPlugin:80 - create IPUIPlugin
2024-01-19 18:25:52,156 [INFO] PluginManager:220 - loadIPPluginJar : add resmgrutility
2024-01-19 18:25:52,199 [INFO] IPUIPlugin:80 - create IPUIPlugin
2024-01-19 18:25:52,199 [INFO] PluginManager:220 - loadIPPluginJar : add sai
2024-01-19 18:25:52,231 [INFO] IPUIPlugin:80 - create IPUIPlugin
2024-01-19 18:25:52,231 [INFO] PluginManager:220 - loadIPPluginJar : add spi
2024-01-19 18:25:52,295 [INFO] IPUIPlugin:80 - create IPUIPlugin
2024-01-19 18:25:52,295 [INFO] PluginManager:220 - loadIPPluginJar : add stm32_wpan
2024-01-19 18:25:52,315 [INFO] IPUIPlugin:80 - create IPUIPlugin
2024-01-19 18:25:52,315 [INFO] PluginManager:220 - loadIPPluginJar : add tim
2024-01-19 18:25:52,364 [INFO] IPUIPlugin:80 - create IPUIPlugin
2024-01-19 18:25:52,364 [INFO] PluginManager:220 - loadIPPluginJar : add touchsensing
2024-01-19 18:25:52,386 [INFO] IPUIPlugin:80 - create IPUIPlugin
2024-01-19 18:25:52,386 [INFO] PluginManager:220 - loadIPPluginJar : add tracer_emb
2024-01-19 18:25:52,408 [INFO] IPUIPlugin:80 - create IPUIPlugin
2024-01-19 18:25:52,408 [INFO] PluginManager:220 - loadIPPluginJar : add ts
2024-01-19 18:25:52,427 [INFO] IPUIPlugin:80 - create IPUIPlugin
2024-01-19 18:25:52,427 [INFO] PluginManager:220 - loadIPPluginJar : add tsc
2024-01-19 18:25:52,446 [INFO] IPUIPlugin:80 - create IPUIPlugin
2024-01-19 18:25:52,446 [INFO] PluginManager:220 - loadIPPluginJar : add ucpd
2024-01-19 18:25:52,485 [INFO] IPUIPlugin:80 - create IPUIPlugin
2024-01-19 18:25:52,485 [INFO] PluginManager:220 - loadIPPluginJar : add usart
2024-01-19 18:25:52,525 [INFO] IPUIPlugin:80 - create IPUIPlugin
2024-01-19 18:25:52,525 [INFO] PluginManager:220 - loadIPPluginJar : add usbx
2024-01-19 18:25:52,674 [INFO] CADModel:165 - CPN selected for project level
2024-01-19 18:25:52,675 [INFO] CADModel:114 - Register for checkConnection events
2024-01-19 18:25:52,675 [FATAL] Updater:308 - Updater called before beeing initialized
2024-01-19 18:25:52,676 [ERROR] CADModel:125 - Updater not yet initialized, retry later 
2024-01-19 18:25:52,852 [INFO] CADModel:165 - CPN selected for project level
2024-01-19 18:25:52,852 [INFO] CADModel:114 - Register for checkConnection events
2024-01-19 18:25:52,852 [FATAL] Updater:308 - Updater called before beeing initialized
2024-01-19 18:25:52,852 [ERROR] CADModel:125 - Updater not yet initialized, retry later 
2024-01-19 18:25:52,856 [FATAL] Updater:308 - Updater called before beeing initialized
2024-01-19 18:25:53,017 [FATAL] Updater:308 - Updater called before beeing initialized
2024-01-19 18:25:53,029 [INFO] DbMcusAds:53 - JSON generation date=Wed Nov 29 11:52:27 CET 2023 (1701255147349)
2024-01-19 18:25:53,029 [FATAL] Updater:308 - Updater called before beeing initialized
2024-01-19 18:25:53,111 [WARN] DetailPanel:346 - Failed to get advertising image, set to default
2024-01-19 18:25:53,216 [FATAL] Updater:308 - Updater called before beeing initialized
2024-01-19 18:25:53,218 [FATAL] Updater:308 - Updater called before beeing initialized
2024-01-19 18:25:53,218 [FATAL] Updater:308 - Updater called before beeing initialized
2024-01-19 18:25:53,218 [WARN] DetailPanel:346 - Failed to get advertising image, set to default
2024-01-19 18:25:53,219 [FATAL] Updater:308 - Updater called before beeing initialized
2024-01-19 18:25:53,297 [ERROR] Updater:1120 - MainUpdater not yet initialized. External WinMGr cannot be set.
2024-01-19 18:25:53,309 [INFO] Updater:1056 - Updater Version found : 6.10.0
2024-01-19 18:25:53,329 [INFO] ApplicationProperties:184 - Using Application install path: C:\ST\STM32CubeIDE_1.14.0\STM32CubeIDE\plugins\com.st.stm32cube.common.mx_6.10.0.202311202037
2024-01-19 18:25:53,353 [INFO] ThirdPartyUpdaterWithRetryManager:70 - Updater plugin not ready yet. [2/15]
2024-01-19 18:25:54,917 [ERROR] LogOutputStream:75 - [STDERR_REDIRECT] Jan 19, 2024 6:25:54 PM java.util.prefs.WindowsPreferences <init>
2024-01-19 18:25:54,920 [ERROR] LogOutputStream:75 - [STDERR_REDIRECT] WARNING: Could not open/create prefs root node Software\JavaSoft\Prefs at root 0xffffffff80000002. Windows RegCreateKeyEx(...) returned error code 5.
2024-01-19 18:25:54,920 [ERROR] LogOutputStream:75 - [STDERR_REDIRECT] 
2024-01-19 18:25:55,150 [INFO] MainUpdater:2873 - connection check result : 22
2024-01-19 18:25:55,151 [INFO] MainUpdater:290 - Updater Check For Update Now.
2024-01-19 18:25:55,151 [INFO] MicroXplorer:498 - Change Database Version : DB.6.0.100
2024-01-19 18:25:55,173 [INFO] McuFinderGlobals:63 - Set McuFinder mode to 2 (CubeIDE integrated)
2024-01-19 18:25:55,195 [INFO] UserAuth:404 - Internet connection configuration mode: 2
2024-01-19 18:25:55,392 [INFO] CheckServerUpdateThread:120 - End of CheckServer Thread
2024-01-19 18:25:56,644 [WARN] PackLoader:240 - Cannot read IP mode file for STMicroelectronics.X-CUBE-SMBUS.2.1.0
2024-01-19 18:25:56,665 [WARN] PackLoader:240 - Cannot read IP mode file for STMicroelectronics.X-CUBE-TOUCHGFX.4.23.0
2024-01-19 18:25:56,735 [WARN] PackLoader:240 - Cannot read IP mode file for STMicroelectronics.X-CUBE-AZRTOS-F7.1.1.0
2024-01-19 18:25:56,764 [WARN] PackLoader:240 - Cannot read IP mode file for STMicroelectronics.FP-SNS-MOTENV1.4.3.2
2024-01-19 18:25:56,786 [WARN] PackLoader:240 - Cannot read IP mode file for STMicroelectronics.FP-SNS-FLIGHT1.5.0.2
2024-01-19 18:25:56,806 [WARN] PackLoader:240 - Cannot read IP mode file for STMicroelectronics.X-CUBE-DISPLAY.3.0.0
2024-01-19 18:25:56,828 [WARN] PackLoader:240 - Cannot read IP mode file for STMicroelectronics.X-CUBE-BLE1.7.0.0
2024-01-19 18:25:56,841 [WARN] PackLoader:240 - Cannot read IP mode file for emotas.I-CUBE-CANOPEN.1.3.0
2024-01-19 18:25:56,855 [WARN] PackLoader:240 - Cannot read IP mode file for STMicroelectronics.FP-SNS-SMARTAG2.1.2.0
2024-01-19 18:25:56,878 [INFO] LogOutputStream:77 - [STDOUT_REDIRECT] 1 : Invalid condition id : UX_CORESTACK_Condition cause : null
2024-01-19 18:25:56,879 [INFO] LogOutputStream:77 - [STDOUT_REDIRECT] 1 : Invalid condition id : UX_CORESTACK_Condition cause : null
2024-01-19 18:25:56,880 [INFO] LogOutputStream:77 - [STDOUT_REDIRECT] 1 : Invalid condition id : UX_CORESTACK_Condition cause : null
2024-01-19 18:25:56,882 [INFO] LogOutputStream:77 - [STDOUT_REDIRECT] 1 : Invalid condition id : UX_CORESTACK_Condition cause : null
2024-01-19 18:25:56,886 [INFO] LogOutputStream:77 - [STDOUT_REDIRECT] 1 : Invalid condition id : UX_CORESTACK_Condition cause : null
2024-01-19 18:25:56,895 [WARN] PackLoader:240 - Cannot read IP mode file for STMicroelectronics.X-CUBE-AZRTOS-WL.2.0.0
2024-01-19 18:25:56,924 [WARN] PackLoader:240 - Cannot read IP mode file for WES.I-CUBE-Cesium.1.3.0
2024-01-19 18:25:56,941 [WARN] PackLoader:240 - Cannot read IP mode file for STMicroelectronics.X-CUBE-BLE2.3.3.0
2024-01-19 18:25:56,983 [WARN] PackLoader:240 - Cannot read IP mode file for STMicroelectronics.X-CUBE-ALGOBUILD.1.3.0
2024-01-19 18:25:57,030 [WARN] PackLoader:240 - Cannot read IP mode file for STMicroelectronics.X-CUBE-AZRTOS-G0.1.1.0
2024-01-19 18:25:57,057 [WARN] PackLoader:240 - Cannot read IP mode file for STMicroelectronics.X-CUBE-NFC4.3.0.0
2024-01-19 18:25:57,079 [WARN] PackLoader:240 - Cannot read IP mode file for STMicroelectronics.X-CUBE-BLEMGR.3.0.0
2024-01-19 18:25:57,094 [WARN] PackLoader:240 - Cannot read IP mode file for STMicroelectronics.FP-ATR-SIGFOX1.3.2.0
2024-01-19 18:25:57,107 [WARN] PackLoader:240 - Cannot read IP mode file for STMicroelectronics.X-CUBE-GNSS1.6.0.0
2024-01-19 18:25:57,142 [WARN] PackLoader:240 - Cannot read IP mode file for STMicroelectronics.X-CUBE-AZRTOS-F4.1.1.0
2024-01-19 18:25:57,155 [WARN] PackLoader:240 - Cannot read IP mode file for wolfSSL.I-CUBE-wolfSSL.5.6.4
2024-01-19 18:25:57,183 [WARN] PackLoader:240 - Cannot read IP mode file for STMicroelectronics.X-CUBE-AZRTOS-L5.2.0.0
2024-01-19 18:25:57,198 [WARN] PackLoader:240 - Cannot read IP mode file for STMicroelectronics.X-CUBE-EEPRMA1.4.2.0
2024-01-19 18:25:57,211 [WARN] PackLoader:240 - Cannot read IP mode file for ITTIA_DB.I-CUBE-ITTIADB.8.8.0
2024-01-19 18:25:57,223 [WARN] PackLoader:240 - Cannot read IP mode file for STMicroelectronics.X-CUBE-NFC7.1.0.1
2024-01-19 18:25:57,238 [WARN] PackLoader:240 - Cannot read IP mode file for STMicroelectronics.X-CUBE-NFC6.3.0.0
2024-01-19 18:25:57,250 [WARN] PackLoader:240 - Cannot read IP mode file for STMicroelectronics.X-CUBE-AI.8.1.0
2024-01-19 18:25:57,279 [WARN] ConditionMgr:438 - getConditionDescription Invalid condition id : LAN8742 Phy interface Condition cause : null
2024-01-19 18:25:57,280 [WARN] PackLoader:240 - Cannot read IP mode file for STMicroelectronics.X-CUBE-AZRTOS-L4.2.0.0
2024-01-19 18:25:57,281 [WARN] ConditionMgr:1039 - genDependencies : Invalid condition id : LAN8742 Phy interface Condition cause : null
2024-01-19 18:25:57,281 [WARN] ConditionMgr:1039 - genDependencies : Invalid condition id : LAN8742 Phy interface Condition cause : null
2024-01-19 18:25:57,282 [WARN] ConditionMgr:1039 - genDependencies : Invalid condition id : LAN8742 Phy interface Condition cause : null
2024-01-19 18:25:57,297 [WARN] PackLoader:240 - Cannot read IP mode file for STMicroelectronics.X-CUBE-SFXS2LP1.4.0.0
2024-01-19 18:25:57,332 [WARN] ConditionMgr:438 - getConditionDescription Invalid condition id : UX DEVICE CLASS RTOS Condition cause : null
2024-01-19 18:25:57,333 [WARN] ConditionMgr:438 - getConditionDescription Invalid condition id : UX DEVICE CLASS RTOS Condition cause : null
2024-01-19 18:25:57,336 [WARN] PackLoader:240 - Cannot read IP mode file for STMicroelectronics.X-CUBE-AZRTOS-WB.2.0.0
2024-01-19 18:25:57,343 [WARN] ConditionMgr:1039 - genDependencies : Invalid condition id : UX DEVICE CLASS RTOS Condition cause : null
2024-01-19 18:25:57,343 [WARN] ConditionMgr:1039 - genDependencies : Invalid condition id : UX DEVICE CLASS RTOS Condition cause : null
2024-01-19 18:25:57,344 [WARN] ConditionMgr:1039 - genDependencies : Invalid condition id : UX DEVICE CLASS RTOS Condition cause : null
2024-01-19 18:25:57,344 [WARN] ConditionMgr:1039 - genDependencies : Invalid condition id : UX DEVICE CLASS RTOS Condition cause : null
2024-01-19 18:25:57,344 [WARN] ConditionMgr:1039 - genDependencies : Invalid condition id : UX DEVICE CLASS RTOS Condition cause : null
2024-01-19 18:25:57,363 [WARN] PackLoader:240 - Cannot read IP mode file for STMicroelectronics.X-CUBE-SUBG2.5.0.0
2024-01-19 18:25:57,415 [WARN] PackLoader:240 - Cannot read IP mode file for STMicroelectronics.X-CUBE-AZRTOS-G4.2.0.0
2024-01-19 18:25:57,454 [WARN] PackLoader:240 - Cannot read IP mode file for Infineon.AIROC-Wi-Fi-Bluetooth-STM32.1.5.1
2024-01-19 18:25:57,497 [WARN] PackLoader:240 - Cannot read IP mode file for STMicroelectronics.FP-SNS-MOTENVWB1.1.3.1
2024-01-19 18:25:57,528 [WARN] PackLoader:240 - Cannot read IP mode file for STMicroelectronics.X-CUBE-ISPU.2.0.0
2024-01-19 18:25:57,609 [WARN] PackLoader:240 - Cannot read IP mode file for STMicroelectronics.X-CUBE-MEMS1.10.0.0
2024-01-19 18:25:57,958 [WARN] PackLoader:240 - Cannot read IP mode file for STMicroelectronics.X-CUBE-FREERTOS.1.1.0
2024-01-19 18:25:57,976 [WARN] PackLoader:240 - Cannot read IP mode file for portGmbH.I-Cube-SoM-uGOAL.1.1.0
2024-01-19 18:25:57,988 [WARN] PackLoader:240 - Cannot read IP mode file for STMicroelectronics.X-CUBE-ALS.1.0.1
2024-01-19 18:25:57,999 [WARN] PackLoader:240 - Cannot read IP mode file for STMicroelectronics.FP-ATR-ASTRA1.2.0.0
2024-01-19 18:25:58,024 [WARN] PackLoader:240 - Cannot read IP mode file for STMicroelectronics.X-CUBE-TOF1.3.4.0
2024-01-19 18:25:58,081 [WARN] PackLoader:240 - Cannot read IP mode file for STMicroelectronics.X-CUBE-AZRTOS-H7.3.2.0
2024-01-19 18:25:58,086 [INFO] ThirdParty:978 - Integrity check success = true
2024-01-19 18:25:58,087 [INFO] IntegrityCheckThread:100 - exiting critical section [integrity check]
2024-01-19 18:25:58,087 [INFO] IntegrityCheckThread:103 - End integrity checks thread
2024-01-19 18:26:16,244 [ERROR] LogOutputStream:75 - [STDERR_REDIRECT] SLF4J: Failed to load class "org.slf4j.impl.StaticLoggerBinder".
2024-01-19 18:26:16,246 [ERROR] LogOutputStream:75 - [STDERR_REDIRECT] SLF4J: Defaulting to no-operation (NOP) logger implementation
2024-01-19 18:26:16,248 [ERROR] LogOutputStream:75 - [STDERR_REDIRECT] SLF4J: See http://www.slf4j.org/codes.html#StaticLoggerBinder for further details.
2024-01-19 18:26:39,620 [INFO] McuFinderGlobals:63 - Set McuFinder mode to 2 (CubeIDE integrated)
2024-01-19 18:26:39,649 [INFO] MainUpdater:2873 - connection check result : 22
2024-01-19 18:26:39,658 [INFO] MainUpdater:2873 - connection check result : 22
2024-01-19 18:26:58,490 [INFO] MainUpdater:2873 - connection check result : 10
2024-01-19 18:26:58,673 [INFO] MicroXplorer:468 - Change Database Path : 
2024-01-19 18:26:58,673 [INFO] MicroXplorer:498 - Change Database Version : DB.6.0.100
2024-01-19 18:26:58,680 [WARN] ThirdParty:871 - waiting for thirdparty lock release [close project]
2024-01-19 18:26:58,680 [INFO] ThirdParty:873 - entering critical section [close project]
2024-01-19 18:26:58,680 [INFO] ThirdParty:883 - exiting critical section [close project]
2024-01-19 18:26:58,682 [INFO] PinOutPanel:1499 - setPackage(No Configuration,No Configuration)
2024-01-19 18:26:58,688 [INFO] UtilMem:75 - Begin LoadConfig() Used Memory: 230269064 Bytes (304087040)
2024-01-19 18:26:58,690 [INFO] MicroXplorer:468 - Change Database Path : 
2024-01-19 18:26:58,690 [INFO] MicroXplorer:498 - Change Database Version : DB.6.0.100
2024-01-19 18:26:58,690 [INFO] OpenFileManager:312 - Change cursor
2024-01-19 18:26:58,781 [INFO] Mcu:2016 - Initializing MCU STM32L476R(C-E-G)Tx STM32L476RGTx STM32L476RGT3
2024-01-19 18:27:01,641 [INFO] Context:659 - Trying to add GPIOservice into a context  which must be forbidden
2024-01-19 18:27:02,489 [INFO] RtosManager:555 - Registered RTOS mode: class=CMSIS, group=RTOS, mode=CMSIS_V1, owner=FREERTOS
2024-01-19 18:27:02,490 [INFO] RtosManager:555 - Registered RTOS mode: class=CMSIS, group=RTOS2, mode=CMSIS_V2, owner=FREERTOS
2024-01-19 18:27:02,490 [INFO] RtosManager:555 - Registered RTOS mode: class=RTOS, group=Core, mode=CMSIS_V1, owner=FREERTOS
2024-01-19 18:27:02,490 [INFO] RtosManager:555 - Registered RTOS mode: class=RTOS, group=Core, mode=CMSIS_V2, owner=FREERTOS
2024-01-19 18:27:02,490 [WARN] ModelIntegratedComponent:184 - Missing modes for component STMicroelectronics:FreeRTOS:0.0.1:STMicroelectronics:RTOS:FreeRTOS:Core:::10.2.0:
2024-01-19 18:27:02,506 [WARN] ModelIntegratedComponent:63 - No mode defined for component null
2024-01-19 18:27:02,506 [WARN] ModelIntegratedComponent:63 - No mode defined for component null
2024-01-19 18:27:02,506 [WARN] ModelIntegratedComponent:63 - No mode defined for component null
2024-01-19 18:27:02,506 [WARN] ModelIntegratedComponent:63 - No mode defined for component null
2024-01-19 18:27:02,506 [WARN] ModelIntegratedComponent:63 - No mode defined for component null
2024-01-19 18:27:02,506 [WARN] ModelIntegratedComponent:63 - No mode defined for component null
2024-01-19 18:27:02,506 [WARN] ModelIntegratedComponent:63 - No mode defined for component null
2024-01-19 18:27:02,507 [WARN] ModelIntegratedComponent:63 - No mode defined for component null
2024-01-19 18:27:02,507 [WARN] ModelIntegratedComponent:63 - No mode defined for component null
2024-01-19 18:27:02,507 [WARN] ModelIntegratedComponent:63 - No mode defined for component null
2024-01-19 18:27:02,507 [WARN] ModelIntegratedComponent:63 - No mode defined for component null
2024-01-19 18:27:02,507 [WARN] ModelIntegratedComponent:63 - No mode defined for component null
2024-01-19 18:27:02,507 [WARN] ModelIntegratedComponent:63 - No mode defined for component null
2024-01-19 18:27:02,507 [WARN] ModelIntegratedComponent:63 - No mode defined for component null
2024-01-19 18:27:02,507 [WARN] ModelIntegratedComponent:63 - No mode defined for component null
2024-01-19 18:27:02,507 [WARN] ModelIntegratedComponent:63 - No mode defined for component null
2024-01-19 18:27:02,507 [WARN] ModelIntegratedComponent:63 - No mode defined for component null
2024-01-19 18:27:02,507 [WARN] ModelIntegratedComponent:63 - No mode defined for component null
2024-01-19 18:27:02,507 [WARN] ModelIntegratedComponent:63 - No mode defined for component null
2024-01-19 18:27:02,507 [WARN] ModelIntegratedComponent:63 - No mode defined for component null
2024-01-19 18:27:02,507 [WARN] ModelIntegratedComponent:63 - No mode defined for component null
2024-01-19 18:27:02,507 [WARN] ModelIntegratedComponent:63 - No mode defined for component null
2024-01-19 18:27:02,508 [WARN] ModelIntegratedComponent:63 - No mode defined for component null
2024-01-19 18:27:02,508 [WARN] ModelIntegratedComponent:63 - No mode defined for component null
2024-01-19 18:27:02,508 [WARN] ModelIntegratedComponent:63 - No mode defined for component null
2024-01-19 18:27:02,508 [WARN] ModelIntegratedComponent:63 - No mode defined for component null
2024-01-19 18:27:02,508 [WARN] ModelIntegratedComponent:63 - No mode defined for component null
2024-01-19 18:27:02,508 [WARN] ModelIntegratedComponent:63 - No mode defined for component null
2024-01-19 18:27:02,508 [WARN] ModelIntegratedComponent:63 - No mode defined for component null
2024-01-19 18:27:02,508 [WARN] ModelIntegratedComponent:63 - No mode defined for component null
2024-01-19 18:27:02,508 [WARN] ModelIntegratedComponent:63 - No mode defined for component null
2024-01-19 18:27:02,508 [WARN] ModelIntegratedComponent:63 - No mode defined for component null
2024-01-19 18:27:02,508 [WARN] ModelIntegratedComponent:63 - No mode defined for component null
2024-01-19 18:27:02,637 [INFO] ThirdPartyModel:298 - Start build external matchings
2024-01-19 18:27:02,952 [INFO] ThirdPartyModel:316 - End build external matchings
2024-01-19 18:27:02,966 [INFO] ImportTextPane:194 - (OptionalMessage_ERROR) IP (RCC) : Invalid parameter (FamilyName)
2024-01-19 18:27:02,969 [INFO] ImportTextPane:194 - (OptionalMessage_ERROR) IP (RCC) : Parameter (RNGFreq_Value) has invalid value (64000000)
2024-01-19 18:27:02,969 [INFO] ImportTextPane:194 - (OptionalMessage_ERROR) IP (RCC) : Parameter (SDMMCFreq_Value) has invalid value (64000000)
2024-01-19 18:27:02,969 [INFO] ImportTextPane:194 - (OptionalMessage_ERROR) IP (RCC) : Parameter (USBFreq_Value) has invalid value (64000000)
2024-01-19 18:27:03,586 [INFO] UtilMem:75 - End LoadConfig() Used Memory: 402084336 Bytes (476053504)
2024-01-19 18:27:03,731 [INFO] ApiDb:581 - Connected to CubeFinder SQLite database (C:\Users\User\.stmcufinder\plugins\mcufinder\mcu\cube-finder-db.db)
2024-01-19 18:27:03,846 [INFO] ApiDb:668 - CubeFinder database Data Model version=2.1
2024-01-19 18:27:03,847 [INFO] ApiDb:669 - CubeFinder database Configuration version=3.0.39
2024-01-19 18:27:03,847 [INFO] ApiDb:670 - CubeFinder database generation date=2023-12-08 (1702028721)
2024-01-19 18:27:03,847 [INFO] ApiDb:671 - CubeFinder database FW Pack versions=[FP-ATR-ASTRA1_V2.0.0, FP-SNS-FLIGHT1_V5.0.1, FP-SNS-FLIGHT1_V5.0.2, FP-SNS-MOTENV1_V4.3.1, FP-SNS-MOTENV1_V4.3.2, FP-SNS-MOTENVWB1_V1.3.1, FP-SNS-SMARTAG2_V1.2.0, STM32Cube_FW_C0_V1.1.0, STM32Cube_FW_F4_V1.28.0, STM32Cube_FW_F7_V1.17.0, STM32Cube_FW_G0_V1.6.1, STM32Cube_FW_G4_V1.5.1, STM32Cube_FW_H5_V0.5.1, STM32Cube_FW_H5_V1.1.1, STM32Cube_FW_H5_V1.2.0RC2, STM32Cube_FW_H7_V1.11.0, STM32Cube_FW_L0_V1.12.2, STM32Cube_FW_L5_V1.5.0, STM32Cube_FW_U5_V1.3.0RC4, STM32Cube_FW_U5_V1.4.0, STM32Cube_FW_WBA_V1.0.0RC1, STM32Cube_FW_WBA_V1.1.0RC1, STM32Cube_FW_WBA_V1.2.0, STM32Cube_FW_WBA_V1.2.0RC2, STM32Cube_FW_WB_V1.15.0RC1, STM32Cube_FW_WB_V1.16.0, STM32Cube_FW_WB_V1.16.0RC2, STM32Cube_FW_WB_V1.18.0, STM32Cube_FW_WL_V1.3.0, X-CUBE-ALGOBUILD_V1.3.0, X-CUBE-ALS_V1.0.1, X-CUBE-AZRTOS-F4_V1.1.0, X-CUBE-AZRTOS-F7_V1.1.0, X-CUBE-AZRTOS-G0_V1.1.0, X-CUBE-AZRTOS-G4_V2.0.0, X-CUBE-AZRTOS-H7_V3.1.0, X-CUBE-AZRTOS-L4_V1.0.0, X-CUBE-AZRTOS-L4_V2.0.0, X-CUBE-AZRTOS-L5_V1.1.0, X-CUBE-AZRTOS-WB_V2.0.0, X-CUBE-AZRTOS-WL_V2.0.0, X-CUBE-BLE1_V7.0.0, X-CUBE-BLE2_V3.3.0, X-CUBE-BLEMGR_V3.0.0, X-CUBE-EEPRMA1_V4.1.0, X-CUBE-EEPRMA1_V4.2.0, X-CUBE-FREERTOS_V1.1.0, X-CUBE-GNSS1_V6.0.0, X-CUBE-MEMS1_V10.0.0, X-CUBE-MEMS1_V9.1.0, X-CUBE-MEMS1_V9.4.0, X-CUBE-MEMS1_V9.6.0, X-CUBE-NFC4_V3.0.0, X-CUBE-NFC7_V1.0.1, X-CUBE-SFXS2LP1_V4.0.0, X-CUBE-SUBG2_V5.0.0, X-CUBE-TOF1_V3.4.0]
2024-01-19 18:27:06,476 [INFO] ApiDb:240 - Found 371 in-development CPN: [B-G473E-ZEST1S, B-WB1M-WPAN1, B-WL5M-SUBG1, NUCLEO-C031C6, NUCLEO-H503RB, NUCLEO-H563ZI, NUCLEO-U545RE-Q, NUCLEO-U5A5ZJ-Q, NUCLEO-WBA52CG, NUCLEO-WBA55CG, STEVAL-MKBOXPRO, STEVAL-PROTEUS1, STEVAL-STWINBX1, STM320518-EVAL, STM32C0116-DK, STM32C011D6Y3TR, STM32C011D6Y6TR, STM32C011F4P3, STM32C011F4P6, STM32C011F4U3, STM32C011F4U6TR, STM32C011F6P3, STM32C011F6P6, STM32C011F6U3, STM32C011F6U6TR, STM32C011J4M3, STM32C011J4M6, STM32C011J6M3, STM32C011J6M6, STM32C0316-DK, STM32C031C4T3, STM32C031C4T6, STM32C031C4U3, STM32C031C4U6, STM32C031C6T3, STM32C031C6T6, STM32C031C6U3, STM32C031C6U6, STM32C031F4P3, STM32C031F4P6, STM32C031F6P3, STM32C031F6P6, STM32C031G4U3, STM32C031G4U6, STM32C031G6U3, STM32C031G6U6, STM32C031K4T3, STM32C031K4T6, STM32C031K4U3, STM32C031K4U6, STM32C031K6T3, STM32C031K6T6, STM32C031K6U3, STM32C031K6U6, STM32G071K8TXN, STM32G071K8UXN, STM32G081GBU6N, STM32G081KBT6N, STM32G081KBUXN, STM32G0B1CCT6N, STM32G0B1KCT6, STM32G0B1NEY6TR, STM32G0B1RCT6N, STM32G0C1CCT6, STM32G0C1CCT6N, STM32G0C1CCU6N, STM32G0C1CET6N, STM32G0C1CEU6N, STM32G0C1KCT6, STM32G0C1NEY6TR, STM32G0C1RCI6N, STM32G0C1RCT6N, STM32G0C1REI6N, STM32G0C1RET6N, STM32G0C1VCI6, STM32G0C1VEI6, STM32G471CCT6, STM32G471CCU6, STM32G471CET3, STM32G471CET6, STM32G471CEU3, STM32G471CEU6, STM32G471MCT6, STM32G471MET3, STM32G471MET6, STM32G471MEY6TR, STM32G471QCT6, STM32G471QET3, STM32G471RCT6, STM32G471RET3, STM32G471RET6, STM32G471VCH6, STM32G471VCI6, STM32G471VCT6, STM32G471VEH3, STM32G471VEH6, STM32G471VEI3, STM32G471VEI6, STM32G471VET3, STM32G471VET6, STM32G474CCT6, STM32H503CBT6, STM32H503CBU6, STM32H503EBY6TR, STM32H503KBU6, STM32H503RBT6, STM32H562AGI6, STM32H562AII6, STM32H562IGK6, STM32H562IGT6, STM32H562IIK6, STM32H562IIT6, STM32H562RGT6, STM32H562RGV6, STM32H562RIT6, STM32H562RIV6, STM32H562VGT6, STM32H562VIT6, STM32H562ZGT6, STM32H562ZIT6, STM32H563AGI6, STM32H563AII3Q, STM32H563AII6, STM32H563IGK6, STM32H563IGT6, STM32H563IIK3Q, STM32H563IIK6, STM32H563IIT3Q, STM32H563IIT6, STM32H563MIY3QTR, STM32H563RGT6, STM32H563RGV6, STM32H563RIT6, STM32H563RIV6, STM32H563VGT6, STM32H563VIT3Q, STM32H563VIT6, STM32H563ZGT6, STM32H563ZIT3Q, STM32H563ZIT6, STM32H573AII3Q, STM32H573AII6, STM32H573I-DK, STM32H573IIK3Q, STM32H573IIK6, STM32H573IIT3Q, STM32H573IIT6, STM32H573MIY3QTR, STM32H573RIT6, STM32H573RIV6, STM32H573VIT3Q, STM32H573VIT6, STM32H573ZIT3Q, STM32H573ZIT6, STM32L4R5QGI6STR, STM32MP131AAE3, STM32MP131AAF3, STM32MP131AAG3, STM32MP131CAE3, STM32MP131CAF3, STM32MP131CAG3, STM32MP131DAE7, STM32MP131DAF7, STM32MP131DAG7, STM32MP131FAE7, STM32MP131FAF7, STM32MP131FAG7, STM32MP133AAE3, STM32MP133AAF3, STM32MP133AAG3, STM32MP133CAE3, STM32MP133CAF3, STM32MP133CAG3, STM32MP133DAE7, STM32MP133DAF7, STM32MP133DAG7, STM32MP133FAE7, STM32MP133FAF7, STM32MP133FAG7, STM32MP135AAE3, STM32MP135AAF3, STM32MP135AAG3, STM32MP135CAE3, STM32MP135CAF3, STM32MP135CAG3, STM32MP135DAE7, STM32MP135DAF7, STM32MP135DAG7, STM32MP135F-DK, STM32MP135FAE7, STM32MP135FAF7, STM32MP135FAF7T, STM32MP135FAF7U, STM32MP135FAG7, STM32U535CBT6, STM32U535CBT6Q, STM32U535CBU6, STM32U535CBU6Q, STM32U535CCT6, STM32U535CCT6Q, STM32U535CCU6, STM32U535CCU6Q, STM32U535CET6, STM32U535CET6Q, STM32U535CEU6, STM32U535CEU6Q, STM32U535JEY6QTR, STM32U535NCY6QTR, STM32U535NEY6QTR, STM32U535RBI6, STM32U535RBI6Q, STM32U535RBT6, STM32U535RBT6Q, STM32U535RCI6, STM32U535RCI6Q, STM32U535RCT6, STM32U535RCT6Q, STM32U535REI6, STM32U535REI6Q, STM32U535RET6, STM32U535RET6Q, STM32U535VCI6, STM32U535VCI6Q, STM32U535VCT6, STM32U535VCT6Q, STM32U535VEI6, STM32U535VEI6Q, STM32U535VET6, STM32U535VET6Q, STM32U545CET6, STM32U545CET6Q, STM32U545CEU6, STM32U545CEU6Q, STM32U545JEY6QTR, STM32U545NEY6QTR, STM32U545REI6, STM32U545REI6Q, STM32U545RET6, STM32U545RET6Q, STM32U545VEI6, STM32U545VEI6Q, STM32U545VET6, STM32U545VET6Q, STM32U595AIH6, STM32U595AIH6Q, STM32U595AJH6, STM32U595AJH6Q, STM32U595QII6, STM32U595QII6Q, STM32U595QJI6, STM32U595QJI6Q, STM32U595RIT6, STM32U595RIT6Q, STM32U595RJT6, STM32U595RJT6Q, STM32U595VIT6, STM32U595VIT6Q, STM32U595VJT6, STM32U595VJT6Q, STM32U595ZIT6, STM32U595ZIT6Q, STM32U595ZIY6QTR, STM32U595ZJT6, STM32U595ZJT6Q, STM32U595ZJY6QTR, STM32U599BJY6QTR, STM32U599NIH6Q, STM32U599NJH6Q, STM32U599VIT6Q, STM32U599VJT6, STM32U599VJT6Q, STM32U599ZIT6Q, STM32U599ZIY6QTR, STM32U599ZJT6Q, STM32U599ZJY6QTR, STM32U5A5AJH6, STM32U5A5AJH6Q, STM32U5A5QJI6, STM32U5A5QJI6Q, STM32U5A5RJT6, STM32U5A5RJT6Q, STM32U5A5VJT6, STM32U5A5VJT6Q, STM32U5A5ZJT6, STM32U5A5ZJT6Q, STM32U5A5ZJY6QTR, STM32U5A9BJY6QTR, STM32U5A9J-DK, STM32U5A9NJH6Q, STM32U5A9VJT6Q, STM32U5A9ZJT6Q, STM32U5A9ZJY6QTR, STM32U5F7VIT6, STM32U5F7VIT6Q, STM32U5F7VJT6, STM32U5F7VJT6Q, STM32U5F9BJY6QTR, STM32U5F9NJH6Q, STM32U5F9VIT6Q, STM32U5F9VJT6Q, STM32U5F9ZIJ6QTR, STM32U5F9ZIT6Q, STM32U5F9ZJJ6QTR, STM32U5F9ZJT6Q, STM32U5G7VJT6, STM32U5G7VJT6Q, STM32U5G9BJY6QTR, STM32U5G9J-DK1, STM32U5G9J-DK2, STM32U5G9NJH6Q, STM32U5G9VJT6Q, STM32U5G9ZJJ6QTR, STM32U5G9ZJT6Q, STM32WB1MMCH6, STM32WBA50KEU6, STM32WBA50KEU6TR, STM32WBA50KGU6, STM32WBA50KGU6TR, STM32WBA52CEU6, STM32WBA52CEU6TR, STM32WBA52CEU7, STM32WBA52CEU7TR, STM32WBA52CGU6, STM32WBA52CGU6TR, STM32WBA52CGU6U, STM32WBA52CGU7, STM32WBA52CGU7TR, STM32WBA52KEU6, STM32WBA52KEU6TR, STM32WBA52KGU6, STM32WBA52KGU6TR, STM32WBA54CEU6, STM32WBA54CEU6TR, STM32WBA54CEU7, STM32WBA54CEU7TR, STM32WBA54CGU6, STM32WBA54CGU6TR, STM32WBA54CGU7, STM32WBA54CGU7TR, STM32WBA54KEU6, STM32WBA54KEU6TR, STM32WBA54KEU7, STM32WBA54KEU7TR, STM32WBA54KGU6, STM32WBA54KGU6TR, STM32WBA54KGU7, STM32WBA54KGU7TR, STM32WBA55CEU6, STM32WBA55CEU6TR, STM32WBA55CEU7, STM32WBA55CEU7TR, STM32WBA55CGU6, STM32WBA55CGU6TR, STM32WBA55CGU6U, STM32WBA55CGU7, STM32WBA55CGU7TR, STM32WBA55G-DK1, STM32WBA55HEF6, STM32WBA55HEF7, STM32WBA55HGF6, STM32WBA55HGF7, STM32WBA55UEI6, STM32WBA55UEI6TR, STM32WBA55UEI7, STM32WBA55UEI7TR, STM32WBA55UGI6, STM32WBA55UGI6TR, STM32WBA55UGI7, STM32WBA55UGI7TR, STM32WL5MOCH6, STM32WL5MOCH6TR]
2024-01-19 18:27:06,482 [INFO] DbMcus:218 - Found 3930 MCUs, 3930 are supported
2024-01-19 18:27:06,483 [INFO] ApiDb:423 - Load user favorites file C:\Users\User/.stm32cubeide/favorites.mcus.txt: 0 item(s)
2024-01-19 18:27:06,483 [INFO] ApiDb:427 - User favorites MCUs=[]
2024-01-19 18:27:06,483 [INFO] DbMcus:224 - Set 0 / 0 favorites MCUs
2024-01-19 18:27:06,949 [INFO] MicroXplorer:468 - Change Database Path : 
2024-01-19 18:27:06,949 [INFO] MicroXplorer:498 - Change Database Version : DB.6.0.100
2024-01-19 18:27:06,949 [WARN] ThirdParty:833 - waiting for thirdparty lock release [change project]
2024-01-19 18:27:06,950 [INFO] ThirdParty:835 - entering critical section [change project]
2024-01-19 18:27:06,950 [INFO] ThirdParty:1030 - CMSIS Pack Vendor :STMicroelectronics USBPD 4.1
2024-01-19 18:27:06,950 [INFO] ThirdParty:1030 - CMSIS Pack Vendor :STMicroelectronics X-CUBE-GNSS1 6.0.0
2024-01-19 18:27:06,950 [INFO] ThirdParty:1030 - CMSIS Pack Vendor :STMicroelectronics USB_HOST 2.0.0
2024-01-19 18:27:06,950 [INFO] ThirdParty:1030 - CMSIS Pack Vendor :STMicroelectronics X-CUBE-AZRTOS-F4 1.1.0
2024-01-19 18:27:06,950 [INFO] ThirdParty:1030 - CMSIS Pack Vendor :STMicroelectronics LIBJPEG 8.0.0
2024-01-19 18:27:06,950 [INFO] ThirdParty:1030 - CMSIS Pack Vendor :wolfSSL I-CUBE-wolfSSL 5.6.4
2024-01-19 18:27:06,950 [INFO] ThirdParty:1030 - CMSIS Pack Vendor :STMicroelectronics X-CUBE-SMBUS 2.1.0
2024-01-19 18:27:06,950 [INFO] ThirdParty:1030 - CMSIS Pack Vendor :STMicroelectronics USB_DEVICE 3.0.0
2024-01-19 18:27:06,950 [INFO] ThirdParty:1030 - CMSIS Pack Vendor :STMicroelectronics X-CUBE-AZRTOS-WB 2.0.0
2024-01-19 18:27:06,950 [INFO] ThirdParty:1030 - CMSIS Pack Vendor :STMicroelectronics X-CUBE-TOUCHGFX 4.23.0
2024-01-19 18:27:06,950 [INFO] ThirdParty:1030 - CMSIS Pack Vendor :STMicroelectronics X-CUBE-AZRTOS-F7 1.1.0
2024-01-19 18:27:06,950 [INFO] ThirdParty:1030 - CMSIS Pack Vendor :STMicroelectronics X-CUBE-AZRTOS-L5 2.0.0
2024-01-19 18:27:06,950 [INFO] ThirdParty:1030 - CMSIS Pack Vendor :STMicroelectronics USB_DEVICE 2.0.0
2024-01-19 18:27:06,950 [INFO] ThirdParty:1030 - CMSIS Pack Vendor :STMicroelectronics X-CUBE-EEPRMA1 4.2.0
2024-01-19 18:27:06,950 [INFO] ThirdParty:1030 - CMSIS Pack Vendor :ITTIA_DB I-CUBE-ITTIADB 8.8.0
2024-01-19 18:27:06,950 [INFO] ThirdParty:1030 - CMSIS Pack Vendor :STMicroelectronics FP-SNS-MOTENV1 4.3.2
2024-01-19 18:27:06,951 [INFO] ThirdParty:1030 - CMSIS Pack Vendor :STMicroelectronics X-CUBE-ALGOBUILD 1.3.0
2024-01-19 18:27:06,951 [INFO] ThirdParty:1030 - CMSIS Pack Vendor :STMicroelectronics FreeRTOS 0.0.1
2024-01-19 18:27:06,951 [INFO] ThirdParty:1030 - CMSIS Pack Vendor :STMicroelectronics X-CUBE-AZRTOS-G0 1.1.0
2024-01-19 18:27:06,951 [INFO] ThirdParty:1030 - CMSIS Pack Vendor :STMicroelectronics X-CUBE-NFC4 3.0.0
2024-01-19 18:27:06,951 [INFO] ThirdParty:1030 - CMSIS Pack Vendor :STMicroelectronics X-CUBE-SUBG2 5.0.0
2024-01-19 18:27:06,951 [INFO] ThirdParty:1030 - CMSIS Pack Vendor :STMicroelectronics STM32_WPAN 1.0.0
2024-01-19 18:27:06,951 [INFO] ThirdParty:1030 - CMSIS Pack Vendor :STMicroelectronics lwIP 2.0.3
2024-01-19 18:27:06,951 [INFO] ThirdParty:1030 - CMSIS Pack Vendor :STMicroelectronics FP-SNS-FLIGHT1 5.0.2
2024-01-19 18:27:06,951 [INFO] ThirdParty:1030 - CMSIS Pack Vendor :STMicroelectronics USB_HOST 1.0.0
2024-01-19 18:27:06,951 [INFO] ThirdParty:1030 - CMSIS Pack Vendor :STMicroelectronics X-CUBE-AZRTOS-G4 2.0.0
2024-01-19 18:27:06,951 [INFO] ThirdParty:1030 - CMSIS Pack Vendor :STMicroelectronics PDM2PCM 3.1.0
2024-01-19 18:27:06,951 [INFO] ThirdParty:1030 - CMSIS Pack Vendor :Infineon AIROC-Wi-Fi-Bluetooth-STM32 1.5.1
2024-01-19 18:27:06,951 [INFO] ThirdParty:1030 - CMSIS Pack Vendor :STMicroelectronics X-CUBE-BLEMGR 3.0.0
2024-01-19 18:27:06,951 [INFO] ThirdParty:1030 - CMSIS Pack Vendor :STMicroelectronics PDM2PCM 3.3.0
2024-01-19 18:27:06,951 [INFO] ThirdParty:1030 - CMSIS Pack Vendor :STMicroelectronics X-CUBE-DISPLAY 3.0.0
2024-01-19 18:27:06,952 [INFO] ThirdParty:1030 - CMSIS Pack Vendor :STMicroelectronics FP-SNS-MOTENVWB1 1.3.1
2024-01-19 18:27:06,952 [INFO] ThirdParty:1030 - CMSIS Pack Vendor :STMicroelectronics X-CUBE-BLE1 7.0.0
2024-01-19 18:27:06,952 [INFO] ThirdParty:1030 - CMSIS Pack Vendor :STMicroelectronics FP-ATR-SIGFOX1 3.2.0
2024-01-19 18:27:06,952 [INFO] ThirdParty:1030 - CMSIS Pack Vendor :STMicroelectronics X-CUBE-ISPU 2.0.0
2024-01-19 18:27:06,952 [INFO] ThirdParty:1030 - CMSIS Pack Vendor :STMicroelectronics HAL Drivers 0.0.0
2024-01-19 18:27:06,952 [INFO] ThirdParty:1030 - CMSIS Pack Vendor :STMicroelectronics MBEDTLS 2.16.2
2024-01-19 18:27:06,952 [INFO] ThirdParty:1030 - CMSIS Pack Vendor :emotas I-CUBE-CANOPEN 1.3.0
2024-01-19 18:27:06,952 [INFO] ThirdParty:1030 - CMSIS Pack Vendor :STMicroelectronics X-CUBE-MEMS1 10.0.0
2024-01-19 18:27:06,952 [INFO] ThirdParty:1030 - CMSIS Pack Vendor :STMicroelectronics X-CUBE-FREERTOS 1.1.0
2024-01-19 18:27:06,952 [INFO] ThirdParty:1030 - CMSIS Pack Vendor :STMicroelectronics X-CUBE-NFC7 1.0.1
2024-01-19 18:27:06,952 [INFO] ThirdParty:1030 - CMSIS Pack Vendor :STMicroelectronics MBEDTLS 2.14.1
2024-01-19 18:27:06,952 [INFO] ThirdParty:1030 - CMSIS Pack Vendor :STMicroelectronics X-CUBE-NFC6 3.0.0
2024-01-19 18:27:06,952 [INFO] ThirdParty:1030 - CMSIS Pack Vendor :portGmbH I-Cube-SoM-uGOAL 1.1.0
2024-01-19 18:27:06,952 [INFO] ThirdParty:1030 - CMSIS Pack Vendor :STMicroelectronics X-CUBE-ALS 1.0.1
2024-01-19 18:27:06,952 [INFO] ThirdParty:1030 - CMSIS Pack Vendor :STMicroelectronics ThreadX 1.0.0
2024-01-19 18:27:06,952 [INFO] ThirdParty:1030 - CMSIS Pack Vendor :STMicroelectronics FP-SNS-SMARTAG2 1.2.0
2024-01-19 18:27:06,952 [INFO] ThirdParty:1030 - CMSIS Pack Vendor :STMicroelectronics X-CUBE-AZRTOS-WL 2.0.0
2024-01-19 18:27:06,953 [INFO] ThirdParty:1030 - CMSIS Pack Vendor :STMicroelectronics USB_DEVICE 1.0.0
2024-01-19 18:27:06,953 [INFO] ThirdParty:1030 - CMSIS Pack Vendor :STMicroelectronics X-CUBE-AI 8.1.0
2024-01-19 18:27:06,953 [INFO] ThirdParty:1030 - CMSIS Pack Vendor :STMicroelectronics X-CUBE-AZRTOS-L4 2.0.0
2024-01-19 18:27:06,953 [INFO] ThirdParty:1030 - CMSIS Pack Vendor :STMicroelectronics ThreadX 0.0.2
2024-01-19 18:27:06,953 [INFO] ThirdParty:1030 - CMSIS Pack Vendor :WES I-CUBE-Cesium 1.3.0
2024-01-19 18:27:06,953 [INFO] ThirdParty:1030 - CMSIS Pack Vendor :STMicroelectronics FP-ATR-ASTRA1 2.0.0
2024-01-19 18:27:06,953 [INFO] ThirdParty:1030 - CMSIS Pack Vendor :STMicroelectronics lwIP 2.1.2
2024-01-19 18:27:06,953 [INFO] ThirdParty:1030 - CMSIS Pack Vendor :STMicroelectronics X-CUBE-SFXS2LP1 4.0.0
2024-01-19 18:27:06,953 [INFO] ThirdParty:1030 - CMSIS Pack Vendor :STMicroelectronics X-CUBE-BLE2 3.3.0
2024-01-19 18:27:06,953 [INFO] ThirdParty:1030 - CMSIS Pack Vendor :STMicroelectronics X-CUBE-TOF1 3.4.0
2024-01-19 18:27:06,953 [INFO] ThirdParty:1030 - CMSIS Pack Vendor :STMicroelectronics X-CUBE-AZRTOS-H7 3.2.0
2024-01-19 18:27:06,953 [INFO] ThirdParty:1030 - CMSIS Pack Vendor :STMicroelectronics PDM2PCM 3.2.0
2024-01-19 18:27:06,953 [INFO] ThirdParty:841 - exiting critical section [change project]
2024-01-19 18:27:07,578 [INFO] PinOutPanel:1499 - setPackage(No Configuration,No Configuration)
2024-01-19 18:27:07,580 [INFO] PinOutPanel:1499 - setPackage(STM32L476RGTx,LQFP64)
2024-01-19 18:27:08,676 [INFO] UtilMem:75 - Before build in PCC Used Memory: 275839488 Bytes (476053504)
2024-01-19 18:27:09,692 [INFO] UtilMem:75 - After build in PCC Used Memory: 384486672 Bytes (476053504)
2024-01-19 18:27:09,728 [INFO] IPUIPlugin:80 - create IPUIPlugin
2024-01-19 18:27:09,729 [INFO] IPUIPlugin:80 - create IPUIPlugin
2024-01-19 18:27:09,729 [INFO] IPUIPlugin:80 - create IPUIPlugin
2024-01-19 18:27:09,729 [INFO] IPUIPlugin:80 - create IPUIPlugin
2024-01-19 18:27:09,729 [INFO] IPUIPlugin:80 - create IPUIPlugin
2024-01-19 18:27:09,729 [INFO] IPUIPlugin:80 - create IPUIPlugin
2024-01-19 18:27:09,729 [INFO] IPUIPlugin:80 - create IPUIPlugin
2024-01-19 18:27:09,729 [INFO] IPUIPlugin:80 - create IPUIPlugin
2024-01-19 18:27:09,729 [INFO] IPUIPlugin:80 - create IPUIPlugin
2024-01-19 18:27:09,729 [INFO] IPUIPlugin:80 - create IPUIPlugin
2024-01-19 18:27:09,730 [INFO] IPUIPlugin:80 - create IPUIPlugin
2024-01-19 18:27:09,730 [INFO] IPUIPlugin:80 - create IPUIPlugin
2024-01-19 18:27:09,730 [INFO] IPUIPlugin:80 - create IPUIPlugin
2024-01-19 18:27:09,730 [INFO] IPUIPlugin:80 - create IPUIPlugin
2024-01-19 18:27:09,730 [INFO] IPUIPlugin:80 - create IPUIPlugin
2024-01-19 18:27:09,731 [INFO] IPUIPlugin:80 - create IPUIPlugin
2024-01-19 18:27:09,731 [INFO] IPUIPlugin:80 - create IPUIPlugin
2024-01-19 18:27:09,731 [INFO] IPUIPlugin:80 - create IPUIPlugin
2024-01-19 18:27:09,731 [INFO] IPUIPlugin:80 - create IPUIPlugin
2024-01-19 18:27:09,740 [INFO] IPUIPlugin:80 - create IPUIPlugin
2024-01-19 18:27:09,740 [INFO] IPUIPlugin:80 - create IPUIPlugin
2024-01-19 18:27:09,740 [INFO] IPUIPlugin:80 - create IPUIPlugin
2024-01-19 18:27:09,740 [INFO] IPUIPlugin:80 - create IPUIPlugin
2024-01-19 18:27:09,741 [INFO] IPUIPlugin:80 - create IPUIPlugin
2024-01-19 18:27:09,741 [INFO] IPUIPlugin:80 - create IPUIPlugin
2024-01-19 18:27:09,741 [INFO] IPUIPlugin:80 - create IPUIPlugin
2024-01-19 18:27:09,741 [INFO] IPUIPlugin:80 - create IPUIPlugin
2024-01-19 18:27:09,741 [INFO] IPUIPlugin:80 - create IPUIPlugin
2024-01-19 18:27:09,742 [INFO] IPUIPlugin:80 - create IPUIPlugin
2024-01-19 18:27:09,742 [INFO] IPUIPlugin:80 - create IPUIPlugin
2024-01-19 18:27:09,742 [INFO] IPUIPlugin:80 - create IPUIPlugin
2024-01-19 18:27:09,742 [INFO] IPUIPlugin:80 - create IPUIPlugin
2024-01-19 18:27:09,742 [INFO] IPUIPlugin:80 - create IPUIPlugin
2024-01-19 18:27:09,743 [INFO] IPUIPlugin:80 - create IPUIPlugin
2024-01-19 18:27:09,743 [INFO] IPUIPlugin:80 - create IPUIPlugin
2024-01-19 18:27:09,743 [INFO] IPUIPlugin:80 - create IPUIPlugin
2024-01-19 18:27:09,743 [INFO] IPUIPlugin:80 - create IPUIPlugin
2024-01-19 18:27:09,744 [INFO] IPUIPlugin:80 - create IPUIPlugin
2024-01-19 18:27:09,744 [INFO] IPUIPlugin:80 - create IPUIPlugin
2024-01-19 18:27:09,744 [INFO] IPUIPlugin:80 - create IPUIPlugin
2024-01-19 18:27:09,745 [INFO] IPUIPlugin:80 - create IPUIPlugin
2024-01-19 18:27:09,745 [INFO] IPUIPlugin:80 - create IPUIPlugin
2024-01-19 18:27:09,745 [INFO] IPUIPlugin:80 - create IPUIPlugin
2024-01-19 18:27:09,745 [INFO] IPUIPlugin:80 - create IPUIPlugin
2024-01-19 18:27:09,746 [INFO] IPUIPlugin:80 - create IPUIPlugin
2024-01-19 18:27:09,746 [INFO] IPUIPlugin:80 - create IPUIPlugin
2024-01-19 18:27:09,746 [INFO] IPUIPlugin:80 - create IPUIPlugin
2024-01-19 18:27:09,747 [INFO] IPUIPlugin:80 - create IPUIPlugin
2024-01-19 18:27:09,747 [INFO] IPUIPlugin:80 - create IPUIPlugin
2024-01-19 18:27:09,748 [INFO] IPUIPlugin:80 - create IPUIPlugin
2024-01-19 18:27:09,748 [INFO] IPUIPlugin:80 - create IPUIPlugin
2024-01-19 18:27:09,748 [INFO] IPUIPlugin:80 - create IPUIPlugin
2024-01-19 18:27:09,749 [INFO] IPUIPlugin:80 - create IPUIPlugin
2024-01-19 18:27:09,749 [INFO] IPUIPlugin:80 - create IPUIPlugin
2024-01-19 18:27:09,749 [INFO] IPUIPlugin:80 - create IPUIPlugin
2024-01-19 18:27:09,750 [INFO] IPUIPlugin:80 - create IPUIPlugin
2024-01-19 18:27:09,751 [INFO] IPUIPlugin:80 - create IPUIPlugin
2024-01-19 18:27:09,751 [INFO] IPUIPlugin:80 - create IPUIPlugin
2024-01-19 18:27:09,752 [INFO] IPUIPlugin:80 - create IPUIPlugin
2024-01-19 18:27:10,022 [INFO] CADModel:165 - CPN selected for project levelSTM32L476RGT3
2024-01-19 18:27:10,023 [INFO] CADModel:114 - Register for checkConnection events
2024-01-19 18:27:10,085 [INFO] OpenFileManager:343 - Restore cursor
2024-01-19 18:27:53,021 [ERROR] LogOutputStream:75 - [STDERR_REDIRECT] 
