2024-04-12 14:56:22,150 [INFO] Activator:176 - 


2024-04-12 14:56:22,158 [INFO] Activator:177 - !SESSION log4j initialized
2024-04-12 14:56:31,983 [INFO] LogOutputStream:77 - [STDOUT_REDIRECT] 
2024-04-12 14:56:41,943 [INFO] ApplicationProperties:184 - Using Application install path: C:\ST\STM32CubeIDE_1.14.0\STM32CubeIDE\plugins\com.st.stm32cube.common.mx_6.10.0.202311202037
2024-04-12 14:56:41,977 [INFO] DbMcusXml:78 - Set database path to: C:\ST\STM32CubeIDE_1.14.0\STM32CubeIDE\plugins\com.st.stm32cube.common.mx_6.10.0.202311202037\\db\/mcu/
2024-04-12 14:56:41,978 [INFO] ApiDb:274 - Set plugin database path to: C:\ST\STM32CubeIDE_1.14.0\STM32CubeIDE\plugins\com.st.stm32cube.common.mx_6.10.0.202311202037\\db\/plugins/boardmanager/
2024-04-12 14:56:41,979 [WARN] ApiDb:259 - Overriding images path with different value:  => C:\ST\STM32CubeIDE_1.14.0\STM32CubeIDE\plugins\com.st.stm32cube.common.mx_6.10.0.202311202037\\db\/plugins/mcufinder/images/
2024-04-12 14:56:41,993 [INFO] ApiDb:250 - Set database path to: C:\Users\User\.stmcufinder\plugins\mcufinder//mcu/
2024-04-12 14:56:41,995 [INFO] DbMcusAds:125 - Set database path to: C:\Users\User\.stmcufinder\plugins\mcufinder//mcu/
2024-04-12 14:56:41,998 [INFO] CrossReferenceDbSqlite:203 - Set database path to: C:\Users\User\.stmcufinder\plugins\mcufinder//mcu/cs/
2024-04-12 14:56:42,311 [INFO] RulesReader:64 - Compatibility file has been processed (297 Rules)
2024-04-12 14:56:42,441 [INFO] DbMcusXml:78 - Set database path to: C:\ST\STM32CubeIDE_1.14.0\STM32CubeIDE\plugins\com.st.stm32cube.common.mx_6.10.0.202311202037\\db\/mcu/
2024-04-12 14:56:42,441 [INFO] ApiDb:274 - Set plugin database path to: C:\ST\STM32CubeIDE_1.14.0\STM32CubeIDE\plugins\com.st.stm32cube.common.mx_6.10.0.202311202037\\db\/plugins/boardmanager/
2024-04-12 14:56:42,441 [INFO] ApiDb:261 - Set plugin images path to: C:\ST\STM32CubeIDE_1.14.0\STM32CubeIDE\plugins\com.st.stm32cube.common.mx_6.10.0.202311202037\\db\/plugins/mcufinder/images/
2024-04-12 14:56:42,441 [WARN] DbFile:41 - Overriding database path with different value: C:\Users\User\.stmcufinder\plugins\mcufinder/ => C:\Users\User\.stmcufinder\plugins\mcufinder
2024-04-12 14:56:42,442 [INFO] ApiDb:250 - Set database path to: C:\Users\User\.stmcufinder\plugins\mcufinder//mcu/
2024-04-12 14:56:42,442 [WARN] DbFile:41 - Overriding database path with different value: C:\Users\User\.stmcufinder\plugins\mcufinder/ => C:\Users\User\.stmcufinder\plugins\mcufinder
2024-04-12 14:56:42,442 [INFO] DbMcusAds:125 - Set database path to: C:\Users\User\.stmcufinder\plugins\mcufinder//mcu/
2024-04-12 14:56:42,442 [WARN] DbFile:41 - Overriding database path with different value: C:\Users\User\.stmcufinder\plugins\mcufinder/ => C:\Users\User\.stmcufinder\plugins\mcufinder
2024-04-12 14:56:42,442 [WARN] DbFile:41 - Overriding database path with different value: C:\Users\User\.stmcufinder\plugins\mcufinder/ => C:\Users\User\.stmcufinder\plugins\mcufinder
2024-04-12 14:56:42,442 [INFO] CrossReferenceDbSqlite:203 - Set database path to: C:\Users\User\.stmcufinder\plugins\mcufinder//mcu/cs/
2024-04-12 14:56:42,568 [INFO] MainPanel:264 - HeapMemory: 268435456
2024-04-12 14:56:42,688 [INFO] DbMcusXml:78 - Set database path to: C:\ST\STM32CubeIDE_1.14.0\STM32CubeIDE\plugins\com.st.stm32cube.common.mx_6.10.0.202311202037\\db\/mcu/
2024-04-12 14:56:42,689 [INFO] ApiDb:274 - Set plugin database path to: C:\ST\STM32CubeIDE_1.14.0\STM32CubeIDE\plugins\com.st.stm32cube.common.mx_6.10.0.202311202037\\db\/plugins/boardmanager/
2024-04-12 14:56:42,689 [INFO] ApiDb:261 - Set plugin images path to: C:\ST\STM32CubeIDE_1.14.0\STM32CubeIDE\plugins\com.st.stm32cube.common.mx_6.10.0.202311202037\\db\/plugins/mcufinder/images/
2024-04-12 14:56:42,690 [WARN] DbFile:41 - Overriding database path with different value: C:\Users\User\.stmcufinder\plugins\mcufinder/ => C:\Users\User\.stmcufinder\plugins\mcufinder
2024-04-12 14:56:42,690 [INFO] ApiDb:250 - Set database path to: C:\Users\User\.stmcufinder\plugins\mcufinder//mcu/
2024-04-12 14:56:42,690 [WARN] DbFile:41 - Overriding database path with different value: C:\Users\User\.stmcufinder\plugins\mcufinder/ => C:\Users\User\.stmcufinder\plugins\mcufinder
2024-04-12 14:56:42,690 [INFO] DbMcusAds:125 - Set database path to: C:\Users\User\.stmcufinder\plugins\mcufinder//mcu/
2024-04-12 14:56:42,690 [WARN] DbFile:41 - Overriding database path with different value: C:\Users\User\.stmcufinder\plugins\mcufinder/ => C:\Users\User\.stmcufinder\plugins\mcufinder
2024-04-12 14:56:42,690 [WARN] DbFile:41 - Overriding database path with different value: C:\Users\User\.stmcufinder\plugins\mcufinder/ => C:\Users\User\.stmcufinder\plugins\mcufinder
2024-04-12 14:56:42,690 [INFO] CrossReferenceDbSqlite:203 - Set database path to: C:\Users\User\.stmcufinder\plugins\mcufinder//mcu/cs/
2024-04-12 14:56:42,713 [INFO] ApplicationProperties:184 - Using Application install path: C:\ST\STM32CubeIDE_1.14.0\STM32CubeIDE\plugins\com.st.stm32cube.common.mx_6.10.0.202311202037
2024-04-12 14:56:42,715 [INFO] PluginManage:196 - Search for loadable plugins [exclusion list=, ]
2024-04-12 14:56:42,716 [INFO] PluginManage:310 - Check plugin analytics
2024-04-12 14:56:47,502 [INFO] AnalyticsPlugin:253 - Accepted Software Licenses: 
2024-04-12 14:56:47,503 [INFO] AnalyticsPlugin:255 - Accepted CMSIS Pack Licenses: 
2024-04-12 14:56:47,503 [INFO] AnalyticsPlugin:257 - Accepted Firmware Licenses: 
2024-04-12 14:56:47,509 [INFO] PluginManage:359 - Loaded plugin analytics (category:tool,tabindex:-1)
2024-04-12 14:56:47,510 [INFO] PluginManage:310 - Check plugin cadmodel
2024-04-12 14:56:47,527 [INFO] CADModel:105 - Init CAD model plugin
2024-04-12 14:56:47,528 [INFO] PluginManage:359 - Loaded plugin cadmodel (category:power,tabindex:5)
2024-04-12 14:56:47,528 [INFO] PluginManage:310 - Check plugin clock
2024-04-12 14:56:47,552 [INFO] PluginManage:359 - Loaded plugin clock (category:base,tabindex:2)
2024-04-12 14:56:47,552 [INFO] PluginManage:310 - Check plugin ddr
2024-04-12 14:56:47,555 [INFO] PluginManage:359 - Loaded plugin ddr (category:tool,tabindex:6)
2024-04-12 14:56:47,555 [INFO] PluginManage:310 - Check plugin filemanager
2024-04-12 14:56:47,726 [INFO] PluginManage:359 - Loaded plugin filemanager (category:base,tabindex:10)
2024-04-12 14:56:47,726 [INFO] PluginManage:310 - Check plugin ipmanager
2024-04-12 14:56:47,734 [INFO] PluginManage:359 - Loaded plugin ipmanager (category:base,tabindex:5)
2024-04-12 14:56:47,734 [INFO] PluginManage:310 - Check plugin lpbam
2024-04-12 14:56:47,753 [INFO] PluginManage:359 - Loaded plugin lpbam (category:base,tabindex:0)
2024-04-12 14:56:47,753 [INFO] PluginManage:310 - Check plugin memorymap
2024-04-12 14:56:47,778 [INFO] PluginManage:359 - Loaded plugin memorymap (category:base,tabindex:4)
2024-04-12 14:56:47,778 [INFO] PluginManage:310 - Check plugin pinoutandconfiguration
2024-04-12 14:56:47,796 [INFO] PluginManage:359 - Loaded plugin pinoutandconfiguration (category:base,tabindex:1)
2024-04-12 14:56:47,796 [INFO] PluginManage:310 - Check plugin pinoutconfig
2024-04-12 14:56:47,916 [WARN] SupportedApi:132 - Cannot load RTOS API schema: s4s-elt-must-match.1: The content of 'definitions' must match (annotation?, (simpleType | complexType)?, (unique | key | keyref)*)). A problem was found starting at: attribute.
2024-04-12 14:56:48,088 [INFO] PluginManage:359 - Loaded plugin pinoutconfig (category:base,tabindex:0)
2024-04-12 14:56:48,088 [INFO] PluginManage:310 - Check plugin power
2024-04-12 14:56:48,115 [INFO] PluginManage:359 - Loaded plugin power (category:power,tabindex:4)
2024-04-12 14:56:48,115 [INFO] PluginManage:310 - Check plugin projectmanager
2024-04-12 14:56:48,138 [INFO] PluginManage:359 - Loaded plugin projectmanager (category:projectmanager,tabindex:3)
2024-04-12 14:56:48,138 [INFO] PluginManage:310 - Check plugin thirdparty
2024-04-12 14:56:48,465 [INFO] PluginManage:359 - Loaded plugin thirdparty (category:base,tabindex:-1)
2024-04-12 14:56:48,465 [WARN] IntegrityCheckThread:84 - waiting for thirdparty lock release [integrity check]
2024-04-12 14:56:48,465 [INFO] PluginManage:310 - Check plugin tools
2024-04-12 14:56:48,465 [INFO] IntegrityCheckThread:86 - entering critical section [integrity check]
2024-04-12 14:56:48,466 [INFO] ThirdPartyUpdaterWithRetryManager:70 - Updater plugin not ready yet. [1/15]
2024-04-12 14:56:48,511 [INFO] PluginManage:359 - Loaded plugin tools (category:base,tabindex:7)
2024-04-12 14:56:48,511 [INFO] PluginManage:310 - Check plugin tutovideos
2024-04-12 14:56:48,769 [INFO] PluginManage:359 - Loaded plugin tutovideos (category:base,tabindex:-1)
2024-04-12 14:56:48,770 [INFO] PluginManage:310 - Check plugin updater
2024-04-12 14:56:48,790 [INFO] PluginManage:359 - Loaded plugin updater (category:base,tabindex:12)
2024-04-12 14:56:48,795 [INFO] PluginManage:310 - Check plugin userauth
2024-04-12 14:56:48,803 [INFO] UserAuth:114 - Init User Auth plugin
2024-04-12 14:56:48,803 [INFO] PluginManage:359 - Loaded plugin userauth (category:base,tabindex:14)
2024-04-12 14:56:48,804 [INFO] PluginManage:283 - PluginManage : Loaded plugins [17]
2024-04-12 14:56:49,078 [INFO] PinOutPanel:1499 - setPackage(No Configuration,No Configuration)
2024-04-12 14:56:49,175 [INFO] CADModel:165 - CPN selected for project level
2024-04-12 14:56:49,176 [INFO] CADModel:114 - Register for checkConnection events
2024-04-12 14:56:49,204 [INFO] IPUIPlugin:80 - create IPUIPlugin
2024-04-12 14:56:49,204 [INFO] PluginManager:220 - loadIPPluginJar : add adc
2024-04-12 14:56:49,316 [INFO] IPUIPlugin:80 - create IPUIPlugin
2024-04-12 14:56:49,317 [INFO] PluginManager:220 - loadIPPluginJar : add aes
2024-04-12 14:56:49,379 [INFO] IPUIPlugin:80 - create IPUIPlugin
2024-04-12 14:56:49,379 [INFO] PluginManager:220 - loadIPPluginJar : add can
2024-04-12 14:56:49,407 [INFO] IPUIPlugin:80 - create IPUIPlugin
2024-04-12 14:56:49,407 [INFO] PluginManager:220 - loadIPPluginJar : add comp
2024-04-12 14:56:49,453 [INFO] IPUIPlugin:80 - create IPUIPlugin
2024-04-12 14:56:49,453 [INFO] PluginManager:220 - loadIPPluginJar : add cryp
2024-04-12 14:56:49,491 [INFO] IPUIPlugin:80 - create IPUIPlugin
2024-04-12 14:56:49,492 [INFO] PluginManager:220 - loadIPPluginJar : add dfsdm
2024-04-12 14:56:49,508 [INFO] IPUIPlugin:80 - create IPUIPlugin
2024-04-12 14:56:49,508 [INFO] PluginManager:220 - loadIPPluginJar : add dma
2024-04-12 14:56:49,563 [INFO] IPUIPlugin:80 - create IPUIPlugin
2024-04-12 14:56:49,563 [INFO] PluginManager:220 - loadIPPluginJar : add dma3
2024-04-12 14:56:49,586 [INFO] IPUIPlugin:80 - create IPUIPlugin
2024-04-12 14:56:49,586 [INFO] PluginManager:220 - loadIPPluginJar : add fatfs
2024-04-12 14:56:49,640 [INFO] IPUIPlugin:80 - create IPUIPlugin
2024-04-12 14:56:49,640 [INFO] PluginManager:220 - loadIPPluginJar : add fmc
2024-04-12 14:56:49,656 [INFO] IPUIPlugin:80 - create IPUIPlugin
2024-04-12 14:56:49,657 [INFO] PluginManager:220 - loadIPPluginJar : add freertos
2024-04-12 14:56:49,681 [INFO] IPUIPlugin:80 - create IPUIPlugin
2024-04-12 14:56:49,681 [INFO] PluginManager:220 - loadIPPluginJar : add genericplugin
2024-04-12 14:56:49,791 [INFO] IPUIPlugin:80 - create IPUIPlugin
2024-04-12 14:56:49,792 [INFO] PluginManager:220 - loadIPPluginJar : add gfxmmu
2024-04-12 14:56:49,948 [INFO] IPUIPlugin:80 - create IPUIPlugin
2024-04-12 14:56:49,948 [INFO] PluginManager:220 - loadIPPluginJar : add gic
2024-04-12 14:56:49,965 [INFO] IPUIPlugin:80 - create IPUIPlugin
2024-04-12 14:56:49,965 [INFO] PluginManager:220 - loadIPPluginJar : add gpio
2024-04-12 14:56:50,070 [INFO] IPUIPlugin:80 - create IPUIPlugin
2024-04-12 14:56:50,070 [INFO] PluginManager:220 - loadIPPluginJar : add gtzc
2024-04-12 14:56:50,111 [INFO] IPUIPlugin:80 - create IPUIPlugin
2024-04-12 14:56:50,111 [INFO] PluginManager:220 - loadIPPluginJar : add hash
2024-04-12 14:56:50,171 [INFO] IPUIPlugin:80 - create IPUIPlugin
2024-04-12 14:56:50,171 [INFO] PluginManager:220 - loadIPPluginJar : add i2c
2024-04-12 14:56:50,216 [INFO] IPUIPlugin:80 - create IPUIPlugin
2024-04-12 14:56:50,216 [INFO] PluginManager:220 - loadIPPluginJar : add i2s
2024-04-12 14:56:50,263 [INFO] IPUIPlugin:80 - create IPUIPlugin
2024-04-12 14:56:50,263 [INFO] PluginManager:220 - loadIPPluginJar : add i3c
2024-04-12 14:56:50,382 [INFO] IPUIPlugin:80 - create IPUIPlugin
2024-04-12 14:56:50,382 [INFO] PluginManager:220 - loadIPPluginJar : add ipddr
2024-04-12 14:56:50,489 [INFO] IPUIPlugin:80 - create IPUIPlugin
2024-04-12 14:56:50,489 [INFO] PluginManager:220 - loadIPPluginJar : add linkedlist
2024-04-12 14:56:50,528 [INFO] IPUIPlugin:80 - create IPUIPlugin
2024-04-12 14:56:50,528 [INFO] PluginManager:220 - loadIPPluginJar : add lorawan
2024-04-12 14:56:50,569 [INFO] IPUIPlugin:80 - create IPUIPlugin
2024-04-12 14:56:50,569 [INFO] PluginManager:220 - loadIPPluginJar : add ltdc
2024-04-12 14:56:50,585 [INFO] IPUIPlugin:80 - create IPUIPlugin
2024-04-12 14:56:50,585 [INFO] PluginManager:220 - loadIPPluginJar : add mdma
2024-04-12 14:56:50,598 [INFO] IPUIPlugin:80 - create IPUIPlugin
2024-04-12 14:56:50,599 [INFO] PluginManager:220 - loadIPPluginJar : add nvic
2024-04-12 14:56:50,636 [INFO] IPUIPlugin:80 - create IPUIPlugin
2024-04-12 14:56:50,637 [INFO] PluginManager:220 - loadIPPluginJar : add opamp
2024-04-12 14:56:50,770 [INFO] IPUIPlugin:80 - create IPUIPlugin
2024-04-12 14:56:50,770 [INFO] PluginManager:220 - loadIPPluginJar : add openamp
2024-04-12 14:56:51,041 [INFO] IPUIPlugin:80 - create IPUIPlugin
2024-04-12 14:56:51,041 [INFO] PluginManager:220 - loadIPPluginJar : add pdm2pcm
2024-04-12 14:56:51,063 [INFO] IPUIPlugin:80 - create IPUIPlugin
2024-04-12 14:56:51,068 [INFO] PluginManager:220 - loadIPPluginJar : add plateformsettings
2024-04-12 14:56:51,107 [INFO] IPUIPlugin:80 - create IPUIPlugin
2024-04-12 14:56:51,108 [INFO] PluginManager:220 - loadIPPluginJar : add quadspi
2024-04-12 14:56:51,140 [INFO] IPUIPlugin:80 - create IPUIPlugin
2024-04-12 14:56:51,140 [INFO] PluginManager:220 - loadIPPluginJar : add resmgrutility
2024-04-12 14:56:51,247 [INFO] IPUIPlugin:80 - create IPUIPlugin
2024-04-12 14:56:51,247 [INFO] PluginManager:220 - loadIPPluginJar : add sai
2024-04-12 14:56:51,461 [INFO] IPUIPlugin:80 - create IPUIPlugin
2024-04-12 14:56:51,461 [INFO] PluginManager:220 - loadIPPluginJar : add spi
2024-04-12 14:56:51,485 [INFO] ThirdPartyUpdaterWithRetryManager:70 - Updater plugin not ready yet. [2/15]
2024-04-12 14:56:52,158 [INFO] IPUIPlugin:80 - create IPUIPlugin
2024-04-12 14:56:52,158 [INFO] PluginManager:220 - loadIPPluginJar : add stm32_wpan
2024-04-12 14:56:52,308 [INFO] IPUIPlugin:80 - create IPUIPlugin
2024-04-12 14:56:52,308 [INFO] PluginManager:220 - loadIPPluginJar : add tim
2024-04-12 14:56:52,501 [INFO] IPUIPlugin:80 - create IPUIPlugin
2024-04-12 14:56:52,501 [INFO] PluginManager:220 - loadIPPluginJar : add touchsensing
2024-04-12 14:56:52,571 [INFO] IPUIPlugin:80 - create IPUIPlugin
2024-04-12 14:56:52,571 [INFO] PluginManager:220 - loadIPPluginJar : add tracer_emb
2024-04-12 14:56:52,616 [INFO] IPUIPlugin:80 - create IPUIPlugin
2024-04-12 14:56:52,616 [INFO] PluginManager:220 - loadIPPluginJar : add ts
2024-04-12 14:56:52,648 [INFO] IPUIPlugin:80 - create IPUIPlugin
2024-04-12 14:56:52,649 [INFO] PluginManager:220 - loadIPPluginJar : add tsc
2024-04-12 14:56:52,716 [INFO] IPUIPlugin:80 - create IPUIPlugin
2024-04-12 14:56:52,716 [INFO] PluginManager:220 - loadIPPluginJar : add ucpd
2024-04-12 14:56:52,831 [INFO] IPUIPlugin:80 - create IPUIPlugin
2024-04-12 14:56:52,831 [INFO] PluginManager:220 - loadIPPluginJar : add usart
2024-04-12 14:56:52,930 [INFO] IPUIPlugin:80 - create IPUIPlugin
2024-04-12 14:56:52,931 [INFO] PluginManager:220 - loadIPPluginJar : add usbx
2024-04-12 14:56:53,257 [INFO] CADModel:165 - CPN selected for project level
2024-04-12 14:56:53,257 [INFO] CADModel:114 - Register for checkConnection events
2024-04-12 14:56:53,260 [FATAL] Updater:308 - Updater called before beeing initialized
2024-04-12 14:56:53,265 [ERROR] CADModel:125 - Updater not yet initialized, retry later 
2024-04-12 14:56:53,511 [INFO] CADModel:165 - CPN selected for project level
2024-04-12 14:56:53,511 [INFO] CADModel:114 - Register for checkConnection events
2024-04-12 14:56:53,511 [FATAL] Updater:308 - Updater called before beeing initialized
2024-04-12 14:56:53,511 [ERROR] CADModel:125 - Updater not yet initialized, retry later 
2024-04-12 14:56:53,516 [FATAL] Updater:308 - Updater called before beeing initialized
